Log file open, 03/20/18 21:07:47
LogWindows: Failed to load 'aqProf.dll' (GetLastError=126)
LogWindows: File 'aqProf.dll' does not exist
LogWindows: Failed to load 'VtuneApi.dll' (GetLastError=126)
LogWindows: File 'VtuneApi.dll' does not exist
LogWindows: Failed to load 'VtuneApi32e.dll' (GetLastError=126)
LogWindows: File 'VtuneApi32e.dll' does not exist
LogInit: Display: Running engine for game: RiseOfArctorun
LogPlatformFile: Not using cached read wrapper
LogInit: Display: RandInit(205820906) SRandInit(205820906).
LogInit: Read version file with build ID '3709383'
LogInit: Overriding engine version to CL 3832480, compatible CL 3709383
LogInit: Registered custom module enumerator with build ID '3709383'
LogTaskGraph: Started task graph with 5 named threads and 14 total threads with 3 sets of task threads.
LogStats: Stats thread started at 1.717492
LogD3D11RHI: Aftermath initialized
LogModuleManager: Display: Found up-to-date module file ../../../Engine/Plugins/2D/Paper2D/Binaries/Win64/UE4Editor-Paper2D.dll (API version 3709383).
LogModuleManager: Display: Found up-to-date module file ../../../Engine/Plugins/2D/Paper2D/Binaries/Win64/UE4Editor-Paper2DEditor.dll (API version 3709383).
LogModuleManager: Display: Found up-to-date module file ../../../Engine/Plugins/2D/Paper2D/Binaries/Win64/UE4Editor-PaperSpriteSheetImporter.dll (API version 3709383).
LogModuleManager: Display: Found up-to-date module file ../../../Engine/Plugins/2D/Paper2D/Binaries/Win64/UE4Editor-PaperTiledImporter.dll (API version 3709383).
LogModuleManager: Display: Found up-to-date module file ../../../Engine/Plugins/2D/Paper2D/Binaries/Win64/UE4Editor-SmartSnapping.dll (API version 3709383).
LogModuleManager: Display: Found up-to-date module file ../../../Engine/Plugins/Blendables/LightPropagationVolume/Binaries/Win64/UE4Editor-LightPropagationVolumeRuntime.dll (API version 3709383).
LogModuleManager: Display: Found up-to-date module file ../../../Engine/Plugins/Blendables/LightPropagationVolume/Binaries/Win64/UE4Editor-LightPropagationVolumeEditor.dll (API version 3709383).
LogModuleManager: Display: Found up-to-date module file ../../../Engine/Plugins/Developer/GitSourceControl/Binaries/Win64/UE4Editor-GitSourceControl.dll (API version 3709383).
LogModuleManager: Display: Found up-to-date module file ../../../Engine/Plugins/Developer/PerforceSourceControl/Binaries/Win64/UE4Editor-PerforceSourceControl.dll (API version 3709383).
LogModuleManager: Display: Found up-to-date module file ../../../Engine/Plugins/Developer/SubversionSourceControl/Binaries/Win64/UE4Editor-SubversionSourceControl.dll (API version 3709383).
LogModuleManager: Display: Found up-to-date module file ../../../Engine/Plugins/Developer/UObjectPlugin/Binaries/Win64/UE4Editor-UObjectPlugin.dll (API version 3709383).
LogModuleManager: Display: Found up-to-date module file ../../../Engine/Plugins/Developer/VisualStudioCodeSourceCodeAccess/Binaries/Win64/UE4Editor-VisualStudioCodeSourceCodeAccess.dll (API version 3709383).
LogModuleManager: Display: Found up-to-date module file ../../../Engine/Plugins/Developer/VisualStudioSourceCodeAccess/Binaries/Win64/UE4Editor-VisualStudioSourceCodeAccess.dll (API version 3709383).
LogModuleManager: Display: Found up-to-date module file ../../../Engine/Plugins/Editor/AssetManagerEditor/Binaries/Win64/UE4Editor-AssetManagerEditor.dll (API version 3709383).
LogModuleManager: Display: Found up-to-date module file ../../../Engine/Plugins/Editor/AudioCapture/Binaries/Win64/UE4Editor-AudioCapture.dll (API version 3709383).
LogModuleManager: Display: Found up-to-date module file ../../../Engine/Plugins/Editor/FacialAnimation/Binaries/Win64/UE4Editor-FacialAnimation.dll (API version 3709383).
LogModuleManager: Display: Found up-to-date module file ../../../Engine/Plugins/Editor/FacialAnimation/Binaries/Win64/UE4Editor-FacialAnimationEditor.dll (API version 3709383).
LogModuleManager: Display: Found up-to-date module file ../../../Engine/Plugins/Editor/GameplayTagsEditor/Binaries/Win64/UE4Editor-GameplayTagsEditor.dll (API version 3709383).
LogModuleManager: Display: Found up-to-date module file ../../../Engine/Plugins/Editor/MobileLauncherProfileWizard/Binaries/Win64/UE4Editor-MobileLauncherProfileWizard.dll (API version 3709383).
LogModuleManager: Display: Found up-to-date module file ../../../Engine/Plugins/Editor/PluginBrowser/Binaries/Win64/UE4Editor-PluginBrowser.dll (API version 3709383).
LogModuleManager: Display: Found up-to-date module file ../../../Engine/Plugins/Editor/SpeedTreeImporter/Binaries/Win64/UE4Editor-SpeedTreeImporter.dll (API version 3709383).
LogModuleManager: Display: Found up-to-date module file ../../../Engine/Plugins/Experimental/AlembicImporter/Binaries/Win64/UE4Editor-AlembicImporter.dll (API version 3709383).
LogModuleManager: Display: Found up-to-date module file ../../../Engine/Plugins/Experimental/AlembicImporter/Binaries/Win64/UE4Editor-AlembicLibrary.dll (API version 3709383).
LogModuleManager: Display: Found up-to-date module file ../../../Engine/Plugins/Experimental/CharacterAI/Binaries/Win64/UE4Editor-CharacterAI.dll (API version 3709383).
LogModuleManager: Display: Found up-to-date module file ../../../Engine/Plugins/Experimental/HTML5Networking/Binaries/Win64/UE4Editor-HTML5Networking.dll (API version 3709383).
LogModuleManager: Display: Found up-to-date module file ../../../Engine/Plugins/Media/AndroidMedia/Binaries/Win64/UE4Editor-AndroidMediaEditor.dll (API version 3709383).
LogModuleManager: Display: Found up-to-date module file ../../../Engine/Plugins/Media/AndroidMedia/Binaries/Win64/UE4Editor-AndroidMediaFactory.dll (API version 3709383).
LogModuleManager: Display: Found up-to-date module file ../../../Engine/Plugins/Media/AvfMedia/Binaries/Win64/UE4Editor-AvfMediaEditor.dll (API version 3709383).
LogModuleManager: Display: Found up-to-date module file ../../../Engine/Plugins/Media/AvfMedia/Binaries/Win64/UE4Editor-AvfMediaFactory.dll (API version 3709383).
LogModuleManager: Display: Found up-to-date module file ../../../Engine/Plugins/Media/AvfMedia/Binaries/Win64/UE4Editor-AvfMediaFactory.dll (API version 3709383).
LogModuleManager: Display: Found up-to-date module file ../../../Engine/Plugins/Media/ImgMedia/Binaries/Win64/UE4Editor-ImgMedia.dll (API version 3709383).
LogModuleManager: Display: Found up-to-date module file ../../../Engine/Plugins/Media/ImgMedia/Binaries/Win64/UE4Editor-ImgMediaEditor.dll (API version 3709383).
LogModuleManager: Display: Found up-to-date module file ../../../Engine/Plugins/Media/ImgMedia/Binaries/Win64/UE4Editor-ImgMediaFactory.dll (API version 3709383).
LogModuleManager: Display: Found up-to-date module file ../../../Engine/Plugins/Media/ImgMedia/Binaries/Win64/UE4Editor-ImgMediaFactory.dll (API version 3709383).
LogModuleManager: Display: Found up-to-date module file ../../../Engine/Plugins/Media/ImgMedia/Binaries/Win64/UE4Editor-OpenExrWrapper.dll (API version 3709383).
LogModuleManager: Display: Found up-to-date module file ../../../Engine/Plugins/Media/MediaCompositing/Binaries/Win64/UE4Editor-MediaCompositing.dll (API version 3709383).
LogModuleManager: Display: Found up-to-date module file ../../../Engine/Plugins/Media/MediaCompositing/Binaries/Win64/UE4Editor-MediaCompositingEditor.dll (API version 3709383).
LogModuleManager: Display: Found up-to-date module file ../../../Engine/Plugins/Media/MediaPlayerEditor/Binaries/Win64/UE4Editor-MediaPlayerEditor.dll (API version 3709383).
LogModuleManager: Display: Found up-to-date module file ../../../Engine/Plugins/Media/WmfMedia/Binaries/Win64/UE4Editor-WmfMedia.dll (API version 3709383).
LogModuleManager: Display: Found up-to-date module file ../../../Engine/Plugins/Media/WmfMedia/Binaries/Win64/UE4Editor-WmfMediaEditor.dll (API version 3709383).
LogModuleManager: Display: Found up-to-date module file ../../../Engine/Plugins/Media/WmfMedia/Binaries/Win64/UE4Editor-WmfMediaFactory.dll (API version 3709383).
LogModuleManager: Display: Found up-to-date module file ../../../Engine/Plugins/Media/WmfMedia/Binaries/Win64/UE4Editor-WmfMediaFactory.dll (API version 3709383).
LogModuleManager: Display: Found up-to-date module file ../../../Engine/Plugins/Messaging/TcpMessaging/Binaries/Win64/UE4Editor-TcpMessaging.dll (API version 3709383).
LogModuleManager: Display: Found up-to-date module file ../../../Engine/Plugins/Messaging/UdpMessaging/Binaries/Win64/UE4Editor-UdpMessaging.dll (API version 3709383).
LogModuleManager: Display: Found up-to-date module file ../../../Engine/Plugins/MovieScene/ActorSequence/Binaries/Win64/UE4Editor-ActorSequence.dll (API version 3709383).
LogModuleManager: Display: Found up-to-date module file ../../../Engine/Plugins/MovieScene/LevelSequenceEditor/Binaries/Win64/UE4Editor-LevelSequenceEditor.dll (API version 3709383).
LogModuleManager: Display: Found up-to-date module file ../../../Engine/Plugins/MovieScene/MatineeToLevelSequence/Binaries/Win64/UE4Editor-MatineeToLevelSequence.dll (API version 3709383).
LogModuleManager: Display: Found up-to-date module file ../../../Engine/Plugins/Online/OnlineSubsystem/Binaries/Win64/UE4Editor-OnlineSubsystem.dll (API version 3709383).
LogModuleManager: Display: Found up-to-date module file ../../../Engine/Plugins/Runtime/AndroidPermission/Binaries/Win64/UE4Editor-AndroidPermission.dll (API version 3709383).
LogModuleManager: Display: Found up-to-date module file ../../../Engine/Plugins/Online/OnlineSubsystemNull/Binaries/Win64/UE4Editor-OnlineSubsystemNull.dll (API version 3709383).
LogModuleManager: Display: Found up-to-date module file ../../../Engine/Plugins/Online/OnlineSubsystemUtils/Binaries/Win64/UE4Editor-OnlineSubsystemUtils.dll (API version 3709383).
LogModuleManager: Display: Found up-to-date module file ../../../Engine/Plugins/Online/OnlineSubsystemUtils/Binaries/Win64/UE4Editor-OnlineBlueprintSupport.dll (API version 3709383).
LogModuleManager: Display: Found up-to-date module file ../../../Engine/Plugins/Runtime/AndroidDeviceProfileSelector/Binaries/Win64/UE4Editor-AndroidDeviceProfileSelector.dll (API version 3709383).
LogModuleManager: Display: Found up-to-date module file ../../../Engine/Plugins/Runtime/AppleARKit/Binaries/Win64/UE4Editor-AppleARKit.dll (API version 3709383).
LogModuleManager: Display: Found up-to-date module file ../../../Engine/Plugins/Runtime/ArchVisCharacter/Binaries/Win64/UE4Editor-ArchVisCharacter.dll (API version 3709383).
LogModuleManager: Display: Found up-to-date module file ../../../Engine/Plugins/Runtime/CableComponent/Binaries/Win64/UE4Editor-CableComponent.dll (API version 3709383).
LogModuleManager: Display: Found up-to-date module file ../../../Engine/Plugins/Runtime/CustomMeshComponent/Binaries/Win64/UE4Editor-CustomMeshComponent.dll (API version 3709383).
LogModuleManager: Display: Found up-to-date module file ../../../Engine/Plugins/Runtime/ExampleDeviceProfileSelector/Binaries/Win64/UE4Editor-ExampleDeviceProfileSelector.dll (API version 3709383).
LogModuleManager: Display: Found up-to-date module file ../../../Engine/Plugins/Runtime/ImmediatePhysics/Binaries/Win64/UE4Editor-ImmediatePhysics.dll (API version 3709383).
LogModuleManager: Display: Found up-to-date module file ../../../Engine/Plugins/Runtime/ImmediatePhysics/Binaries/Win64/UE4Editor-ImmediatePhysicsEditor.dll (API version 3709383).
LogModuleManager: Display: Found up-to-date module file ../../../Engine/Plugins/Runtime/LocationServicesBPLibrary/Binaries/Win64/UE4Editor-LocationServicesBPLibrary.dll (API version 3709383).
LogModuleManager: Display: Found up-to-date module file ../../../Engine/Plugins/Runtime/MobilePatchingUtils/Binaries/Win64/UE4Editor-MobilePatchingUtils.dll (API version 3709383).
LogModuleManager: Display: Found up-to-date module file ../../../Engine/Plugins/Runtime/Oculus/OculusVR/Binaries/Win64/UE4Editor-OculusHMD.dll (API version 3709383).
LogModuleManager: Display: Found up-to-date module file ../../../Engine/Plugins/Runtime/Oculus/OculusVR/Binaries/Win64/UE4Editor-OculusInput.dll (API version 3709383).
LogModuleManager: Display: Found up-to-date module file ../../../Engine/Plugins/Runtime/Oculus/OculusVR/Binaries/Win64/UE4Editor-OculusEditor.dll (API version 3709383).
LogModuleManager: Display: Found up-to-date module file ../../../Engine/Plugins/Runtime/PhysXVehicles/Binaries/Win64/UE4Editor-PhysXVehicles.dll (API version 3709383).
LogModuleManager: Display: Found up-to-date module file ../../../Engine/Plugins/Runtime/PhysXVehicles/Binaries/Win64/UE4Editor-PhysXVehiclesEditor.dll (API version 3709383).
LogModuleManager: Display: Found up-to-date module file ../../../Engine/Plugins/Runtime/ProceduralMeshComponent/Binaries/Win64/UE4Editor-ProceduralMeshComponent.dll (API version 3709383).
LogModuleManager: Display: Found up-to-date module file ../../../Engine/Plugins/Runtime/ProceduralMeshComponent/Binaries/Win64/UE4Editor-ProceduralMeshComponentEditor.dll (API version 3709383).
LogModuleManager: Display: Found up-to-date module file ../../../Engine/Plugins/Runtime/RuntimePhysXCooking/Binaries/Win64/UE4Editor-RuntimePhysXCooking.dll (API version 3709383).
LogModuleManager: Display: Found up-to-date module file ../../../Engine/Plugins/Runtime/Steam/SteamVR/Binaries/Win64/UE4Editor-SteamVR.dll (API version 3709383).
LogModuleManager: Display: Found up-to-date module file ../../../Engine/Plugins/Runtime/Steam/SteamVR/Binaries/Win64/UE4Editor-SteamVRController.dll (API version 3709383).
LogModuleManager: Display: Found up-to-date module file ../../../Engine/Plugins/Runtime/WindowsMoviePlayer/Binaries/Win64/UE4Editor-WindowsMoviePlayer.dll (API version 3709383).
LogPluginManager: Mounting plugin Paper2D
LogPluginManager: Mounting plugin LightPropagationVolume
LogPluginManager: Mounting plugin CodeLiteSourceCodeAccess
LogPluginManager: Mounting plugin GitSourceControl
LogPluginManager: Mounting plugin KDevelopSourceCodeAccess
LogPluginManager: Mounting plugin NullSourceCodeAccess
LogPluginManager: Mounting plugin PerforceSourceControl
LogPluginManager: Mounting plugin SubversionSourceControl
LogPluginManager: Mounting plugin UObjectPlugin
LogPluginManager: Mounting plugin VisualStudioCodeSourceCodeAccess
LogPluginManager: Mounting plugin VisualStudioSourceCodeAccess
LogPluginManager: Mounting plugin XCodeSourceCodeAccess
LogPluginManager: Mounting plugin AssetManagerEditor
LogPluginManager: Mounting plugin AudioCapture
LogPluginManager: Mounting plugin FacialAnimation
LogPluginManager: Mounting plugin GameplayTagsEditor
LogPluginManager: Mounting plugin MobileLauncherProfileWizard
LogPluginManager: Mounting plugin PluginBrowser
LogPluginManager: Mounting plugin SpeedTreeImporter
LogPluginManager: Mounting plugin AlembicImporter
LogPluginManager: Mounting plugin CharacterAI
LogPluginManager: Mounting plugin HTML5Networking
LogPluginManager: Mounting plugin AndroidMedia
LogPluginManager: Mounting plugin AvfMedia
LogPluginManager: Mounting plugin ImgMedia
LogPluginManager: Mounting plugin MediaCompositing
LogPluginManager: Mounting plugin MediaPlayerEditor
LogPluginManager: Mounting plugin WmfMedia
LogPluginManager: Mounting plugin TcpMessaging
LogPluginManager: Mounting plugin UdpMessaging
LogPluginManager: Mounting plugin ActorSequence
LogPluginManager: Mounting plugin LevelSequenceEditor
LogPluginManager: Mounting plugin MatineeToLevelSequence
LogPluginManager: Mounting plugin OnlineSubsystemGooglePlay
LogPluginManager: Mounting plugin OnlineSubsystemIOS
LogPluginManager: Mounting plugin OnlineSubsystem
LogPluginManager: Mounting plugin OnlineSubsystemNull
LogPluginManager: Mounting plugin OnlineSubsystemUtils
LogPluginManager: Mounting plugin AndroidDeviceProfileSelector
LogPluginManager: Mounting plugin AndroidMoviePlayer
LogPluginManager: Mounting plugin AndroidPermission
LogPluginManager: Mounting plugin AppleARKit
LogPluginManager: Mounting plugin AppleMoviePlayer
LogPluginManager: Mounting plugin ArchVisCharacter
LogPluginManager: Mounting plugin CableComponent
LogPluginManager: Mounting plugin CustomMeshComponent
LogPluginManager: Mounting plugin ExampleDeviceProfileSelector
LogPluginManager: Mounting plugin GoogleCloudMessaging
LogPluginManager: Mounting plugin ImmediatePhysics
LogPluginManager: Mounting plugin IOSDeviceProfileSelector
LogPluginManager: Mounting plugin LinuxDeviceProfileSelector
LogPluginManager: Mounting plugin LocationServicesBPLibrary
LogPluginManager: Mounting plugin MobilePatchingUtils
LogPluginManager: Mounting plugin OculusVR
LogPluginManager: Plugin shader directory ../../../Engine/Plugins/Runtime/Oculus/OculusVR/Shaders found
LogPluginManager: Mapping shader source directory ../../../Engine/Plugins/Runtime/Oculus/OculusVR/Shaders to virtual directory /Plugin/OculusVR
LogPluginManager: Mounting plugin PhysXVehicles
LogPluginManager: Mounting plugin ProceduralMeshComponent
LogPluginManager: Mounting plugin RuntimePhysXCooking
LogPluginManager: Mounting plugin SteamVR
LogPluginManager: Mounting plugin WindowsMoviePlayer
LogInit: Using libcurl 7.47.1
LogInit:  - built for x86_64-pc-win32
LogInit:  - supports SSL with OpenSSL/1.0.2g
LogInit:  - supports HTTP deflate (compression) using libz 1.2.8
LogInit:  - other features:
LogInit:      CURL_VERSION_SSL
LogInit:      CURL_VERSION_LIBZ
LogInit:      CURL_VERSION_IPV6
LogInit:      CURL_VERSION_ASYNCHDNS
LogInit:      CURL_VERSION_LARGEFILE
LogInit:      CURL_VERSION_IDN
LogInit:  CurlRequestOptions (configurable via config and command line):
LogInit:  - bVerifyPeer = false  - Libcurl will NOT verify peer certificate
LogInit:  - bUseHttpProxy = false  - Libcurl will NOT use HTTP proxy
LogInit:  - bDontReuseConnections = false  - Libcurl will reuse connections
LogInit:  - CertBundlePath = nullptr  - Libcurl will use whatever was configured at build time.
LogInit: Build: ++UE4+Release-4.18-CL-3832480
LogInit: Engine Version: 4.18.3-3832480+++UE4+Release-4.18
LogInit: Compatible Engine Version: 4.18.0-3709383+++UE4+Release-4.18
LogInit: Net CL: 3709383
LogDevObjectVersion: Number of dev versions registered: 16
LogDevObjectVersion:   Dev-Blueprints (B0D832E4-1F89-4F0D-ACCF-7EB736FD4AA2): 10
LogDevObjectVersion:   Dev-Build (E1C64328-A22C-4D53-A36C-8E866417BD8C): 0
LogDevObjectVersion:   Dev-Core (375EC13C-06E4-48FB-B500-84F0262A717E): 2
LogDevObjectVersion:   Dev-Editor (E4B068ED-F494-42E9-A231-DA0B2E46BB41): 20
LogDevObjectVersion:   Dev-Framework (CFFC743F-43B0-4480-9391-14DF171D2073): 30
LogDevObjectVersion:   Dev-Mobile (B02B49B5-BB20-44E9-A304-32B752E40360): 0
LogDevObjectVersion:   Dev-Networking (A4E4105C-59A1-49B5-A7C5-40C4547EDFEE): 0
LogDevObjectVersion:   Dev-Online (39C831C9-5AE6-47DC-9A44-9C173E1C8E7C): 0
LogDevObjectVersion:   Dev-Physics (78F01B33-EBEA-4F98-B9B4-84EACCB95AA2): 0
LogDevObjectVersion:   Dev-Platform (6631380F-2D4D-43E0-8009-CF276956A95A): 0
LogDevObjectVersion:   Dev-Rendering (12F88B9F-8875-4AFC-A67C-D90C383ABD29): 20
LogDevObjectVersion:   Dev-Sequencer (7B5AE74C-D270-4C10-A958-57980B212A5A): 4
LogDevObjectVersion:   Dev-VR (D7296918-1DD6-4BDD-9DE2-64A83CC13884): 0
LogDevObjectVersion:   Dev-LoadTimes (C2A15278-BFE7-4AFE-6C17-90FF531DF755): 1
LogDevObjectVersion:   Private-Geometry (6EACA3D4-40EC-4CC1-B786-8BED09428FC5): 1
LogDevObjectVersion:   Dev-AnimPhys (29E575DD-E0A3-4627-9D10-D276232CDCEA): 12
LogInit: Compiled (64-bit): Jan 12 2018 02:04:55
LogInit: Compiled with Visual C++: 19.00.24215.01
LogInit: Build Configuration: Development
LogInit: Branch Name: ++UE4+Release-4.18
LogInit: Command line:  
LogInit: Base directory: D:/Unreal Engine 4/UE_4.18/Engine/Binaries/Win64/
LogInit: Installed Engine Build: 1
LogInit: Presizing for max 8388607 objects, including 0 objects not considered by GC, pre-allocating 0 bytes for permanent pool.
LogInit: Object subsystem initialized
[2018.03.21-04.07.48:647][  0]LogInit: Selected Device Profile: [Windows]
[2018.03.21-04.07.48:647][  0]LogInit: Applying CVar settings loaded from the selected device profile: [Windows]
[2018.03.21-04.07.48:690][  0]LogInit: Computer: LAPTOP-BHO2KMSR
[2018.03.21-04.07.48:690][  0]LogInit: User: calgo
[2018.03.21-04.07.48:691][  0]LogInit: CPU Page size=4096, Cores=4
[2018.03.21-04.07.48:691][  0]LogInit: High frequency timer resolution =2.531253 MHz
[2018.03.21-04.07.48:691][  0]LogMemory: Memory total: Physical=15.9GB (16GB approx)
[2018.03.21-04.07.48:691][  0]LogMemory: Platform Memory Stats for Windows
[2018.03.21-04.07.48:691][  0]LogMemory: Process Physical Memory: 274.77 MB used, 274.77 MB peak
[2018.03.21-04.07.48:691][  0]LogMemory: Process Virtual Memory: 271.91 MB used, 271.91 MB peak
[2018.03.21-04.07.48:691][  0]LogMemory: Physical Memory: 8330.55 MB used,  7945.62 MB free, 16276.17 MB total
[2018.03.21-04.07.48:691][  0]LogMemory: Virtual Memory: 685.12 MB used,  7945.62 MB free, 134217728.00 MB total
[2018.03.21-04.07.48:853][  0]LogInit: Using OS detected language (en-US).
[2018.03.21-04.07.48:853][  0]LogInit: Using OS detected locale (en-US).
[2018.03.21-04.07.48:857][  0]LogTextLocalizationManager: No specific localization for 'en-US' exists, so the 'en' localization will be used.
[2018.03.21-04.07.49:439][  0]LogInit: Setting process to per monitor DPI aware
[2018.03.21-04.07.49:817][  0]LogD3D11RHI: D3D11 adapters:
[2018.03.21-04.07.49:885][  0]LogD3D11RHI:    0. 'NVIDIA GeForce GTX 1060' (Feature Level 11_0)
[2018.03.21-04.07.49:885][  0]LogD3D11RHI:       6061/0/8138 MB DedicatedVideo/DedicatedSystem/SharedSystem, Outputs:1, VendorId:0x10de
[2018.03.21-04.07.49:900][  0]LogD3D11RHI:    1. 'Intel(R) HD Graphics 530' (Feature Level 11_0)
[2018.03.21-04.07.49:900][  0]LogD3D11RHI:       128/0/8138 MB DedicatedVideo/DedicatedSystem/SharedSystem, Outputs:0, VendorId:0x8086
[2018.03.21-04.07.49:903][  0]LogD3D11RHI:    2. 'Microsoft Basic Render Driver' (Feature Level 11_0)
[2018.03.21-04.07.49:903][  0]LogD3D11RHI:       0/0/8138 MB DedicatedVideo/DedicatedSystem/SharedSystem, Outputs:0, VendorId:0x1414
[2018.03.21-04.07.49:903][  0]LogD3D11RHI: Chosen D3D11 Adapter: 0
[2018.03.21-04.07.49:916][  0]LogD3D11RHI: Creating new Direct3DDevice
[2018.03.21-04.07.49:916][  0]LogD3D11RHI:     GPU DeviceId: 0x1c20 (for the marketing name, search the web for "GPU Device Id")
[2018.03.21-04.07.49:916][  0]LogWindows: EnumDisplayDevices:
[2018.03.21-04.07.49:916][  0]LogWindows:    0. 'Intel(R) HD Graphics 530' (P:1 D:1)
[2018.03.21-04.07.49:917][  0]LogWindows:    1. 'Intel(R) HD Graphics 530' (P:0 D:0)
[2018.03.21-04.07.49:917][  0]LogWindows:    2. 'Intel(R) HD Graphics 530' (P:0 D:0)
[2018.03.21-04.07.49:917][  0]LogWindows:    3. 'NVIDIA GeForce GTX 1060' (P:0 D:0)
[2018.03.21-04.07.49:917][  0]LogWindows: DebugString: GetVideoDriverDetailsInvalid PrimaryIsNotTheChoosenAdapter GetVideoDriverDetailsInvalid PrimaryIsNotTheChoosenAdapter GetVideoDriverDetailsInvalid PrimaryIsNotTheChoosenAdapter GetVideoDriverDetailsInvalid PrimaryIsNotTheChoosenAdapter FoundDriverCount:0 
[2018.03.21-04.07.49:917][  0]LogD3D11RHI:     Adapter Name: NVIDIA GeForce GTX 1060
[2018.03.21-04.07.49:917][  0]LogD3D11RHI:   Driver Version: Unknown (internal:Unknown, unified:Unknown)
[2018.03.21-04.07.49:917][  0]LogD3D11RHI:      Driver Date: Unknown
[2018.03.21-04.07.49:917][  0]LogRHI: Texture pool is 4242 MB (70% of 6061 MB)
[2018.03.21-04.07.49:960][  0]LogD3D11RHI: Async texture creation enabled
[2018.03.21-04.07.50:025][  0]LogD3D11RHI: GPU Timing Frequency: 1000.000000 (Debug: 2 1)
[2018.03.21-04.07.50:027][  0]LogShaderCompilers: Guid format shader working directory is 11 characters bigger than the processId version (../../../../../RiseOfArc/Riseofarc/Intermediate/Shaders/WorkingDirectory/16960/).
[2018.03.21-04.07.50:027][  0]LogShaderCompilers: Cleaned the shader compiler working directory 'C:/Users/calgo/AppData/Local/Temp/UnrealShaderWorkingDir/ADB5746949F46003F94A2DA4E676B092/'.
[2018.03.21-04.07.50:027][  0]LogShaderCompilers: Display: Using Local Shader Compiler.
[2018.03.21-04.07.51:461][  0]LogTemp: Display: Loaded TP AllDesktopTargetPlatform
[2018.03.21-04.07.51:533][  0]LogTemp: Display: Loaded TP MacClientTargetPlatform
[2018.03.21-04.07.51:602][  0]LogTemp: Display: Loaded TP MacNoEditorTargetPlatform
[2018.03.21-04.07.51:691][  0]LogTemp: Display: Loaded TP MacServerTargetPlatform
[2018.03.21-04.07.51:767][  0]LogTemp: Display: Loaded TP MacTargetPlatform
[2018.03.21-04.07.51:843][  0]LogTemp: Display: Loaded TP WindowsClientTargetPlatform
[2018.03.21-04.07.51:919][  0]LogTemp: Display: Loaded TP WindowsNoEditorTargetPlatform
[2018.03.21-04.07.52:006][  0]LogTemp: Display: Loaded TP WindowsServerTargetPlatform
[2018.03.21-04.07.52:083][  0]LogTemp: Display: Loaded TP WindowsTargetPlatform
[2018.03.21-04.07.52:154][  0]LogTemp: Display: Loaded TP Android_ASTCTargetPlatform
[2018.03.21-04.07.52:219][  0]LogTemp: Display: Loaded TP Android_ATCTargetPlatform
[2018.03.21-04.07.52:280][  0]LogTemp: Display: Loaded TP Android_DXTTargetPlatform
[2018.03.21-04.07.52:339][  0]LogTemp: Display: Loaded TP Android_ETC1TargetPlatform
[2018.03.21-04.07.52:403][  0]LogTemp: Display: Loaded TP Android_ETC2TargetPlatform
[2018.03.21-04.07.52:523][  0]LogTemp: Display: Loaded TP Android_MultiTargetPlatform
[2018.03.21-04.07.52:523][  0]LogTemp: Display: Loaded TP Android_PVRTCTargetPlatform
[2018.03.21-04.07.52:584][  0]LogTemp: Display: Loaded TP AndroidTargetPlatform
[2018.03.21-04.07.52:629][  0]LogTemp: Display: Loaded TP HTML5TargetPlatform
[2018.03.21-04.07.52:728][  0]LogTemp: Display: Loaded TP IOSTargetPlatform
[2018.03.21-04.07.52:760][  0]LogTemp: Display: Loaded TP TVOSTargetPlatform
[2018.03.21-04.07.52:826][  0]LogTemp: Display: Loaded TP LinuxClientTargetPlatform
[2018.03.21-04.07.52:894][  0]LogTemp: Display: Loaded TP LinuxNoEditorTargetPlatform
[2018.03.21-04.07.52:970][  0]LogTemp: Display: Loaded TP LinuxServerTargetPlatform
[2018.03.21-04.07.53:044][  0]LogTemp: Display: Loaded TP LinuxTargetPlatform
[2018.03.21-04.07.53:044][  0]LogTargetPlatformManager: Display: Building Assets For Windows
[2018.03.21-04.07.53:638][  0]LogDerivedDataCache: Display: Max Cache Size: 512 MB
[2018.03.21-04.07.53:745][  0]LogDerivedDataCache: Loaded boot cache 0.11s 92MB C:/Users/calgo/AppData/Local/UnrealEngine/4.18/DerivedDataCache/Boot.ddc.
[2018.03.21-04.07.53:745][  0]LogDerivedDataCache: Display: Loaded Boot cache: C:/Users/calgo/AppData/Local/UnrealEngine/4.18/DerivedDataCache/Boot.ddc
[2018.03.21-04.07.53:745][  0]LogDerivedDataCache: FDerivedDataBackendGraph:  Pak pak cache file ../../../../../RiseOfArc/Riseofarc/DerivedDataCache/DDC.ddp not found, will not use a pak cache.
[2018.03.21-04.07.53:745][  0]LogDerivedDataCache: Unable to find inner node Pak for hierarchical cache Hierarchy.
[2018.03.21-04.07.53:745][  0]LogDerivedDataCache: FDerivedDataBackendGraph:  CompressedPak pak cache file ../../../../../RiseOfArc/Riseofarc/DerivedDataCache/Compressed.ddp not found, will not use a pak cache.
[2018.03.21-04.07.53:745][  0]LogDerivedDataCache: Unable to find inner node CompressedPak for hierarchical cache Hierarchy.
[2018.03.21-04.07.53:770][  0]LogDerivedDataCache: Display: Pak cache opened for reading ../../../Engine/DerivedDataCache/Compressed.ddp.
[2018.03.21-04.07.53:784][  0]LogDerivedDataCache: Using Local data cache path C:/Users/calgo/AppData/Local/UnrealEngine/Common/DerivedDataCache: Writable
[2018.03.21-04.07.53:800][  0]LogMaterial: Verifying Global Shaders for PCD3D_SM5
[2018.03.21-04.07.53:801][  0]LogSlate: Using Freetype 2.6.0
[2018.03.21-04.07.53:801][  0]LogSlate: SlateFontCache - WITH_FREETYPE: 1, WITH_HARFBUZZ: 1
[2018.03.21-04.07.53:801][  0]LogSlate: SlateFontCache - WITH_FREETYPE: 1, WITH_HARFBUZZ: 1
[2018.03.21-04.07.54:408][  0]LogInit: Selected Device Profile: [Windows]
[2018.03.21-04.07.54:891][  0]LogSimplygon: Simplygon DLL not present - disabling.
[2018.03.21-04.07.54:949][  0]LogMeshReduction: Using SimplygonSwarm for distributed automatic mesh merging
[2018.03.21-04.07.54:949][  0]LogMeshReduction: Using QuadricMeshReduction for automatic static mesh reduction
[2018.03.21-04.07.54:949][  0]LogMeshReduction: No automatic skeletal mesh reduction module available
[2018.03.21-04.07.54:949][  0]LogMeshReduction: No automatic mesh merging module available
[2018.03.21-04.07.54:949][  0]LogMeshMerging: No automatic mesh merging module available
[2018.03.21-04.07.54:988][  0]LogNetVersion: RiseOfArctorun , NetCL: 3709383, EngineNetVer: 2, GameNetVer: 0 (Checksum: 369041115)
[2018.03.21-04.07.55:218][  0]LogAssetRegistry: FAssetRegistry took 0.0300 seconds to start up
[2018.03.21-04.07.55:934][  0]LogPackageLocalizationCache: Processed 7 localized package path(s) for 2 prioritized culture(s) in 0.092174 seconds
[2018.03.21-04.07.55:941][  0]LogUObjectArray: 35870 objects as part of root set at end of initial load.
[2018.03.21-04.07.55:941][  0]LogUObjectAllocator: 7363696 out of 0 bytes used by permanent object pool.
[2018.03.21-04.07.55:941][  0]LogUObjectArray: CloseDisregardForGC: 0/0 objects in disregard for GC pool
[2018.03.21-04.07.56:001][  0]LogInit: WinSock: version 1.1 (2.2), MaxSocks=32767, MaxUdp=65467
[2018.03.21-04.07.59:849][  0]LogTcpMessaging: Initializing TcpMessaging bridge
[2018.03.21-04.07.59:891][  0]LogUdpMessaging: Initializing bridge on interface 0.0.0.0:0 to multicast group 230.0.0.1:6666.
[2018.03.21-04.08.00:729][  0]LogMaterial: Uniform references updated for custom material expression Custom.
[2018.03.21-04.08.01:241][  0]SourceControl: Source control is disabled
[2018.03.21-04.08.01:242][  0]SourceControl: Source control is disabled
[2018.03.21-04.08.02:354][  0]LogAndroidPermission: UAndroidPermissionCallbackProxy::GetInstance
[2018.03.21-04.08.02:701][  0]LogOcInput: OculusInput pre-init called
[2018.03.21-04.08.03:044][  0]LogEngine: Initializing Engine...
[2018.03.21-04.08.06:655][  0]LogHMD: SteamVR initialized.  Driver: lighthouse  Display: LHR-5FD29566
[2018.03.21-04.08.06:935][  0]LogStats: UGameplayTagsManager::ConstructGameplayTagTree: Construct from data asset -  0.000 s
[2018.03.21-04.08.06:935][  0]LogStats: UGameplayTagsManager::ConstructGameplayTagTree: GameplayTagTreeChangedEvent.Broadcast -  0.000 s
[2018.03.21-04.08.07:093][  0]LogAIModule: Creating AISystem for world Untitled
[2018.03.21-04.08.07:125][  0]LogInit: XAudio2 using 'Speakers (HTC Vive)' : 2 channels at 44.1 kHz using 16 bits per sample (channel mask 0x3)
[2018.03.21-04.08.07:141][  0]LogInit: FAudioDevice initialized.
[2018.03.21-04.08.07:303][  0]LogDerivedDataCache: Saved boot cache 0.16s 78MB C:/Users/calgo/AppData/Local/UnrealEngine/4.18/DerivedDataCache/Boot.ddc.
[2018.03.21-04.08.07:316][  0]LogInit: Texture streaming: Enabled
[2018.03.21-04.08.07:426][  0]LogEngineSessionManager: EngineSessionManager initialized
[2018.03.21-04.08.07:577][  0]LogInit: Transaction tracking system initialized
[2018.03.21-04.08.07:978][  0]BlueprintLog: New page: Editor Load
[2018.03.21-04.08.09:041][  0]LocalizationService: Localization service is disabled
[2018.03.21-04.08.09:891][  0]LogConsoleResponse: Display: 
[2018.03.21-04.08.10:100][  0]LogCook: Display: Max memory allowance for cook 16384mb min free memory 0mb
[2018.03.21-04.08.10:101][  0]LogCook: Display: Mobile HDR setting 1
[2018.03.21-04.08.10:101][  0]LogGameplayTags: Display: UGameplayTagsManager::DoneAddingNativeTags. DelegateIsBound: 0
[2018.03.21-04.08.11:467][  0]LogFileCache: Scanning file cache for directory 'D:/RiseOfArc/Riseofarc/Content/' took 0.08s
[2018.03.21-04.08.16:103][  0]SourceControl: Error: P4ERROR: Failed to connect to source control provider.
[2018.03.21-04.08.16:103][  0]SourceControl: Error: Connect to server failed; check $P4PORT.
TCP connect to perforce:1666 failed.
No such host is known. 

[2018.03.21-04.08.16:103][  0]SourceControl: Error: Port=perforce:1666, User=Aphelon, ClientSpec=, Ticket=
[2018.03.21-04.08.16:104][  0]Cmd: MAP LOAD FILE="../../../../../RiseOfArc/Riseofarc/Content/ThirdPersonBP/Maps/ThirdPersonExampleMap.umap" TEMPLATE=0 SHOWPROGRESS=1 FEATURELEVEL=3
[2018.03.21-04.08.16:104][  0]LightingResults: New page: Lighting Build
[2018.03.21-04.08.16:152][  0]MapCheck: New page: Map Check
[2018.03.21-04.08.16:152][  0]LightingResults: New page: Lighting Build
[2018.03.21-04.08.16:205][  0]LogBlueprint: Warning: [Compiler NewAnimBlueprint] idle to death  will never be taken, please connect something to  Can Enter Transition
[2018.03.21-04.08.16:208][  0]LogBlueprint: Warning: [Compiler NewAnimBlueprint] [0031.83] Compile of NewAnimBlueprint successful, but with 1 Warning(s) [in 7 ms] (/Game/ThirdPersonBP/Blueprints/NewAnimBlueprint.NewAnimBlueprint)
[2018.03.21-04.08.17:092][  0]LogAIModule: Creating AISystem for world ThirdPersonExampleMap
[2018.03.21-04.08.17:122][  0]LogEditorServer: Finished looking for orphan Actors (0.000 secs)
[2018.03.21-04.08.17:141][  0]Cmd: MAP CHECKDEP NOCLEARLOG
[2018.03.21-04.08.17:217][  0]MapCheck: Map check complete: 0 Error(s), 0 Warning(s), took 76.043ms to complete.
[2018.03.21-04.08.17:217][  0]LogFileHelpers: Loading map 'ThirdPersonExampleMap' took 1.113
[2018.03.21-04.08.17:286][  0]LogWindowsTextInputMethodSystem: Display: IME system now deactivated.
[2018.03.21-04.08.17:286][  0]LogWindowsTextInputMethodSystem: Display: IME system now deactivated.
[2018.03.21-04.08.17:390][  0]LogCollectionManager: Loaded 0 collections in 0.001111 seconds
[2018.03.21-04.08.17:478][  0]LogFileCache: Scanning file cache for directory 'D:/RiseOfArc/Riseofarc/Saved/Collections/' took 0.01s
[2018.03.21-04.08.17:478][  0]LogFileCache: Scanning file cache for directory 'D:/RiseOfArc/Riseofarc/Content/Developers/calgo/Collections/' took 0.01s
[2018.03.21-04.08.17:478][  0]LogFileCache: Scanning file cache for directory 'D:/RiseOfArc/Riseofarc/Content/Collections/' took 0.01s
[2018.03.21-04.08.17:478][  0]LogCollectionManager: Rebuilt the GUID cache for 0 collections in 0.000000 seconds
[2018.03.21-04.08.17:490][  0]LogContentBrowser: Native class hierarchy populated in 0.0121 seconds. Added 2363 classes and 519 folders.
[2018.03.21-04.08.17:560][  0]LogContentBrowser: Native class hierarchy updated for 'WidgetCarousel' in 0.0002 seconds. Added 0 classes and 0 folders.
[2018.03.21-04.08.17:613][  0]LogContentBrowser: Native class hierarchy updated for 'AddContentDialog' in 0.0004 seconds. Added 0 classes and 0 folders.
[2018.03.21-04.08.17:666][  0]LogContentBrowser: Native class hierarchy updated for 'SceneOutliner' in 0.0003 seconds. Added 1 classes and 2 folders.
[2018.03.21-04.08.17:691][  0]LogSlate: Took 0.000217 seconds to synchronously load lazily loaded font '../../../Engine/Content/Slate/Fonts/Roboto-Regular.ttf' (155K)
[2018.03.21-04.08.17:694][  0]LogSlate: Took 0.000395 seconds to synchronously load lazily loaded font '../../../Engine/Content/Slate/Fonts/Roboto-Bold.ttf' (160K)
[2018.03.21-04.08.17:701][  0]LogSlate: Took 0.000491 seconds to synchronously load lazily loaded font '../../../Engine/Content/Editor/Slate/Fonts/FontAwesome.ttf' (139K)
[2018.03.21-04.08.17:836][  0]LogRenderer: Reallocating scene render targets to support 1208x576 Format 10 NumSamples 1 (Frame:1).
[2018.03.21-04.08.18:153][  0]LogContentBrowser: Native class hierarchy updated for 'HierarchicalLODOutliner' in 0.0005 seconds. Added 1 classes and 2 folders.
[2018.03.21-04.08.18:153][  0]LogLoad: (Engine Initialization) Total time: 33.77 seconds
[2018.03.21-04.08.18:153][  0]LogLoad: (Engine Initialization) Total Blueprint compile time: 0.00 seconds
[2018.03.21-04.08.18:153][  0]LogExternalProfiler: Found external profiler: VSPerf
[2018.03.21-04.08.18:153][  0]LogExternalProfiler: Using external profiler: VSPerf
[2018.03.21-04.08.18:194][  0]LogContentStreaming: Texture pool size now 1000 MB
[2018.03.21-04.08.18:494][  6]LogAssetRegistry: Asset discovery search completed in 23.2989 seconds
[2018.03.21-04.08.18:508][  6]LogCollectionManager: Rebuilt the object cache for 0 collections in 0.000000 seconds (found 0 objects)
[2018.03.21-04.08.18:508][  6]LogCollectionManager: Fixed up redirectors for 0 collections in 0.000078 seconds (updated 0 objects)
[2018.03.21-04.08.19:447][ 45]LogSlate: Took 0.000375 seconds to synchronously load lazily loaded font '../../../Engine/Content/Slate/Fonts/Roboto-Light.ttf' (159K)
[2018.03.21-04.08.21:892][181]LogSourceControl: Error: P4ERROR: Invalid connection to server.
[2018.03.21-04.08.21:892][181]LogSourceControl: Error: Connect to server failed; check $P4PORT.
TCP connect to perforce:1666 failed.
No such host is known. 

[2018.03.21-04.08.25:257][355]LogBlueprintUserMessages: Early PlayInEditor Detection: Level '/Game/ThirdPersonBP/Maps/ThirdPersonExampleMap.ThirdPersonExampleMap:PersistentLevel' has LevelScriptBlueprint '/Game/ThirdPersonBP/Maps/ThirdPersonExampleMap.ThirdPersonExampleMap:PersistentLevel.ThirdPersonExampleMap' with GeneratedClass '/Game/ThirdPersonBP/Maps/ThirdPersonExampleMap.ThirdPersonExampleMap_C' with ClassGeneratedBy '/Game/ThirdPersonBP/Maps/ThirdPersonExampleMap.ThirdPersonExampleMap:PersistentLevel.ThirdPersonExampleMap'
[2018.03.21-04.08.25:257][355]LogPlayLevel: PlayLevel: No blueprints needed recompiling
[2018.03.21-04.08.25:258][355]PIE: New page: PIE session: ThirdPersonExampleMap (Mar 20, 2018, 2:08:25 PM)
[2018.03.21-04.08.25:258][355]LogPlayLevel: Creating play world package: /Game/ThirdPersonBP/Maps/UEDPIE_0_ThirdPersonExampleMap
[2018.03.21-04.08.25:289][355]LogPlayLevel: PIE: StaticDuplicateObject took: (0.031126s)
[2018.03.21-04.08.25:290][355]LogAIModule: Creating AISystem for world ThirdPersonExampleMap
[2018.03.21-04.08.25:290][355]LogPlayLevel: PIE: World Init took: (0.001318s)
[2018.03.21-04.08.25:291][355]LogPlayLevel: PIE: Created PIE world by copying editor world from /Game/ThirdPersonBP/Maps/ThirdPersonExampleMap.ThirdPersonExampleMap to /Game/ThirdPersonBP/Maps/UEDPIE_0_ThirdPersonExampleMap.ThirdPersonExampleMap (0.032972s)
[2018.03.21-04.08.25:308][355]LogInit: XAudio2 using 'Speakers (HTC Vive)' : 2 channels at 44.1 kHz using 16 bits per sample (channel mask 0x3)
[2018.03.21-04.08.25:317][355]LogInit: FAudioDevice initialized.
[2018.03.21-04.08.25:450][355]LogLoad: Game class is 'ThirdPersonGameMode_C'
[2018.03.21-04.08.25:462][355]LogWorld: Bringing World /Game/ThirdPersonBP/Maps/UEDPIE_0_ThirdPersonExampleMap.ThirdPersonExampleMap up for play (max tick rate 0) at 2018.03.20-21.08.25
[2018.03.21-04.08.25:465][355]LogWorld: Bringing up level for play took: 0.012873
[2018.03.21-04.08.25:517][355]LogContentBrowser: Native class hierarchy updated for 'MovieSceneCapture' in 0.0007 seconds. Added 11 classes and 0 folders.
[2018.03.21-04.08.25:530][355]PIE: Play in editor start time for /Game/ThirdPersonBP/Maps/UEDPIE_0_ThirdPersonExampleMap 0.169
[2018.03.21-04.08.25:531][355]LogBlueprintUserMessages: Late PlayInEditor Detection: Level '/Game/ThirdPersonBP/Maps/ThirdPersonExampleMap.ThirdPersonExampleMap:PersistentLevel' has LevelScriptBlueprint '/Game/ThirdPersonBP/Maps/ThirdPersonExampleMap.ThirdPersonExampleMap:PersistentLevel.ThirdPersonExampleMap' with GeneratedClass '/Game/ThirdPersonBP/Maps/ThirdPersonExampleMap.ThirdPersonExampleMap_C' with ClassGeneratedBy '/Game/ThirdPersonBP/Maps/ThirdPersonExampleMap.ThirdPersonExampleMap:PersistentLevel.ThirdPersonExampleMap'
[2018.03.21-04.08.25:607][356]LogRenderer: Reallocating scene render targets to support 2160x1200 Format 10 NumSamples 1 (Frame:1).
[2018.03.21-04.08.30:791][605]LogBlueprintUserMessages: Early EndPlayMap Detection: Level '/Game/ThirdPersonBP/Maps/ThirdPersonExampleMap.ThirdPersonExampleMap:PersistentLevel' has LevelScriptBlueprint '/Game/ThirdPersonBP/Maps/ThirdPersonExampleMap.ThirdPersonExampleMap:PersistentLevel.ThirdPersonExampleMap' with GeneratedClass '/Game/ThirdPersonBP/Maps/ThirdPersonExampleMap.ThirdPersonExampleMap_C' with ClassGeneratedBy '/Game/ThirdPersonBP/Maps/ThirdPersonExampleMap.ThirdPersonExampleMap:PersistentLevel.ThirdPersonExampleMap'
[2018.03.21-04.08.30:834][605]LogBlueprintUserMessages: Late EndPlayMap Detection: Level '/Game/ThirdPersonBP/Maps/ThirdPersonExampleMap.ThirdPersonExampleMap:PersistentLevel' has LevelScriptBlueprint '/Game/ThirdPersonBP/Maps/ThirdPersonExampleMap.ThirdPersonExampleMap:PersistentLevel.ThirdPersonExampleMap' with GeneratedClass '/Game/ThirdPersonBP/Maps/ThirdPersonExampleMap.ThirdPersonExampleMap_C' with ClassGeneratedBy '/Game/ThirdPersonBP/Maps/ThirdPersonExampleMap.ThirdPersonExampleMap:PersistentLevel.ThirdPersonExampleMap'
[2018.03.21-04.08.34:089][787]LogEditorViewport: Clicking on Actor (LMB): ThirdPersonCharacter_C (ThirdPersonCharacter)
[2018.03.21-04.08.35:004][787]LogEditorViewport: Clicking on Actor (context menu): ThirdPersonCharacter_C (ThirdPersonCharacter)
[2018.03.21-04.08.37:502][901]LogSlate: Took 0.000248 seconds to synchronously load lazily loaded font '../../../Engine/Content/Slate/Fonts/Roboto-Light.ttf' (159K)
[2018.03.21-04.08.37:916][901]LogContentBrowser: Native class hierarchy updated for 'BlueprintGraph' in 0.0007 seconds. Added 116 classes and 0 folders.
[2018.03.21-04.08.38:816][901]LogSlate: Took 0.000322 seconds to synchronously load lazily loaded font '../../../Engine/Content/Editor/Slate/Fonts/Roboto-BoldCondensed.ttf' (158K)
[2018.03.21-04.08.39:171][902]LogSlate: Took 0.000261 seconds to synchronously load lazily loaded font '../../../Engine/Content/Editor/Slate/Fonts/Roboto-Italic.ttf' (157K)
[2018.03.21-04.08.55:086][483]LogSourceControl: Error: P4ERROR: Invalid connection to server.
[2018.03.21-04.08.55:086][483]LogSourceControl: Error: Connect to server failed; check $P4PORT.
TCP connect to perforce:1666 failed.
No such host is known. 

[2018.03.21-04.08.55:158][483]Cmd: OBJ SAVEPACKAGE PACKAGE="/Game/ThirdPersonBP/Blueprints/ThirdPersonCharacter" FILE="../../../../../RiseOfArc/Riseofarc/Content/ThirdPersonBP/Blueprints/ThirdPersonCharacter.uasset" SILENT=true
[2018.03.21-04.08.55:379][483]LogSavePackage: Save=214.40ms
[2018.03.21-04.08.55:379][483]LogSavePackage: Moving '../../../../../RiseOfArc/Riseofarc/Saved/ThirdPersonCharacter45DB846D4A6827F9965AFE947D30CCAB.tmp' to '../../../../../RiseOfArc/Riseofarc/Content/ThirdPersonBP/Blueprints/ThirdPersonCharacter.uasset'
[2018.03.21-04.08.55:381][483]LogSavePackage: Display: Finished SavePackage ../../../../../RiseOfArc/Riseofarc/Content/ThirdPersonBP/Blueprints/ThirdPersonCharacter.uasset
[2018.03.21-04.08.59:171][693]LogBlueprintUserMessages: Early PlayInEditor Detection: Level '/Game/ThirdPersonBP/Maps/ThirdPersonExampleMap.ThirdPersonExampleMap:PersistentLevel' has LevelScriptBlueprint '/Game/ThirdPersonBP/Maps/ThirdPersonExampleMap.ThirdPersonExampleMap:PersistentLevel.ThirdPersonExampleMap' with GeneratedClass '/Game/ThirdPersonBP/Maps/ThirdPersonExampleMap.ThirdPersonExampleMap_C' with ClassGeneratedBy '/Game/ThirdPersonBP/Maps/ThirdPersonExampleMap.ThirdPersonExampleMap:PersistentLevel.ThirdPersonExampleMap'
[2018.03.21-04.08.59:171][693]LogPlayLevel: PlayLevel: No blueprints needed recompiling
[2018.03.21-04.08.59:171][693]PIE: New page: PIE session: ThirdPersonExampleMap (Mar 20, 2018, 2:08:59 PM)
[2018.03.21-04.08.59:171][693]LogPlayLevel: Creating play world package: /Game/ThirdPersonBP/Maps/UEDPIE_0_ThirdPersonExampleMap
[2018.03.21-04.08.59:192][693]LogPlayLevel: PIE: StaticDuplicateObject took: (0.020751s)
[2018.03.21-04.08.59:193][693]LogAIModule: Creating AISystem for world ThirdPersonExampleMap
[2018.03.21-04.08.59:193][693]LogPlayLevel: PIE: World Init took: (0.001143s)
[2018.03.21-04.08.59:194][693]LogPlayLevel: PIE: Created PIE world by copying editor world from /Game/ThirdPersonBP/Maps/ThirdPersonExampleMap.ThirdPersonExampleMap to /Game/ThirdPersonBP/Maps/UEDPIE_0_ThirdPersonExampleMap.ThirdPersonExampleMap (0.022260s)
[2018.03.21-04.08.59:338][693]LogInit: XAudio2 using 'Speakers (HTC Vive)' : 2 channels at 44.1 kHz using 16 bits per sample (channel mask 0x3)
[2018.03.21-04.08.59:347][693]LogInit: FAudioDevice initialized.
[2018.03.21-04.08.59:454][693]LogLoad: Game class is 'ThirdPersonGameMode_C'
[2018.03.21-04.08.59:466][693]LogWorld: Bringing World /Game/ThirdPersonBP/Maps/UEDPIE_0_ThirdPersonExampleMap.ThirdPersonExampleMap up for play (max tick rate 0) at 2018.03.20-21.08.59
[2018.03.21-04.08.59:472][693]LogWorld: Bringing up level for play took: 0.017711
[2018.03.21-04.08.59:487][693]PIE: Play in editor start time for /Game/ThirdPersonBP/Maps/UEDPIE_0_ThirdPersonExampleMap 0.126
[2018.03.21-04.08.59:487][693]LogBlueprintUserMessages: Late PlayInEditor Detection: Level '/Game/ThirdPersonBP/Maps/ThirdPersonExampleMap.ThirdPersonExampleMap:PersistentLevel' has LevelScriptBlueprint '/Game/ThirdPersonBP/Maps/ThirdPersonExampleMap.ThirdPersonExampleMap:PersistentLevel.ThirdPersonExampleMap' with GeneratedClass '/Game/ThirdPersonBP/Maps/ThirdPersonExampleMap.ThirdPersonExampleMap_C' with ClassGeneratedBy '/Game/ThirdPersonBP/Maps/ThirdPersonExampleMap.ThirdPersonExampleMap:PersistentLevel.ThirdPersonExampleMap'
[2018.03.21-04.08.59:920][739]LogSourceControl: Error: P4ERROR: Invalid connection to server.
[2018.03.21-04.08.59:920][739]LogSourceControl: Error: Connect to server failed; check $P4PORT.
TCP connect to perforce:1666 failed.
No such host is known. 

[2018.03.21-04.09.29:693][926]LogBlueprintUserMessages: Early EndPlayMap Detection: Level '/Game/ThirdPersonBP/Maps/ThirdPersonExampleMap.ThirdPersonExampleMap:PersistentLevel' has LevelScriptBlueprint '/Game/ThirdPersonBP/Maps/ThirdPersonExampleMap.ThirdPersonExampleMap:PersistentLevel.ThirdPersonExampleMap' with GeneratedClass '/Game/ThirdPersonBP/Maps/ThirdPersonExampleMap.ThirdPersonExampleMap_C' with ClassGeneratedBy '/Game/ThirdPersonBP/Maps/ThirdPersonExampleMap.ThirdPersonExampleMap:PersistentLevel.ThirdPersonExampleMap'
[2018.03.21-04.09.29:732][926]LogBlueprintUserMessages: Late EndPlayMap Detection: Level '/Game/ThirdPersonBP/Maps/ThirdPersonExampleMap.ThirdPersonExampleMap:PersistentLevel' has LevelScriptBlueprint '/Game/ThirdPersonBP/Maps/ThirdPersonExampleMap.ThirdPersonExampleMap:PersistentLevel.ThirdPersonExampleMap' with GeneratedClass '/Game/ThirdPersonBP/Maps/ThirdPersonExampleMap.ThirdPersonExampleMap_C' with ClassGeneratedBy '/Game/ThirdPersonBP/Maps/ThirdPersonExampleMap.ThirdPersonExampleMap:PersistentLevel.ThirdPersonExampleMap'
[2018.03.21-04.09.29:817][926]LogDialogs: Warning: Suppressed: VR Mode enables you to work on your project in virtual reality using motion controllers. This feature is still under development, so you may experience bugs or crashes while using it.
[2018.03.21-04.10.40:572][342]LogSourceControl: Error: P4ERROR: Invalid connection to server.
[2018.03.21-04.10.40:572][342]LogSourceControl: Error: Connect to server failed; check $P4PORT.
TCP connect to perforce:1666 failed.
No such host is known. 

[2018.03.21-04.10.44:644][524]LogBlueprintUserMessages: Early PlayInEditor Detection: Level '/Game/ThirdPersonBP/Maps/ThirdPersonExampleMap.ThirdPersonExampleMap:PersistentLevel' has LevelScriptBlueprint '/Game/ThirdPersonBP/Maps/ThirdPersonExampleMap.ThirdPersonExampleMap:PersistentLevel.ThirdPersonExampleMap' with GeneratedClass '/Game/ThirdPersonBP/Maps/ThirdPersonExampleMap.ThirdPersonExampleMap_C' with ClassGeneratedBy '/Game/ThirdPersonBP/Maps/ThirdPersonExampleMap.ThirdPersonExampleMap:PersistentLevel.ThirdPersonExampleMap'
[2018.03.21-04.10.44:644][524]LogPlayLevel: PlayLevel: No blueprints needed recompiling
[2018.03.21-04.10.44:645][524]PIE: New page: SIE session: ThirdPersonExampleMap (Mar 20, 2018, 2:10:44 PM)
[2018.03.21-04.10.44:645][524]LogPlayLevel: Creating play world package: /Game/ThirdPersonBP/Maps/UEDPIE_0_ThirdPersonExampleMap
[2018.03.21-04.10.44:668][524]LogPlayLevel: PIE: StaticDuplicateObject took: (0.023036s)
[2018.03.21-04.10.44:668][524]LogAIModule: Creating AISystem for world ThirdPersonExampleMap
[2018.03.21-04.10.44:669][524]LogPlayLevel: PIE: World Init took: (0.000830s)
[2018.03.21-04.10.44:669][524]LogPlayLevel: PIE: Created PIE world by copying editor world from /Game/ThirdPersonBP/Maps/ThirdPersonExampleMap.ThirdPersonExampleMap to /Game/ThirdPersonBP/Maps/UEDPIE_0_ThirdPersonExampleMap.ThirdPersonExampleMap (0.024401s)
[2018.03.21-04.10.44:698][524]LogInit: XAudio2 using 'Speakers (HTC Vive)' : 2 channels at 44.1 kHz using 16 bits per sample (channel mask 0x3)
[2018.03.21-04.10.44:709][524]LogInit: FAudioDevice initialized.
[2018.03.21-04.10.44:747][524]LogLoad: Game class is 'ThirdPersonGameMode_C'
[2018.03.21-04.10.44:817][524]LogWorld: Bringing World /Game/ThirdPersonBP/Maps/UEDPIE_0_ThirdPersonExampleMap.ThirdPersonExampleMap up for play (max tick rate 60) at 2018.03.20-21.10.44
[2018.03.21-04.10.44:819][524]LogWorld: Bringing up level for play took: 0.071367
[2018.03.21-04.10.44:835][524]PIE: Play in editor start time for /Game/ThirdPersonBP/Maps/UEDPIE_0_ThirdPersonExampleMap -0.526
[2018.03.21-04.10.44:963][524]LogBlueprintUserMessages: Late PlayInEditor Detection: Level '/Game/ThirdPersonBP/Maps/ThirdPersonExampleMap.ThirdPersonExampleMap:PersistentLevel' has LevelScriptBlueprint '/Game/ThirdPersonBP/Maps/ThirdPersonExampleMap.ThirdPersonExampleMap:PersistentLevel.ThirdPersonExampleMap' with GeneratedClass '/Game/ThirdPersonBP/Maps/ThirdPersonExampleMap.ThirdPersonExampleMap_C' with ClassGeneratedBy '/Game/ThirdPersonBP/Maps/ThirdPersonExampleMap.ThirdPersonExampleMap:PersistentLevel.ThirdPersonExampleMap'
[2018.03.21-04.10.45:114][525]LogHMD: Warning:  SteamVR Compositor had an error on present (108)
[2018.03.21-04.11.04:491][317]LogHMD: Warning:  SteamVR Compositor had an error on present (108)
[2018.03.21-04.11.47:845][146]LogBlueprintUserMessages: Early EndPlayMap Detection: Level '/Game/ThirdPersonBP/Maps/ThirdPersonExampleMap.ThirdPersonExampleMap:PersistentLevel' has LevelScriptBlueprint '/Game/ThirdPersonBP/Maps/ThirdPersonExampleMap.ThirdPersonExampleMap:PersistentLevel.ThirdPersonExampleMap' with GeneratedClass '/Game/ThirdPersonBP/Maps/ThirdPersonExampleMap.ThirdPersonExampleMap_C' with ClassGeneratedBy '/Game/ThirdPersonBP/Maps/ThirdPersonExampleMap.ThirdPersonExampleMap:PersistentLevel.ThirdPersonExampleMap'
[2018.03.21-04.11.52:068][146]LogWindows: Error: === Critical error: ===
[2018.03.21-04.11.52:068][146]LogWindows: Error: 
[2018.03.21-04.11.52:068][146]LogWindows: Error: Fatal error!
[2018.03.21-04.11.52:068][146]LogWindows: Error: 
[2018.03.21-04.11.52:068][146]LogWindows: Error: Unhandled Exception: EXCEPTION_ACCESS_VIOLATION reading address 0x00000068
[2018.03.21-04.11.52:068][146]LogWindows: Error: 
[2018.03.21-04.11.52:068][146]LogWindows: Error: [Callstack] 0x00000000E8F07905 UE4Editor-VREditor.dll!UnknownFunction []
[2018.03.21-04.11.52:068][146]LogWindows: Error: [Callstack] 0x00000000F416111D UE4Editor-UnrealEd.dll!UnknownFunction []
[2018.03.21-04.11.52:068][146]LogWindows: Error: [Callstack] 0x00000000F414ED0B UE4Editor-UnrealEd.dll!UnknownFunction []
[2018.03.21-04.11.52:068][146]LogWindows: Error: [Callstack] 0x00000000F4135FCC UE4Editor-UnrealEd.dll!UnknownFunction []
[2018.03.21-04.11.52:068][146]LogWindows: Error: [Callstack] 0x00000000F45D5BC8 UE4Editor-UnrealEd.dll!UnknownFunction []
[2018.03.21-04.11.52:068][146]LogWindows: Error: [Callstack] 0x00000000F45F0475 UE4Editor-UnrealEd.dll!UnknownFunction []
[2018.03.21-04.11.52:068][146]LogWindows: Error: [Callstack] 0x00000000F27452AB UE4Editor-LevelEditor.dll!UnknownFunction []
[2018.03.21-04.11.52:068][146]LogWindows: Error: [Callstack] 0x00000000F2751076 UE4Editor-LevelEditor.dll!UnknownFunction []
[2018.03.21-04.11.52:068][146]LogWindows: Error: [Callstack] 0x00000000F265677E UE4Editor-LevelEditor.dll!UnknownFunction []
[2018.03.21-04.11.52:068][146]LogWindows: Error: [Callstack] 0x00000000F27750D7 UE4Editor-LevelEditor.dll!UnknownFunction []
[2018.03.21-04.11.52:068][146]LogWindows: Error: [Callstack] 0x00000000F2746A01 UE4Editor-LevelEditor.dll!UnknownFunction []
[2018.03.21-04.11.52:068][146]LogWindows: Error: [Callstack] 0x000000001A1CB79D UE4Editor-SlateCore.dll!UnknownFunction []
[2018.03.21-04.11.52:068][146]LogWindows: Error: [Callstack] 0x000000001A1CEB1A UE4Editor-SlateCore.dll!UnknownFunction []
[2018.03.21-04.11.52:068][146]LogWindows: Error: [Callstack] 0x000000001A224621 UE4Editor-SlateCore.dll!UnknownFunction []
[2018.03.21-04.11.52:068][146]LogWindows: Error: [Callstack] 0x000000001A1CED53 UE4Editor-SlateCore.dll!UnknownFunction []
[2018.03.21-04.11.52:068][146]LogWindows: Error: [Callstack] 0x000000001A224932 UE4Editor-SlateCore.dll!UnknownFunction []
[2018.03.21-04.11.52:068][146]LogWindows: Error: [Callstack] 0x000000001A1CEA33 UE4Editor-SlateCore.dll!UnknownFunction []
[2018.03.21-04.11.52:068][146]LogWindows: Error: [Callstack] 0x000000001A1CB79D UE4Editor-SlateCore.dll!UnknownFunction []
[2018.03.21-04.11.52:068][146]LogWindows: Error: [Callstack] 0x000000001A1CEB1A UE4Editor-SlateCore.dll!UnknownFunction []
[2018.03.21-04.11.52:068][146]LogWindows: Error: [Callstack] 0x000000001A1CD680 UE4Editor-SlateCore.dll!UnknownFunction []
[2018.03.21-04.11.52:068][146]LogWindows: Error: [Callstack] 0x000000001A940D9E UE4Editor-Slate.dll!UnknownFunction []
[2018.03.21-04.11.52:068][146]LogWindows: Error: [Callstack] 0x000000001A91C816 UE4Editor-Slate.dll!UnknownFunction []
[2018.03.21-04.11.52:068][146]LogWindows: Error: [Callstack] 0x000000001A1CB79D UE4Editor-SlateCore.dll!UnknownFunction []
[2018.03.21-04.11.52:068][146]LogWindows: Error: [Callstack] 0x000000001A1CEB1A UE4Editor-SlateCore.dll!UnknownFunction []
[2018.03.21-04.11.52:068][146]LogWindows: Error: [Callstack] 0x000000001A1CD680 UE4Editor-SlateCore.dll!UnknownFunction []
[2018.03.21-04.11.52:068][146]LogWindows: Error: [Callstack] 0x000000001A940D9E UE4Editor-Slate.dll!UnknownFunction []
[2018.03.21-04.11.52:068][146]LogWindows: Error: [Callstack] 0x000000001A91C816 UE4Editor-Slate.dll!UnknownFunction []
[2018.03.21-04.11.52:068][146]LogWindows: Error: [Callstack] 0x000000001A1CB79D UE4Editor-SlateCore.dll!UnknownFunction []
[2018.03.21-04.11.52:069][146]LogWindows: Error: [Callstack] 0x000000001A1CEB1A UE4Editor-SlateCore.dll!UnknownFunction []
[2018.03.21-04.11.52:069][146]LogWindows: Error: [Callstack] 0x000000001A1CD680 UE4Editor-SlateCore.dll!UnknownFunction []
[2018.03.21-04.11.52:069][146]LogWindows: Error: [Callstack] 0x000000001A940D9E UE4Editor-Slate.dll!UnknownFunction []
[2018.03.21-04.11.52:069][146]LogWindows: Error: [Callstack] 0x000000001A91C816 UE4Editor-Slate.dll!UnknownFunction []
[2018.03.21-04.11.52:069][146]LogWindows: Error: [Callstack] 0x000000001A1CB79D UE4Editor-SlateCore.dll!UnknownFunction []
[2018.03.21-04.11.52:069][146]LogWindows: Error: [Callstack] 0x000000001A1CEB1A UE4Editor-SlateCore.dll!UnknownFunction []
[2018.03.21-04.11.52:069][146]LogWindows: Error: [Callstack] 0x000000001A1CD680 UE4Editor-SlateCore.dll!UnknownFunction []
[2018.03.21-04.11.52:069][146]LogWindows: Error: [Callstack] 0x000000001A940D9E UE4Editor-Slate.dll!UnknownFunction []
[2018.03.21-04.11.52:069][146]LogWindows: Error: [Callstack] 0x000000001A91C816 UE4Editor-Slate.dll!UnknownFunction []
[2018.03.21-04.11.52:069][146]LogWindows: Error: [Callstack] 0x000000001A224621 UE4Editor-SlateCore.dll!UnknownFunction []
[2018.03.21-04.11.52:069][146]LogWindows: Error: [Callstack] 0x000000001A1CED53 UE4Editor-SlateCore.dll!UnknownFunction []
[2018.03.21-04.11.52:069][146]LogWindows: Error: [Callstack] 0x000000001A1CB79D UE4Editor-SlateCore.dll!UnknownFunction []
[2018.03.21-04.11.52:069][146]LogWindows: Error: [Callstack] 0x000000001A1CEB1A UE4Editor-SlateCore.dll!UnknownFunction []
[2018.03.21-04.11.52:069][146]LogWindows: Error: [Callstack] 0x000000001A224932 UE4Editor-SlateCore.dll!UnknownFunction []
[2018.03.21-04.11.52:069][146]LogWindows: Error: [Callstack] 0x000000001A1CEA33 UE4Editor-SlateCore.dll!UnknownFunction []
[2018.03.21-04.11.52:069][146]LogWindows: Error: [Callstack] 0x000000001A1CB79D UE4Editor-SlateCore.dll!UnknownFunction []
[2018.03.21-04.11.52:069][146]LogWindows: Error: [Callstack] 0x000000001A1CEB1A UE4Editor-SlateCore.dll!UnknownFunction []
[2018.03.21-04.11.52:069][146]LogWindows: Error: [Callstack] 0x000000001A1CB79D UE4Editor-SlateCore.dll!UnknownFunction []
[2018.03.21-04.11.52:069][146]LogWindows: Error: [Callstack] 0x000000001A1CEB1A UE4Editor-SlateCore.dll!UnknownFunction []
[2018.03.21-04.11.52:069][146]LogWindows: Error: [Callstack] 0x000000001A224621 UE4Editor-SlateCore.dll!UnknownFunction []
[2018.03.21-04.11.52:069][146]LogWindows: Error: [Callstack] 0x000000001A1CED53 UE4Editor-SlateCore.dll!UnknownFunction []
[2018.03.21-04.11.52:069][146]LogWindows: Error: [Callstack] 0x000000001A224932 UE4Editor-SlateCore.dll!UnknownFunction []
[2018.03.21-04.11.52:069][146]LogWindows: Error: [Callstack] 0x000000001A1CEA33 UE4Editor-SlateCore.dll!UnknownFunction []
[2018.03.21-04.11.52:069][146]LogWindows: Error: [Callstack] 0x000000001A1CB79D UE4Editor-SlateCore.dll!UnknownFunction []
[2018.03.21-04.11.52:069][146]LogWindows: Error: [Callstack] 0x000000001A1CEB1A UE4Editor-SlateCore.dll!UnknownFunction []
[2018.03.21-04.11.52:069][146]LogWindows: Error: [Callstack] 0x000000001A1CD680 UE4Editor-SlateCore.dll!UnknownFunction []
[2018.03.21-04.11.52:069][146]LogWindows: Error: [Callstack] 0x000000001A940D9E UE4Editor-Slate.dll!UnknownFunction []
[2018.03.21-04.11.52:069][146]LogWindows: Error: [Callstack] 0x000000001A91C816 UE4Editor-Slate.dll!UnknownFunction []
[2018.03.21-04.11.52:069][146]LogWindows: Error: [Callstack] 0x000000001A224621 UE4Editor-SlateCore.dll!UnknownFunction []
[2018.03.21-04.11.52:069][146]LogWindows: Error: [Callstack] 0x000000001A1CED53 UE4Editor-SlateCore.dll!UnknownFunction []
[2018.03.21-04.11.52:069][146]LogWindows: Error: [Callstack] 0x000000001A1CB79D UE4Editor-SlateCore.dll!UnknownFunction []
[2018.03.21-04.11.52:069][146]LogWindows: Error: [Callstack] 0x000000001A1CEB1A UE4Editor-SlateCore.dll!UnknownFunction []
[2018.03.21-04.11.52:069][146]LogWindows: Error: [Callstack] 0x000000001A224932 UE4Editor-SlateCore.dll!UnknownFunction []
[2018.03.21-04.11.52:069][146]LogWindows: Error: [Callstack] 0x000000001A1CEA33 UE4Editor-SlateCore.dll!UnknownFunction []
[2018.03.21-04.11.52:069][146]LogWindows: Error: [Callstack] 0x000000001A224932 UE4Editor-SlateCore.dll!UnknownFunction []
[2018.03.21-04.11.52:069][146]LogWindows: Error: [Callstack] 0x000000001A1CEA33 UE4Editor-SlateCore.dll!UnknownFunction []
[2018.03.21-04.11.52:069][146]LogWindows: Error: [Callstack] 0x000000001A224621 UE4Editor-SlateCore.dll!UnknownFunction []
[2018.03.21-04.11.52:069][146]LogWindows: Error: [Callstack] 0x000000001A1CED53 UE4Editor-SlateCore.dll!UnknownFunction []
[2018.03.21-04.11.52:069][146]LogWindows: Error: [Callstack] 0x000000001A1CB79D UE4Editor-SlateCore.dll!UnknownFunction []
[2018.03.21-04.11.52:069][146]LogWindows: Error: [Callstack] 0x000000001A1CEB1A UE4Editor-SlateCore.dll!UnknownFunction []
[2018.03.21-04.11.52:069][146]LogWindows: Error: [Callstack] 0x000000001A97201E UE4Editor-Slate.dll!UnknownFunction []
[2018.03.21-04.11.52:069][146]LogWindows: Error: [Callstack] 0x0000000039C8DF60 UE4Editor-ApplicationCore.dll!UnknownFunction []
[2018.03.21-04.11.52:069][146]LogWindows: Error: [Callstack] 0x0000000039C81A48 UE4Editor-ApplicationCore.dll!UnknownFunction []
[2018.03.21-04.11.52:069][146]LogWindows: Error: [Callstack] 0x0000000039C8FEA9 UE4Editor-ApplicationCore.dll!UnknownFunction []
[2018.03.21-04.11.52:069][146]LogWindows: Error: [Callstack] 0x0000000039C7D5A9 UE4Editor-ApplicationCore.dll!UnknownFunction []
[2018.03.21-04.11.52:069][146]LogWindows: Error: [Callstack] 0x000000006192B85D USER32.dll!UnknownFunction []
[2018.03.21-04.11.52:069][146]LogWindows: Error: [Callstack] 0x000000006192B1EF USER32.dll!UnknownFunction []
[2018.03.21-04.11.52:069][146]LogWindows: Error: [Callstack] 0x0000000039C91516 UE4Editor-ApplicationCore.dll!UnknownFunction []
[2018.03.21-04.11.52:069][146]LogWindows: Error: [Callstack] 0x00000000E20A50C8 UE4Editor.exe!UnknownFunction []
[2018.03.21-04.11.52:069][146]LogWindows: Error: [Callstack] 0x00000000E20B5430 UE4Editor.exe!UnknownFunction []
[2018.03.21-04.11.52:070][146]LogWindows: Error: [Callstack] 0x00000000E20B54AA UE4Editor.exe!UnknownFunction []
[2018.03.21-04.11.52:070][146]LogWindows: Error: [Callstack] 0x00000000E20C2379 UE4Editor.exe!UnknownFunction []
[2018.03.21-04.11.52:070][146]LogWindows: Error: [Callstack] 0x00000000E20C3D57 UE4Editor.exe!UnknownFunction []
[2018.03.21-04.11.52:070][146]LogWindows: Error: [Callstack] 0x0000000064101FE4 KERNEL32.DLL!UnknownFunction []
[2018.03.21-04.11.52:070][146]LogWindows: Error: [Callstack] 0x000000006423EFC1 ntdll.dll!UnknownFunction []
[2018.03.21-04.11.52:070][146]LogWindows: Error: [Callstack] 0x000000006423EFC1 ntdll.dll!UnknownFunction []
[2018.03.21-04.11.52:070][146]LogWindows: Error: 
[2018.03.21-04.11.52:091][146]LogExit: Executing StaticShutdownAfterError
[2018.03.21-04.11.52:101][146]LogWindows: FPlatformMisc::RequestExit(1)
[2018.03.21-04.11.52:101][146]Log file closed, 03/20/18 21:11:52
