Log file open, 04/03/18 16:46:57
LogWindows: Failed to load 'aqProf.dll' (GetLastError=126)
LogWindows: File 'aqProf.dll' does not exist
LogWindows: Failed to load 'VtuneApi.dll' (GetLastError=126)
LogWindows: File 'VtuneApi.dll' does not exist
LogWindows: Failed to load 'VtuneApi32e.dll' (GetLastError=126)
LogWindows: File 'VtuneApi32e.dll' does not exist
LogInit: Display: Running engine for game: RiseOfArctorun
LogPlatformFile: Not using cached read wrapper
LogInit: Display: RandInit(383759549) SRandInit(383759549).
LogInit: Read version file with build ID '3709383'
LogInit: Overriding engine version to CL 3832480, compatible CL 3709383
LogInit: Registered custom module enumerator with build ID '3709383'
LogTaskGraph: Started task graph with 5 named threads and 14 total threads with 3 sets of task threads.
LogStats: Stats thread started at 0.210766
LogD3D11RHI: Aftermath initialized
LogModuleManager: Display: Found up-to-date module file ../../../Engine/Plugins/2D/Paper2D/Binaries/Win64/UE4Editor-Paper2D.dll (API version 3709383).
LogModuleManager: Display: Found up-to-date module file ../../../Engine/Plugins/2D/Paper2D/Binaries/Win64/UE4Editor-Paper2DEditor.dll (API version 3709383).
LogModuleManager: Display: Found up-to-date module file ../../../Engine/Plugins/2D/Paper2D/Binaries/Win64/UE4Editor-PaperSpriteSheetImporter.dll (API version 3709383).
LogModuleManager: Display: Found up-to-date module file ../../../Engine/Plugins/2D/Paper2D/Binaries/Win64/UE4Editor-PaperTiledImporter.dll (API version 3709383).
LogModuleManager: Display: Found up-to-date module file ../../../Engine/Plugins/2D/Paper2D/Binaries/Win64/UE4Editor-SmartSnapping.dll (API version 3709383).
LogModuleManager: Display: Found up-to-date module file ../../../Engine/Plugins/Blendables/LightPropagationVolume/Binaries/Win64/UE4Editor-LightPropagationVolumeRuntime.dll (API version 3709383).
LogModuleManager: Display: Found up-to-date module file ../../../Engine/Plugins/Blendables/LightPropagationVolume/Binaries/Win64/UE4Editor-LightPropagationVolumeEditor.dll (API version 3709383).
LogModuleManager: Display: Found up-to-date module file ../../../Engine/Plugins/Developer/GitSourceControl/Binaries/Win64/UE4Editor-GitSourceControl.dll (API version 3709383).
LogModuleManager: Display: Found up-to-date module file ../../../Engine/Plugins/Developer/PerforceSourceControl/Binaries/Win64/UE4Editor-PerforceSourceControl.dll (API version 3709383).
LogModuleManager: Display: Found up-to-date module file ../../../Engine/Plugins/Developer/SubversionSourceControl/Binaries/Win64/UE4Editor-SubversionSourceControl.dll (API version 3709383).
LogModuleManager: Display: Found up-to-date module file ../../../Engine/Plugins/Developer/UObjectPlugin/Binaries/Win64/UE4Editor-UObjectPlugin.dll (API version 3709383).
LogModuleManager: Display: Found up-to-date module file ../../../Engine/Plugins/Developer/VisualStudioCodeSourceCodeAccess/Binaries/Win64/UE4Editor-VisualStudioCodeSourceCodeAccess.dll (API version 3709383).
LogModuleManager: Display: Found up-to-date module file ../../../Engine/Plugins/Developer/VisualStudioSourceCodeAccess/Binaries/Win64/UE4Editor-VisualStudioSourceCodeAccess.dll (API version 3709383).
LogModuleManager: Display: Found up-to-date module file ../../../Engine/Plugins/Editor/AssetManagerEditor/Binaries/Win64/UE4Editor-AssetManagerEditor.dll (API version 3709383).
LogModuleManager: Display: Found up-to-date module file ../../../Engine/Plugins/Editor/AudioCapture/Binaries/Win64/UE4Editor-AudioCapture.dll (API version 3709383).
LogModuleManager: Display: Found up-to-date module file ../../../Engine/Plugins/Editor/FacialAnimation/Binaries/Win64/UE4Editor-FacialAnimation.dll (API version 3709383).
LogModuleManager: Display: Found up-to-date module file ../../../Engine/Plugins/Editor/FacialAnimation/Binaries/Win64/UE4Editor-FacialAnimationEditor.dll (API version 3709383).
LogModuleManager: Display: Found up-to-date module file ../../../Engine/Plugins/Editor/GameplayTagsEditor/Binaries/Win64/UE4Editor-GameplayTagsEditor.dll (API version 3709383).
LogModuleManager: Display: Found up-to-date module file ../../../Engine/Plugins/Editor/MobileLauncherProfileWizard/Binaries/Win64/UE4Editor-MobileLauncherProfileWizard.dll (API version 3709383).
LogModuleManager: Display: Found up-to-date module file ../../../Engine/Plugins/Editor/PluginBrowser/Binaries/Win64/UE4Editor-PluginBrowser.dll (API version 3709383).
LogModuleManager: Display: Found up-to-date module file ../../../Engine/Plugins/Editor/SpeedTreeImporter/Binaries/Win64/UE4Editor-SpeedTreeImporter.dll (API version 3709383).
LogModuleManager: Display: Found up-to-date module file ../../../Engine/Plugins/Experimental/AlembicImporter/Binaries/Win64/UE4Editor-AlembicImporter.dll (API version 3709383).
LogModuleManager: Display: Found up-to-date module file ../../../Engine/Plugins/Experimental/AlembicImporter/Binaries/Win64/UE4Editor-AlembicLibrary.dll (API version 3709383).
LogModuleManager: Display: Found up-to-date module file ../../../Engine/Plugins/Experimental/CharacterAI/Binaries/Win64/UE4Editor-CharacterAI.dll (API version 3709383).
LogModuleManager: Display: Found up-to-date module file ../../../Engine/Plugins/Experimental/HTML5Networking/Binaries/Win64/UE4Editor-HTML5Networking.dll (API version 3709383).
LogModuleManager: Display: Found up-to-date module file ../../../Engine/Plugins/Media/AndroidMedia/Binaries/Win64/UE4Editor-AndroidMediaEditor.dll (API version 3709383).
LogModuleManager: Display: Found up-to-date module file ../../../Engine/Plugins/Media/AndroidMedia/Binaries/Win64/UE4Editor-AndroidMediaFactory.dll (API version 3709383).
LogModuleManager: Display: Found up-to-date module file ../../../Engine/Plugins/Media/AvfMedia/Binaries/Win64/UE4Editor-AvfMediaEditor.dll (API version 3709383).
LogModuleManager: Display: Found up-to-date module file ../../../Engine/Plugins/Media/AvfMedia/Binaries/Win64/UE4Editor-AvfMediaFactory.dll (API version 3709383).
LogModuleManager: Display: Found up-to-date module file ../../../Engine/Plugins/Media/AvfMedia/Binaries/Win64/UE4Editor-AvfMediaFactory.dll (API version 3709383).
LogModuleManager: Display: Found up-to-date module file ../../../Engine/Plugins/Media/ImgMedia/Binaries/Win64/UE4Editor-ImgMedia.dll (API version 3709383).
LogModuleManager: Display: Found up-to-date module file ../../../Engine/Plugins/Media/ImgMedia/Binaries/Win64/UE4Editor-ImgMediaEditor.dll (API version 3709383).
LogModuleManager: Display: Found up-to-date module file ../../../Engine/Plugins/Media/ImgMedia/Binaries/Win64/UE4Editor-ImgMediaFactory.dll (API version 3709383).
LogModuleManager: Display: Found up-to-date module file ../../../Engine/Plugins/Media/ImgMedia/Binaries/Win64/UE4Editor-ImgMediaFactory.dll (API version 3709383).
LogModuleManager: Display: Found up-to-date module file ../../../Engine/Plugins/Media/ImgMedia/Binaries/Win64/UE4Editor-OpenExrWrapper.dll (API version 3709383).
LogModuleManager: Display: Found up-to-date module file ../../../Engine/Plugins/Media/MediaCompositing/Binaries/Win64/UE4Editor-MediaCompositing.dll (API version 3709383).
LogModuleManager: Display: Found up-to-date module file ../../../Engine/Plugins/Media/MediaCompositing/Binaries/Win64/UE4Editor-MediaCompositingEditor.dll (API version 3709383).
LogModuleManager: Display: Found up-to-date module file ../../../Engine/Plugins/Media/MediaPlayerEditor/Binaries/Win64/UE4Editor-MediaPlayerEditor.dll (API version 3709383).
LogModuleManager: Display: Found up-to-date module file ../../../Engine/Plugins/Media/WmfMedia/Binaries/Win64/UE4Editor-WmfMedia.dll (API version 3709383).
LogModuleManager: Display: Found up-to-date module file ../../../Engine/Plugins/Media/WmfMedia/Binaries/Win64/UE4Editor-WmfMediaEditor.dll (API version 3709383).
LogModuleManager: Display: Found up-to-date module file ../../../Engine/Plugins/Media/WmfMedia/Binaries/Win64/UE4Editor-WmfMediaFactory.dll (API version 3709383).
LogModuleManager: Display: Found up-to-date module file ../../../Engine/Plugins/Media/WmfMedia/Binaries/Win64/UE4Editor-WmfMediaFactory.dll (API version 3709383).
LogModuleManager: Display: Found up-to-date module file ../../../Engine/Plugins/Messaging/TcpMessaging/Binaries/Win64/UE4Editor-TcpMessaging.dll (API version 3709383).
LogModuleManager: Display: Found up-to-date module file ../../../Engine/Plugins/Messaging/UdpMessaging/Binaries/Win64/UE4Editor-UdpMessaging.dll (API version 3709383).
LogModuleManager: Display: Found up-to-date module file ../../../Engine/Plugins/MovieScene/ActorSequence/Binaries/Win64/UE4Editor-ActorSequence.dll (API version 3709383).
LogModuleManager: Display: Found up-to-date module file ../../../Engine/Plugins/MovieScene/LevelSequenceEditor/Binaries/Win64/UE4Editor-LevelSequenceEditor.dll (API version 3709383).
LogModuleManager: Display: Found up-to-date module file ../../../Engine/Plugins/MovieScene/MatineeToLevelSequence/Binaries/Win64/UE4Editor-MatineeToLevelSequence.dll (API version 3709383).
LogModuleManager: Display: Found up-to-date module file ../../../Engine/Plugins/Online/OnlineSubsystem/Binaries/Win64/UE4Editor-OnlineSubsystem.dll (API version 3709383).
LogModuleManager: Display: Found up-to-date module file ../../../Engine/Plugins/Runtime/AndroidPermission/Binaries/Win64/UE4Editor-AndroidPermission.dll (API version 3709383).
LogModuleManager: Display: Found up-to-date module file ../../../Engine/Plugins/Online/OnlineSubsystemNull/Binaries/Win64/UE4Editor-OnlineSubsystemNull.dll (API version 3709383).
LogModuleManager: Display: Found up-to-date module file ../../../Engine/Plugins/Online/OnlineSubsystemUtils/Binaries/Win64/UE4Editor-OnlineSubsystemUtils.dll (API version 3709383).
LogModuleManager: Display: Found up-to-date module file ../../../Engine/Plugins/Online/OnlineSubsystemUtils/Binaries/Win64/UE4Editor-OnlineBlueprintSupport.dll (API version 3709383).
LogModuleManager: Display: Found up-to-date module file ../../../Engine/Plugins/Runtime/AndroidDeviceProfileSelector/Binaries/Win64/UE4Editor-AndroidDeviceProfileSelector.dll (API version 3709383).
LogModuleManager: Display: Found up-to-date module file ../../../Engine/Plugins/Runtime/AppleARKit/Binaries/Win64/UE4Editor-AppleARKit.dll (API version 3709383).
LogModuleManager: Display: Found up-to-date module file ../../../Engine/Plugins/Runtime/ArchVisCharacter/Binaries/Win64/UE4Editor-ArchVisCharacter.dll (API version 3709383).
LogModuleManager: Display: Found up-to-date module file ../../../Engine/Plugins/Runtime/CableComponent/Binaries/Win64/UE4Editor-CableComponent.dll (API version 3709383).
LogModuleManager: Display: Found up-to-date module file ../../../Engine/Plugins/Runtime/CustomMeshComponent/Binaries/Win64/UE4Editor-CustomMeshComponent.dll (API version 3709383).
LogModuleManager: Display: Found up-to-date module file ../../../Engine/Plugins/Runtime/ExampleDeviceProfileSelector/Binaries/Win64/UE4Editor-ExampleDeviceProfileSelector.dll (API version 3709383).
LogModuleManager: Display: Found up-to-date module file ../../../Engine/Plugins/Runtime/ImmediatePhysics/Binaries/Win64/UE4Editor-ImmediatePhysics.dll (API version 3709383).
LogModuleManager: Display: Found up-to-date module file ../../../Engine/Plugins/Runtime/ImmediatePhysics/Binaries/Win64/UE4Editor-ImmediatePhysicsEditor.dll (API version 3709383).
LogModuleManager: Display: Found up-to-date module file ../../../Engine/Plugins/Runtime/LocationServicesBPLibrary/Binaries/Win64/UE4Editor-LocationServicesBPLibrary.dll (API version 3709383).
LogModuleManager: Display: Found up-to-date module file ../../../Engine/Plugins/Runtime/MobilePatchingUtils/Binaries/Win64/UE4Editor-MobilePatchingUtils.dll (API version 3709383).
LogModuleManager: Display: Found up-to-date module file ../../../Engine/Plugins/Runtime/Oculus/OculusVR/Binaries/Win64/UE4Editor-OculusHMD.dll (API version 3709383).
LogModuleManager: Display: Found up-to-date module file ../../../Engine/Plugins/Runtime/Oculus/OculusVR/Binaries/Win64/UE4Editor-OculusInput.dll (API version 3709383).
LogModuleManager: Display: Found up-to-date module file ../../../Engine/Plugins/Runtime/Oculus/OculusVR/Binaries/Win64/UE4Editor-OculusEditor.dll (API version 3709383).
LogModuleManager: Display: Found up-to-date module file ../../../Engine/Plugins/Runtime/PhysXVehicles/Binaries/Win64/UE4Editor-PhysXVehicles.dll (API version 3709383).
LogModuleManager: Display: Found up-to-date module file ../../../Engine/Plugins/Runtime/PhysXVehicles/Binaries/Win64/UE4Editor-PhysXVehiclesEditor.dll (API version 3709383).
LogModuleManager: Display: Found up-to-date module file ../../../Engine/Plugins/Runtime/ProceduralMeshComponent/Binaries/Win64/UE4Editor-ProceduralMeshComponent.dll (API version 3709383).
LogModuleManager: Display: Found up-to-date module file ../../../Engine/Plugins/Runtime/ProceduralMeshComponent/Binaries/Win64/UE4Editor-ProceduralMeshComponentEditor.dll (API version 3709383).
LogModuleManager: Display: Found up-to-date module file ../../../Engine/Plugins/Runtime/RuntimePhysXCooking/Binaries/Win64/UE4Editor-RuntimePhysXCooking.dll (API version 3709383).
LogModuleManager: Display: Found up-to-date module file ../../../Engine/Plugins/Runtime/Steam/SteamVR/Binaries/Win64/UE4Editor-SteamVR.dll (API version 3709383).
LogModuleManager: Display: Found up-to-date module file ../../../Engine/Plugins/Runtime/Steam/SteamVR/Binaries/Win64/UE4Editor-SteamVRController.dll (API version 3709383).
LogModuleManager: Display: Found up-to-date module file ../../../Engine/Plugins/Runtime/WindowsMoviePlayer/Binaries/Win64/UE4Editor-WindowsMoviePlayer.dll (API version 3709383).
LogPluginManager: Mounting plugin Paper2D
LogPluginManager: Mounting plugin LightPropagationVolume
LogPluginManager: Mounting plugin CodeLiteSourceCodeAccess
LogPluginManager: Mounting plugin GitSourceControl
LogPluginManager: Mounting plugin KDevelopSourceCodeAccess
LogPluginManager: Mounting plugin NullSourceCodeAccess
LogPluginManager: Mounting plugin PerforceSourceControl
LogPluginManager: Mounting plugin SubversionSourceControl
LogPluginManager: Mounting plugin UObjectPlugin
LogPluginManager: Mounting plugin VisualStudioCodeSourceCodeAccess
LogPluginManager: Mounting plugin VisualStudioSourceCodeAccess
LogPluginManager: Mounting plugin XCodeSourceCodeAccess
LogPluginManager: Mounting plugin AssetManagerEditor
LogPluginManager: Mounting plugin AudioCapture
LogPluginManager: Mounting plugin FacialAnimation
LogPluginManager: Mounting plugin GameplayTagsEditor
LogPluginManager: Mounting plugin MobileLauncherProfileWizard
LogPluginManager: Mounting plugin PluginBrowser
LogPluginManager: Mounting plugin SpeedTreeImporter
LogPluginManager: Mounting plugin AlembicImporter
LogPluginManager: Mounting plugin CharacterAI
LogPluginManager: Mounting plugin HTML5Networking
LogPluginManager: Mounting plugin AndroidMedia
LogPluginManager: Mounting plugin AvfMedia
LogPluginManager: Mounting plugin ImgMedia
LogPluginManager: Mounting plugin MediaCompositing
LogPluginManager: Mounting plugin MediaPlayerEditor
LogPluginManager: Mounting plugin WmfMedia
LogPluginManager: Mounting plugin TcpMessaging
LogPluginManager: Mounting plugin UdpMessaging
LogPluginManager: Mounting plugin ActorSequence
LogPluginManager: Mounting plugin LevelSequenceEditor
LogPluginManager: Mounting plugin MatineeToLevelSequence
LogPluginManager: Mounting plugin OnlineSubsystemGooglePlay
LogPluginManager: Mounting plugin OnlineSubsystemIOS
LogPluginManager: Mounting plugin OnlineSubsystem
LogPluginManager: Mounting plugin OnlineSubsystemNull
LogPluginManager: Mounting plugin OnlineSubsystemUtils
LogPluginManager: Mounting plugin AndroidDeviceProfileSelector
LogPluginManager: Mounting plugin AndroidMoviePlayer
LogPluginManager: Mounting plugin AndroidPermission
LogPluginManager: Mounting plugin AppleARKit
LogPluginManager: Mounting plugin AppleMoviePlayer
LogPluginManager: Mounting plugin ArchVisCharacter
LogPluginManager: Mounting plugin CableComponent
LogPluginManager: Mounting plugin CustomMeshComponent
LogPluginManager: Mounting plugin ExampleDeviceProfileSelector
LogPluginManager: Mounting plugin GoogleCloudMessaging
LogPluginManager: Mounting plugin ImmediatePhysics
LogPluginManager: Mounting plugin IOSDeviceProfileSelector
LogPluginManager: Mounting plugin LinuxDeviceProfileSelector
LogPluginManager: Mounting plugin LocationServicesBPLibrary
LogPluginManager: Mounting plugin MobilePatchingUtils
LogPluginManager: Mounting plugin OculusVR
LogPluginManager: Plugin shader directory ../../../Engine/Plugins/Runtime/Oculus/OculusVR/Shaders found
LogPluginManager: Mapping shader source directory ../../../Engine/Plugins/Runtime/Oculus/OculusVR/Shaders to virtual directory /Plugin/OculusVR
LogPluginManager: Mounting plugin PhysXVehicles
LogPluginManager: Mounting plugin ProceduralMeshComponent
LogPluginManager: Mounting plugin RuntimePhysXCooking
LogPluginManager: Mounting plugin SteamVR
LogPluginManager: Mounting plugin WindowsMoviePlayer
LogInit: Using libcurl 7.47.1
LogInit:  - built for x86_64-pc-win32
LogInit:  - supports SSL with OpenSSL/1.0.2g
LogInit:  - supports HTTP deflate (compression) using libz 1.2.8
LogInit:  - other features:
LogInit:      CURL_VERSION_SSL
LogInit:      CURL_VERSION_LIBZ
LogInit:      CURL_VERSION_IPV6
LogInit:      CURL_VERSION_ASYNCHDNS
LogInit:      CURL_VERSION_LARGEFILE
LogInit:      CURL_VERSION_IDN
LogInit:  CurlRequestOptions (configurable via config and command line):
LogInit:  - bVerifyPeer = false  - Libcurl will NOT verify peer certificate
LogInit:  - bUseHttpProxy = false  - Libcurl will NOT use HTTP proxy
LogInit:  - bDontReuseConnections = false  - Libcurl will reuse connections
LogInit:  - CertBundlePath = nullptr  - Libcurl will use whatever was configured at build time.
LogInit: Build: ++UE4+Release-4.18-CL-3832480
LogInit: Engine Version: 4.18.3-3832480+++UE4+Release-4.18
LogInit: Compatible Engine Version: 4.18.0-3709383+++UE4+Release-4.18
LogInit: Net CL: 3709383
LogDevObjectVersion: Number of dev versions registered: 16
LogDevObjectVersion:   Dev-Blueprints (B0D832E4-1F89-4F0D-ACCF-7EB736FD4AA2): 10
LogDevObjectVersion:   Dev-Build (E1C64328-A22C-4D53-A36C-8E866417BD8C): 0
LogDevObjectVersion:   Dev-Core (375EC13C-06E4-48FB-B500-84F0262A717E): 2
LogDevObjectVersion:   Dev-Editor (E4B068ED-F494-42E9-A231-DA0B2E46BB41): 20
LogDevObjectVersion:   Dev-Framework (CFFC743F-43B0-4480-9391-14DF171D2073): 30
LogDevObjectVersion:   Dev-Mobile (B02B49B5-BB20-44E9-A304-32B752E40360): 0
LogDevObjectVersion:   Dev-Networking (A4E4105C-59A1-49B5-A7C5-40C4547EDFEE): 0
LogDevObjectVersion:   Dev-Online (39C831C9-5AE6-47DC-9A44-9C173E1C8E7C): 0
LogDevObjectVersion:   Dev-Physics (78F01B33-EBEA-4F98-B9B4-84EACCB95AA2): 0
LogDevObjectVersion:   Dev-Platform (6631380F-2D4D-43E0-8009-CF276956A95A): 0
LogDevObjectVersion:   Dev-Rendering (12F88B9F-8875-4AFC-A67C-D90C383ABD29): 20
LogDevObjectVersion:   Dev-Sequencer (7B5AE74C-D270-4C10-A958-57980B212A5A): 4
LogDevObjectVersion:   Dev-VR (D7296918-1DD6-4BDD-9DE2-64A83CC13884): 0
LogDevObjectVersion:   Dev-LoadTimes (C2A15278-BFE7-4AFE-6C17-90FF531DF755): 1
LogDevObjectVersion:   Private-Geometry (6EACA3D4-40EC-4CC1-B786-8BED09428FC5): 1
LogDevObjectVersion:   Dev-AnimPhys (29E575DD-E0A3-4627-9D10-D276232CDCEA): 12
LogInit: Compiled (64-bit): Jan 12 2018 02:04:55
LogInit: Compiled with Visual C++: 19.00.24215.01
LogInit: Build Configuration: Development
LogInit: Branch Name: ++UE4+Release-4.18
LogInit: Command line:  
LogInit: Base directory: D:/Unreal Engine 4/UE_4.18/Engine/Binaries/Win64/
LogInit: Installed Engine Build: 1
LogInit: Presizing for max 8388607 objects, including 0 objects not considered by GC, pre-allocating 0 bytes for permanent pool.
LogInit: Object subsystem initialized
[2018.04.03-23.47.02:257][  0]LogInit: Selected Device Profile: [Windows]
[2018.04.03-23.47.02:257][  0]LogInit: Applying CVar settings loaded from the selected device profile: [Windows]
[2018.04.03-23.47.02:432][  0]LogInit: Computer: LAPTOP-BHO2KMSR
[2018.04.03-23.47.02:432][  0]LogInit: User: calgo
[2018.04.03-23.47.02:432][  0]LogInit: CPU Page size=4096, Cores=4
[2018.04.03-23.47.02:432][  0]LogInit: High frequency timer resolution =2.531253 MHz
[2018.04.03-23.47.02:432][  0]LogMemory: Memory total: Physical=15.9GB (16GB approx)
[2018.04.03-23.47.02:432][  0]LogMemory: Platform Memory Stats for Windows
[2018.04.03-23.47.02:432][  0]LogMemory: Process Physical Memory: 276.00 MB used, 276.00 MB peak
[2018.04.03-23.47.02:432][  0]LogMemory: Process Virtual Memory: 277.12 MB used, 277.12 MB peak
[2018.04.03-23.47.02:432][  0]LogMemory: Physical Memory: 8397.13 MB used,  7879.04 MB free, 16276.17 MB total
[2018.04.03-23.47.02:432][  0]LogMemory: Virtual Memory: 690.11 MB used,  7879.04 MB free, 134217728.00 MB total
[2018.04.03-23.47.02:602][  0]LogInit: Using OS detected language (en-US).
[2018.04.03-23.47.02:602][  0]LogInit: Using OS detected locale (en-US).
[2018.04.03-23.47.02:617][  0]LogTextLocalizationManager: No specific localization for 'en-US' exists, so the 'en' localization will be used.
[2018.04.03-23.47.03:149][  0]LogInit: Setting process to per monitor DPI aware
[2018.04.03-23.47.03:599][  0]LogD3D11RHI: D3D11 adapters:
[2018.04.03-23.47.03:677][  0]LogD3D11RHI:    0. 'NVIDIA GeForce GTX 1060' (Feature Level 11_0)
[2018.04.03-23.47.03:677][  0]LogD3D11RHI:       6061/0/8138 MB DedicatedVideo/DedicatedSystem/SharedSystem, Outputs:1, VendorId:0x10de
[2018.04.03-23.47.03:692][  0]LogD3D11RHI:    1. 'Intel(R) HD Graphics 530' (Feature Level 11_0)
[2018.04.03-23.47.03:692][  0]LogD3D11RHI:       128/0/8138 MB DedicatedVideo/DedicatedSystem/SharedSystem, Outputs:0, VendorId:0x8086
[2018.04.03-23.47.03:696][  0]LogD3D11RHI:    2. 'Microsoft Basic Render Driver' (Feature Level 11_0)
[2018.04.03-23.47.03:696][  0]LogD3D11RHI:       0/0/8138 MB DedicatedVideo/DedicatedSystem/SharedSystem, Outputs:0, VendorId:0x1414
[2018.04.03-23.47.03:696][  0]LogD3D11RHI: Chosen D3D11 Adapter: 0
[2018.04.03-23.47.03:706][  0]LogD3D11RHI: Creating new Direct3DDevice
[2018.04.03-23.47.03:706][  0]LogD3D11RHI:     GPU DeviceId: 0x1c20 (for the marketing name, search the web for "GPU Device Id")
[2018.04.03-23.47.03:706][  0]LogWindows: EnumDisplayDevices:
[2018.04.03-23.47.03:706][  0]LogWindows:    0. 'Intel(R) HD Graphics 530' (P:1 D:1)
[2018.04.03-23.47.03:706][  0]LogWindows:    1. 'Intel(R) HD Graphics 530' (P:0 D:0)
[2018.04.03-23.47.03:707][  0]LogWindows:    2. 'Intel(R) HD Graphics 530' (P:0 D:0)
[2018.04.03-23.47.03:707][  0]LogWindows:    3. 'NVIDIA GeForce GTX 1060' (P:0 D:0)
[2018.04.03-23.47.03:707][  0]LogWindows: DebugString: GetVideoDriverDetailsInvalid PrimaryIsNotTheChoosenAdapter GetVideoDriverDetailsInvalid PrimaryIsNotTheChoosenAdapter GetVideoDriverDetailsInvalid PrimaryIsNotTheChoosenAdapter GetVideoDriverDetailsInvalid PrimaryIsNotTheChoosenAdapter FoundDriverCount:0 
[2018.04.03-23.47.03:707][  0]LogD3D11RHI:     Adapter Name: NVIDIA GeForce GTX 1060
[2018.04.03-23.47.03:707][  0]LogD3D11RHI:   Driver Version: Unknown (internal:Unknown, unified:Unknown)
[2018.04.03-23.47.03:707][  0]LogD3D11RHI:      Driver Date: Unknown
[2018.04.03-23.47.03:707][  0]LogRHI: Texture pool is 4242 MB (70% of 6061 MB)
[2018.04.03-23.47.03:754][  0]LogD3D11RHI: Async texture creation enabled
[2018.04.03-23.47.03:792][  0]LogD3D11RHI: GPU Timing Frequency: 1000.000000 (Debug: 2 1)
[2018.04.03-23.47.03:793][  0]LogShaderCompilers: Guid format shader working directory is 13 characters bigger than the processId version (../../../../../RiseOfArc/Aphelon/Intermediate/Shaders/WorkingDirectory/13132/).
[2018.04.03-23.47.03:793][  0]LogShaderCompilers: Cleaned the shader compiler working directory 'C:/Users/calgo/AppData/Local/Temp/UnrealShaderWorkingDir/9F9B31CA43A287ECDA2753ABFDA8A740/'.
[2018.04.03-23.47.03:793][  0]LogShaderCompilers: Display: Using Local Shader Compiler.
[2018.04.03-23.47.05:205][  0]LogTemp: Display: Loaded TP AllDesktopTargetPlatform
[2018.04.03-23.47.05:309][  0]LogTemp: Display: Loaded TP MacClientTargetPlatform
[2018.04.03-23.47.05:391][  0]LogTemp: Display: Loaded TP MacNoEditorTargetPlatform
[2018.04.03-23.47.05:496][  0]LogTemp: Display: Loaded TP MacServerTargetPlatform
[2018.04.03-23.47.05:585][  0]LogTemp: Display: Loaded TP MacTargetPlatform
[2018.04.03-23.47.05:667][  0]LogTemp: Display: Loaded TP WindowsClientTargetPlatform
[2018.04.03-23.47.05:789][  0]LogTemp: Display: Loaded TP WindowsNoEditorTargetPlatform
[2018.04.03-23.47.05:878][  0]LogTemp: Display: Loaded TP WindowsServerTargetPlatform
[2018.04.03-23.47.06:007][  0]LogTemp: Display: Loaded TP WindowsTargetPlatform
[2018.04.03-23.47.06:126][  0]LogTemp: Display: Loaded TP Android_ASTCTargetPlatform
[2018.04.03-23.47.06:276][  0]LogTemp: Display: Loaded TP Android_ATCTargetPlatform
[2018.04.03-23.47.06:338][  0]LogTemp: Display: Loaded TP Android_DXTTargetPlatform
[2018.04.03-23.47.06:426][  0]LogTemp: Display: Loaded TP Android_ETC1TargetPlatform
[2018.04.03-23.47.06:505][  0]LogTemp: Display: Loaded TP Android_ETC2TargetPlatform
[2018.04.03-23.47.06:658][  0]LogTemp: Display: Loaded TP Android_MultiTargetPlatform
[2018.04.03-23.47.06:658][  0]LogTemp: Display: Loaded TP Android_PVRTCTargetPlatform
[2018.04.03-23.47.06:736][  0]LogTemp: Display: Loaded TP AndroidTargetPlatform
[2018.04.03-23.47.06:787][  0]LogTemp: Display: Loaded TP HTML5TargetPlatform
[2018.04.03-23.47.06:893][  0]LogTemp: Display: Loaded TP IOSTargetPlatform
[2018.04.03-23.47.06:937][  0]LogTemp: Display: Loaded TP TVOSTargetPlatform
[2018.04.03-23.47.07:016][  0]LogTemp: Display: Loaded TP LinuxClientTargetPlatform
[2018.04.03-23.47.07:103][  0]LogTemp: Display: Loaded TP LinuxNoEditorTargetPlatform
[2018.04.03-23.47.07:180][  0]LogTemp: Display: Loaded TP LinuxServerTargetPlatform
[2018.04.03-23.47.07:260][  0]LogTemp: Display: Loaded TP LinuxTargetPlatform
[2018.04.03-23.47.07:260][  0]LogTargetPlatformManager: Display: Building Assets For Windows
[2018.04.03-23.47.08:045][  0]LogDerivedDataCache: Display: Max Cache Size: 512 MB
[2018.04.03-23.47.08:206][  0]LogDerivedDataCache: Loaded boot cache 0.16s 92MB C:/Users/calgo/AppData/Local/UnrealEngine/4.18/DerivedDataCache/Boot.ddc.
[2018.04.03-23.47.08:208][  0]LogDerivedDataCache: Display: Loaded Boot cache: C:/Users/calgo/AppData/Local/UnrealEngine/4.18/DerivedDataCache/Boot.ddc
[2018.04.03-23.47.08:208][  0]LogDerivedDataCache: FDerivedDataBackendGraph:  Pak pak cache file ../../../../../RiseOfArc/Aphelon/DerivedDataCache/DDC.ddp not found, will not use a pak cache.
[2018.04.03-23.47.08:208][  0]LogDerivedDataCache: Unable to find inner node Pak for hierarchical cache Hierarchy.
[2018.04.03-23.47.08:209][  0]LogDerivedDataCache: FDerivedDataBackendGraph:  CompressedPak pak cache file ../../../../../RiseOfArc/Aphelon/DerivedDataCache/Compressed.ddp not found, will not use a pak cache.
[2018.04.03-23.47.08:209][  0]LogDerivedDataCache: Unable to find inner node CompressedPak for hierarchical cache Hierarchy.
[2018.04.03-23.47.08:241][  0]LogDerivedDataCache: Display: Pak cache opened for reading ../../../Engine/DerivedDataCache/Compressed.ddp.
[2018.04.03-23.47.08:253][  0]LogDerivedDataCache: Using Local data cache path C:/Users/calgo/AppData/Local/UnrealEngine/Common/DerivedDataCache: Writable
[2018.04.03-23.47.08:270][  0]LogMaterial: Verifying Global Shaders for PCD3D_SM5
[2018.04.03-23.47.08:271][  0]LogSlate: Using Freetype 2.6.0
[2018.04.03-23.47.08:278][  0]LogSlate: SlateFontCache - WITH_FREETYPE: 1, WITH_HARFBUZZ: 1
[2018.04.03-23.47.08:278][  0]LogSlate: SlateFontCache - WITH_FREETYPE: 1, WITH_HARFBUZZ: 1
[2018.04.03-23.47.08:974][  0]LogInit: Selected Device Profile: [Windows]
[2018.04.03-23.47.09:621][  0]LogSimplygon: Simplygon DLL not present - disabling.
[2018.04.03-23.47.09:703][  0]LogMeshReduction: Using SimplygonSwarm for distributed automatic mesh merging
[2018.04.03-23.47.09:703][  0]LogMeshReduction: Using QuadricMeshReduction for automatic static mesh reduction
[2018.04.03-23.47.09:703][  0]LogMeshReduction: No automatic skeletal mesh reduction module available
[2018.04.03-23.47.09:703][  0]LogMeshReduction: No automatic mesh merging module available
[2018.04.03-23.47.09:703][  0]LogMeshMerging: No automatic mesh merging module available
[2018.04.03-23.47.09:764][  0]LogNetVersion: RiseOfArctorun , NetCL: 3709383, EngineNetVer: 2, GameNetVer: 0 (Checksum: 369041115)
[2018.04.03-23.47.10:063][  0]LogAssetRegistry: FAssetRegistry took 0.0314 seconds to start up
[2018.04.03-23.47.13:447][  0]LogPackageLocalizationCache: Processed 7 localized package path(s) for 2 prioritized culture(s) in 2.463765 seconds
[2018.04.03-23.47.13:455][  0]LogUObjectArray: 35870 objects as part of root set at end of initial load.
[2018.04.03-23.47.13:455][  0]LogUObjectAllocator: 7363704 out of 0 bytes used by permanent object pool.
[2018.04.03-23.47.13:455][  0]LogUObjectArray: CloseDisregardForGC: 0/0 objects in disregard for GC pool
[2018.04.03-23.47.13:526][  0]LogInit: WinSock: version 1.1 (2.2), MaxSocks=32767, MaxUdp=65467
[2018.04.03-23.47.17:480][  0]LogTcpMessaging: Initializing TcpMessaging bridge
[2018.04.03-23.47.17:542][  0]LogUdpMessaging: Initializing bridge on interface 0.0.0.0:0 to multicast group 230.0.0.1:6666.
[2018.04.03-23.47.18:506][  0]LogMaterial: Uniform references updated for custom material expression Custom.
[2018.04.03-23.47.19:089][  0]SourceControl: Source control is disabled
[2018.04.03-23.47.19:089][  0]SourceControl: Source control is disabled
[2018.04.03-23.47.19:158][  0]SourceControl: Source control is disabled
[2018.04.03-23.47.19:227][  0]SourceControl: Source control is disabled
[2018.04.03-23.47.20:345][  0]LogAndroidPermission: UAndroidPermissionCallbackProxy::GetInstance
[2018.04.03-23.47.20:722][  0]LogOcInput: OculusInput pre-init called
[2018.04.03-23.47.21:165][  0]LogEngine: Initializing Engine...
[2018.04.03-23.47.21:746][  0]LogHMD: SteamVR initialized.  Driver: lighthouse  Display: LHR-5FD29566
[2018.04.03-23.47.22:054][  0]LogStats: UGameplayTagsManager::ConstructGameplayTagTree: Construct from data asset -  0.000 s
[2018.04.03-23.47.22:054][  0]LogStats: UGameplayTagsManager::ConstructGameplayTagTree: GameplayTagTreeChangedEvent.Broadcast -  0.000 s
[2018.04.03-23.47.22:177][  0]LogAIModule: Creating AISystem for world Untitled
[2018.04.03-23.47.22:209][  0]LogInit: XAudio2 using 'Speakers (3- HTC Vive)' : 2 channels at 44.1 kHz using 16 bits per sample (channel mask 0x3)
[2018.04.03-23.47.22:248][  0]LogInit: FAudioDevice initialized.
[2018.04.03-23.47.22:341][  0]LogDerivedDataCache: Saved boot cache 0.09s 92MB C:/Users/calgo/AppData/Local/UnrealEngine/4.18/DerivedDataCache/Boot.ddc.
[2018.04.03-23.47.22:355][  0]LogInit: Texture streaming: Enabled
[2018.04.03-23.47.22:456][  0]LogEngineSessionManager: EngineSessionManager initialized
[2018.04.03-23.47.22:601][  0]LogInit: Transaction tracking system initialized
[2018.04.03-23.47.22:987][  0]BlueprintLog: New page: Editor Load
[2018.04.03-23.47.23:975][  0]LocalizationService: Localization service is disabled
[2018.04.03-23.47.24:708][  0]LogConsoleResponse: Display: 
[2018.04.03-23.47.24:984][  0]LogCook: Display: Max memory allowance for cook 16384mb min free memory 0mb
[2018.04.03-23.47.24:985][  0]LogCook: Display: Mobile HDR setting 1
[2018.04.03-23.47.24:985][  0]LogGameplayTags: Display: UGameplayTagsManager::DoneAddingNativeTags. DelegateIsBound: 0
[2018.04.03-23.47.25:591][  0]LogFileCache: Scanning file cache for directory 'D:/RiseOfArc/Aphelon/Content/' took 0.02s
[2018.04.03-23.47.26:334][  0]SourceControl: Source control is disabled
[2018.04.03-23.47.26:335][  0]Cmd: MAP LOAD FILE="../../../../../RiseOfArc/Aphelon/Content/ThirdPersonBP/Maps/ThirdPersonExampleMap.umap" TEMPLATE=0 SHOWPROGRESS=1 FEATURELEVEL=3
[2018.04.03-23.47.26:472][  0]LightingResults: New page: Lighting Build
[2018.04.03-23.47.26:521][  0]MapCheck: New page: Map Check
[2018.04.03-23.47.26:521][  0]LightingResults: New page: Lighting Build
[2018.04.03-23.47.28:196][  0]LogLinker: Warning: Can't find file '/Game/InfinityBladeIceLands/Effects/FX_Ambient/Fire/P_Fire_Torch_01'
[2018.04.03-23.47.28:231][  0]LogLinker: Warning: Can't find file for asset '/Game/InfinityBladeIceLands/Effects/FX_Ambient/Fire/P_Fire_Torch_01' while loading ../../../../../RiseOfArc/Aphelon/Content/ThirdPersonBP/Blueprints/Foot.uasset.
[2018.04.03-23.47.28:231][  0]LoadErrors: Error: /Game/ThirdPersonBP/Blueprints/Foot : Can't find file for asset. /Game/InfinityBladeIceLands/Effects/FX_Ambient/Fire/P_Fire_Torch_01
[2018.04.03-23.47.28:231][  0]LogLinker: Warning: Can't find file '/Game/InfinityBladeIceLands/Effects/FX_Ambient/Fire/P_Fire_Torch_01'
[2018.04.03-23.47.28:231][  0]LogLinker: Warning: Can't find file for asset '/Game/InfinityBladeIceLands/Effects/FX_Ambient/Fire/P_Fire_Torch_01' while loading ../../../../../RiseOfArc/Aphelon/Content/ThirdPersonBP/Blueprints/Foot.uasset.
[2018.04.03-23.47.28:231][  0]LoadErrors: Error: /Game/ThirdPersonBP/Blueprints/Foot : Can't find file for asset. /Game/InfinityBladeIceLands/Effects/FX_Ambient/Fire/P_Fire_Torch_01
[2018.04.03-23.47.28:232][  0]LogLinker: Warning: Can't find file '/Game/InfinityBladeIceLands/Effects/FX_Ambient/Fire/P_Fire_Torch_01'
[2018.04.03-23.47.28:232][  0]LogLinker: Warning: Can't find file for asset '/Game/InfinityBladeIceLands/Effects/FX_Ambient/Fire/P_Fire_Torch_01' while loading ../../../../../RiseOfArc/Aphelon/Content/ThirdPersonBP/Blueprints/Ai.uasset.
[2018.04.03-23.47.28:232][  0]LoadErrors: Error: /Game/ThirdPersonBP/Blueprints/Ai : Can't find file for asset. /Game/InfinityBladeIceLands/Effects/FX_Ambient/Fire/P_Fire_Torch_01
[2018.04.03-23.47.28:232][  0]LogLinker: Warning: Can't find file '/Game/InfinityBladeIceLands/Effects/FX_Ambient/Fire/P_Fire_Torch_01'
[2018.04.03-23.47.28:232][  0]LogLinker: Warning: Can't find file for asset '/Game/InfinityBladeIceLands/Effects/FX_Ambient/Fire/P_Fire_Torch_01' while loading ../../../../../RiseOfArc/Aphelon/Content/ThirdPersonBP/Blueprints/Ai.uasset.
[2018.04.03-23.47.28:233][  0]LoadErrors: Error: /Game/ThirdPersonBP/Blueprints/Ai : Can't find file for asset. /Game/InfinityBladeIceLands/Effects/FX_Ambient/Fire/P_Fire_Torch_01
[2018.04.03-23.47.28:234][  0]LogLinker: Warning: Can't find file '/Game/InfinityBladeIceLands/Effects/FX_Ambient/Fire/P_Fire_Torch_01'
[2018.04.03-23.47.28:234][  0]LoadErrors: Failed to load /Game/InfinityBladeIceLands/Effects/FX_Ambient/Fire/P_Fire_Torch_01.P_Fire_Torch_01 Referenced by Foot Firte_GEN_VARIABLE
[2018.04.03-23.47.28:234][  0]LogLinker: Warning: Can't find file for asset '/Game/InfinityBladeIceLands/Effects/FX_Ambient/Fire/P_Fire_Torch_01' while loading ../../../../../RiseOfArc/Aphelon/Content/ThirdPersonBP/Blueprints/Ai.uasset.
[2018.04.03-23.47.28:234][  0]LoadErrors: Failed to load /Game/InfinityBladeIceLands/Effects/FX_Ambient/Fire/P_Fire_Torch_01.P_Fire_Torch_01 Referenced by Foot Firte_GEN_VARIABLE
[2018.04.03-23.47.28:234][  0]LoadErrors: Error: /Game/ThirdPersonBP/Blueprints/Ai : Can't find file for asset. /Game/InfinityBladeIceLands/Effects/FX_Ambient/Fire/P_Fire_Torch_01
[2018.04.03-23.47.28:821][  0]LogLinker: Warning: Can't find file '/Game/InfinityBladeEffects/Effects/FX_Mobile/Fire/P_Beam_Laser_Dot'
[2018.04.03-23.47.28:821][  0]LogLinker: Warning: Can't find file for asset '/Game/InfinityBladeEffects/Effects/FX_Mobile/Fire/P_Beam_Laser_Dot' while loading ../../../../../RiseOfArc/Aphelon/Content/ThirdPersonBP/Blueprints/Weapon_Sword.uasset.
[2018.04.03-23.47.28:821][  0]LoadErrors: Error: /Game/ThirdPersonBP/Blueprints/Weapon_Sword : Can't find file for asset. /Game/InfinityBladeEffects/Effects/FX_Mobile/Fire/P_Beam_Laser_Dot
[2018.04.03-23.47.28:821][  0]LogLinker: Warning: Can't find file '/Game/InfinityBladeWeapons/Weapons/Blade/Swords/Blade_DragonSword/SK_Blade_DragonSword'
[2018.04.03-23.47.28:822][  0]LogLinker: Warning: Can't find file for asset '/Game/InfinityBladeWeapons/Weapons/Blade/Swords/Blade_DragonSword/SK_Blade_DragonSword' while loading ../../../../../RiseOfArc/Aphelon/Content/ThirdPersonBP/Blueprints/Weapon_Sword.uasset.
[2018.04.03-23.47.28:822][  0]LoadErrors: Error: /Game/ThirdPersonBP/Blueprints/Weapon_Sword : Can't find file for asset. /Game/InfinityBladeWeapons/Weapons/Blade/Swords/Blade_DragonSword/SK_Blade_DragonSword
[2018.04.03-23.47.28:822][  0]LogLinker: Warning: Can't find file '/Game/InfinityBladeEffects/Effects/FX_Mobile/Fire/P_Beam_Laser_Dot'
[2018.04.03-23.47.28:822][  0]LogLinker: Warning: Can't find file for asset '/Game/InfinityBladeEffects/Effects/FX_Mobile/Fire/P_Beam_Laser_Dot' while loading ../../../../../RiseOfArc/Aphelon/Content/ThirdPersonBP/Blueprints/Weapon_Sword.uasset.
[2018.04.03-23.47.28:822][  0]LoadErrors: Error: /Game/ThirdPersonBP/Blueprints/Weapon_Sword : Can't find file for asset. /Game/InfinityBladeEffects/Effects/FX_Mobile/Fire/P_Beam_Laser_Dot
[2018.04.03-23.47.28:822][  0]LogLinker: Warning: Can't find file '/Game/InfinityBladeWeapons/Weapons/Blade/Swords/Blade_DragonSword/SK_Blade_DragonSword'
[2018.04.03-23.47.28:823][  0]LogLinker: Warning: Can't find file for asset '/Game/InfinityBladeWeapons/Weapons/Blade/Swords/Blade_DragonSword/SK_Blade_DragonSword' while loading ../../../../../RiseOfArc/Aphelon/Content/ThirdPersonBP/Blueprints/Weapon_Sword.uasset.
[2018.04.03-23.47.28:823][  0]LoadErrors: Error: /Game/ThirdPersonBP/Blueprints/Weapon_Sword : Can't find file for asset. /Game/InfinityBladeWeapons/Weapons/Blade/Swords/Blade_DragonSword/SK_Blade_DragonSword
[2018.04.03-23.47.28:824][  0]LogLinker: Warning: Can't find file '/Game/InfinityBladeEffects/Effects/FX_Mobile/Fire/P_Beam_Laser_Dot'
[2018.04.03-23.47.28:824][  0]LogLinker: Warning: Can't find file for asset '/Game/InfinityBladeEffects/Effects/FX_Mobile/Fire/P_Beam_Laser_Dot' while loading ../../../../../RiseOfArc/Aphelon/Content/ThirdPersonBP/Blueprints/Warrior_BP.uasset.
[2018.04.03-23.47.28:824][  0]LoadErrors: Error: /Game/ThirdPersonBP/Blueprints/Warrior_BP : Can't find file for asset. /Game/InfinityBladeEffects/Effects/FX_Mobile/Fire/P_Beam_Laser_Dot
[2018.04.03-23.47.28:825][  0]LogLinker: Warning: Can't find file '/Game/InfinityBladeWeapons/Weapons/Blade/Swords/Blade_DragonSword/SK_Blade_DragonSword'
[2018.04.03-23.47.28:825][  0]LogLinker: Warning: Can't find file for asset '/Game/InfinityBladeWeapons/Weapons/Blade/Swords/Blade_DragonSword/SK_Blade_DragonSword' while loading ../../../../../RiseOfArc/Aphelon/Content/ThirdPersonBP/Blueprints/Warrior_BP.uasset.
[2018.04.03-23.47.28:825][  0]LoadErrors: Error: /Game/ThirdPersonBP/Blueprints/Warrior_BP : Can't find file for asset. /Game/InfinityBladeWeapons/Weapons/Blade/Swords/Blade_DragonSword/SK_Blade_DragonSword
[2018.04.03-23.47.28:825][  0]LogLinker: Warning: Can't find file '/Game/InfinityBladeEffects/Effects/FX_Mobile/Fire/P_Beam_Laser_Dot'
[2018.04.03-23.47.28:825][  0]LogLinker: Warning: Can't find file for asset '/Game/InfinityBladeEffects/Effects/FX_Mobile/Fire/P_Beam_Laser_Dot' while loading ../../../../../RiseOfArc/Aphelon/Content/ThirdPersonBP/Blueprints/Warrior_BP.uasset.
[2018.04.03-23.47.28:825][  0]LoadErrors: Error: /Game/ThirdPersonBP/Blueprints/Warrior_BP : Can't find file for asset. /Game/InfinityBladeEffects/Effects/FX_Mobile/Fire/P_Beam_Laser_Dot
[2018.04.03-23.47.28:825][  0]LogLinker: Warning: Can't find file '/Game/InfinityBladeWeapons/Weapons/Blade/Swords/Blade_DragonSword/SK_Blade_DragonSword'
[2018.04.03-23.47.28:825][  0]LogLinker: Warning: Can't find file for asset '/Game/InfinityBladeWeapons/Weapons/Blade/Swords/Blade_DragonSword/SK_Blade_DragonSword' while loading ../../../../../RiseOfArc/Aphelon/Content/ThirdPersonBP/Blueprints/Warrior_BP.uasset.
[2018.04.03-23.47.28:825][  0]LoadErrors: Error: /Game/ThirdPersonBP/Blueprints/Warrior_BP : Can't find file for asset. /Game/InfinityBladeWeapons/Weapons/Blade/Swords/Blade_DragonSword/SK_Blade_DragonSword
[2018.04.03-23.47.28:826][  0]LogLinker: Warning: Can't find file '/Game/InfinityBladeWeapons/Weapons/Blade/Swords/Blade_DragonSword/SK_Blade_DragonSword'
[2018.04.03-23.47.28:826][  0]LoadErrors: Failed to load /Game/InfinityBladeWeapons/Weapons/Blade/Swords/Blade_DragonSword/SK_Blade_DragonSword.SK_Blade_DragonSword Referenced by SkeletalMesh_GEN_VARIABLE
[2018.04.03-23.47.28:826][  0]LogLinker: Warning: Can't find file for asset '/Game/InfinityBladeWeapons/Weapons/Blade/Swords/Blade_DragonSword/SK_Blade_DragonSword' while loading ../../../../../RiseOfArc/Aphelon/Content/ThirdPersonBP/Blueprints/Warrior_BP.uasset.
[2018.04.03-23.47.28:826][  0]LoadErrors: Failed to load /Game/InfinityBladeWeapons/Weapons/Blade/Swords/Blade_DragonSword/SK_Blade_DragonSword.SK_Blade_DragonSword Referenced by SkeletalMesh_GEN_VARIABLE
[2018.04.03-23.47.28:827][  0]LoadErrors: Error: /Game/ThirdPersonBP/Blueprints/Warrior_BP : Can't find file for asset. /Game/InfinityBladeWeapons/Weapons/Blade/Swords/Blade_DragonSword/SK_Blade_DragonSword
[2018.04.03-23.47.28:827][  0]LogLinker: Warning: Can't find file '/Game/InfinityBladeEffects/Effects/FX_Mobile/Fire/P_Beam_Laser_Dot'
[2018.04.03-23.47.28:827][  0]LoadErrors: Failed to load /Game/InfinityBladeEffects/Effects/FX_Mobile/Fire/P_Beam_Laser_Dot.P_Beam_Laser_Dot Referenced by ParticleSystem_GEN_VARIABLE
[2018.04.03-23.47.28:827][  0]LogLinker: Warning: Can't find file for asset '/Game/InfinityBladeEffects/Effects/FX_Mobile/Fire/P_Beam_Laser_Dot' while loading ../../../../../RiseOfArc/Aphelon/Content/ThirdPersonBP/Blueprints/Warrior_BP.uasset.
[2018.04.03-23.47.28:827][  0]LoadErrors: Failed to load /Game/InfinityBladeEffects/Effects/FX_Mobile/Fire/P_Beam_Laser_Dot.P_Beam_Laser_Dot Referenced by ParticleSystem_GEN_VARIABLE
[2018.04.03-23.47.28:827][  0]LoadErrors: Error: /Game/ThirdPersonBP/Blueprints/Warrior_BP : Can't find file for asset. /Game/InfinityBladeEffects/Effects/FX_Mobile/Fire/P_Beam_Laser_Dot
[2018.04.03-23.47.28:881][  0]LogLinker: Warning: Can't find file '/Game/ThirdPersonBP/Blueprints/BarsBack'
[2018.04.03-23.47.28:881][  0]LoadErrors: Failed to load /Game/ThirdPersonBP/Blueprints/BarsBack Referenced by CharacterMesh0
[2018.04.03-23.47.28:882][  0]LogLinker: Warning: Can't find file for asset '/Game/ThirdPersonBP/Blueprints/BarsBack' while loading ../../../../../RiseOfArc/Aphelon/Content/ThirdPersonBP/Blueprints/HuD.uasset.
[2018.04.03-23.47.28:882][  0]LoadErrors: Failed to load /Game/ThirdPersonBP/Blueprints/BarsBack Referenced by CharacterMesh0
[2018.04.03-23.47.28:882][  0]LoadErrors: Error: /Game/ThirdPersonBP/Blueprints/HuD : Can't find file for asset. /Game/ThirdPersonBP/Blueprints/BarsBack
[2018.04.03-23.47.28:928][  0]LogLinker: Warning: Can't find file '/Game/ThirdPersonBP/Blueprints/PlayerPicBack'
[2018.04.03-23.47.28:928][  0]LoadErrors: Failed to load /Game/ThirdPersonBP/Blueprints/PlayerPicBack Referenced by CharacterMesh0
[2018.04.03-23.47.28:928][  0]LogLinker: Warning: Can't find file for asset '/Game/ThirdPersonBP/Blueprints/PlayerPicBack' while loading ../../../../../RiseOfArc/Aphelon/Content/ThirdPersonBP/Blueprints/HuD.uasset.
[2018.04.03-23.47.28:928][  0]LoadErrors: Failed to load /Game/ThirdPersonBP/Blueprints/PlayerPicBack Referenced by CharacterMesh0
[2018.04.03-23.47.28:928][  0]LoadErrors: Error: /Game/ThirdPersonBP/Blueprints/HuD : Can't find file for asset. /Game/ThirdPersonBP/Blueprints/PlayerPicBack
[2018.04.03-23.47.29:092][  0]LogLinker: Warning: Can't find file '/Game/ThirdPersonBP/Blueprints/BarsBack'
[2018.04.03-23.47.29:093][  0]LoadErrors: Failed to load /Game/ThirdPersonBP/Blueprints/BarsBack.BarsBack Referenced by CharacterMesh0
[2018.04.03-23.47.29:093][  0]LogLinker: Warning: Can't find file for asset '/Game/ThirdPersonBP/Blueprints/BarsBack' while loading ../../../../../RiseOfArc/Aphelon/Content/ThirdPersonBP/Blueprints/HuD.uasset.
[2018.04.03-23.47.29:093][  0]LoadErrors: Failed to load /Game/ThirdPersonBP/Blueprints/BarsBack.BarsBack Referenced by CharacterMesh0
[2018.04.03-23.47.29:093][  0]LoadErrors: Error: /Game/ThirdPersonBP/Blueprints/HuD : Can't find file for asset. /Game/ThirdPersonBP/Blueprints/BarsBack
[2018.04.03-23.47.29:093][  0]LogLinker: Warning: Can't find file '/Game/ThirdPersonBP/Blueprints/PlayerPicBack'
[2018.04.03-23.47.29:093][  0]LoadErrors: Failed to load /Game/ThirdPersonBP/Blueprints/PlayerPicBack.PlayerPicBack Referenced by CharacterMesh0
[2018.04.03-23.47.29:093][  0]LogLinker: Warning: Can't find file for asset '/Game/ThirdPersonBP/Blueprints/PlayerPicBack' while loading ../../../../../RiseOfArc/Aphelon/Content/ThirdPersonBP/Blueprints/HuD.uasset.
[2018.04.03-23.47.29:094][  0]LoadErrors: Failed to load /Game/ThirdPersonBP/Blueprints/PlayerPicBack.PlayerPicBack Referenced by CharacterMesh0
[2018.04.03-23.47.29:094][  0]LoadErrors: Error: /Game/ThirdPersonBP/Blueprints/HuD : Can't find file for asset. /Game/ThirdPersonBP/Blueprints/PlayerPicBack
[2018.04.03-23.47.29:117][  0]LogLinker: Warning: Can't find file '/Game/ThirdPersonBP/Blueprints/PlayerPicBack'
[2018.04.03-23.47.29:117][  0]LoadErrors: Failed to load /Game/ThirdPersonBP/Blueprints/PlayerPicBack.PlayerPicBack Referenced by Image_160
[2018.04.03-23.47.29:118][  0]LogLinker: Warning: Can't find file for asset '/Game/ThirdPersonBP/Blueprints/PlayerPicBack' while loading ../../../../../RiseOfArc/Aphelon/Content/ThirdPersonBP/Blueprints/HuD.uasset.
[2018.04.03-23.47.29:118][  0]LoadErrors: Failed to load /Game/ThirdPersonBP/Blueprints/PlayerPicBack.PlayerPicBack Referenced by Image_160
[2018.04.03-23.47.29:118][  0]LoadErrors: Error: /Game/ThirdPersonBP/Blueprints/HuD : Can't find file for asset. /Game/ThirdPersonBP/Blueprints/PlayerPicBack
[2018.04.03-23.47.29:118][  0]LogLinker: Warning: Can't find file '/Game/ThirdPersonBP/Blueprints/BarsBack'
[2018.04.03-23.47.29:118][  0]LoadErrors: Failed to load /Game/ThirdPersonBP/Blueprints/BarsBack.BarsBack Referenced by Image_325
[2018.04.03-23.47.29:118][  0]LogLinker: Warning: Can't find file for asset '/Game/ThirdPersonBP/Blueprints/BarsBack' while loading ../../../../../RiseOfArc/Aphelon/Content/ThirdPersonBP/Blueprints/HuD.uasset.
[2018.04.03-23.47.29:118][  0]LoadErrors: Failed to load /Game/ThirdPersonBP/Blueprints/BarsBack.BarsBack Referenced by Image_325
[2018.04.03-23.47.29:118][  0]LoadErrors: Error: /Game/ThirdPersonBP/Blueprints/HuD : Can't find file for asset. /Game/ThirdPersonBP/Blueprints/BarsBack
[2018.04.03-23.47.30:719][  0]LogLinker: Warning: Can't find file '/Game/ThirdPersonBP/Blueprints/BarsBack'
[2018.04.03-23.47.30:719][  0]LogLinker: Warning: Can't find file for asset '/Game/ThirdPersonBP/Blueprints/BarsBack' while loading ../../../../../RiseOfArc/Aphelon/Content/ThirdPersonBP/Blueprints/HuD.uasset.
[2018.04.03-23.47.30:719][  0]LoadErrors: Error: /Game/ThirdPersonBP/Blueprints/HuD : Can't find file for asset. /Game/ThirdPersonBP/Blueprints/BarsBack
[2018.04.03-23.47.30:720][  0]LogLinker: Warning: Can't find file '/Game/ThirdPersonBP/Blueprints/PlayerPicBack'
[2018.04.03-23.47.30:720][  0]LogLinker: Warning: Can't find file for asset '/Game/ThirdPersonBP/Blueprints/PlayerPicBack' while loading ../../../../../RiseOfArc/Aphelon/Content/ThirdPersonBP/Blueprints/HuD.uasset.
[2018.04.03-23.47.30:720][  0]LoadErrors: Error: /Game/ThirdPersonBP/Blueprints/HuD : Can't find file for asset. /Game/ThirdPersonBP/Blueprints/PlayerPicBack
[2018.04.03-23.47.30:721][  0]LogLinker: Warning: Can't find file '/Game/ThirdPersonBP/Blueprints/BarsBack'
[2018.04.03-23.47.30:721][  0]LogLinker: Warning: Can't find file for asset '/Game/ThirdPersonBP/Blueprints/BarsBack' while loading ../../../../../RiseOfArc/Aphelon/Content/ThirdPersonBP/Blueprints/HuD.uasset.
[2018.04.03-23.47.30:721][  0]LoadErrors: Error: /Game/ThirdPersonBP/Blueprints/HuD : Can't find file for asset. /Game/ThirdPersonBP/Blueprints/BarsBack
[2018.04.03-23.47.30:721][  0]LogLinker: Warning: Can't find file '/Game/ThirdPersonBP/Blueprints/PlayerPicBack'
[2018.04.03-23.47.30:721][  0]LogLinker: Warning: Can't find file for asset '/Game/ThirdPersonBP/Blueprints/PlayerPicBack' while loading ../../../../../RiseOfArc/Aphelon/Content/ThirdPersonBP/Blueprints/HuD.uasset.
[2018.04.03-23.47.30:721][  0]LoadErrors: Error: /Game/ThirdPersonBP/Blueprints/HuD : Can't find file for asset. /Game/ThirdPersonBP/Blueprints/PlayerPicBack
[2018.04.03-23.47.37:540][  0]LogAIModule: Creating AISystem for world ThirdPersonExampleMap
[2018.04.03-23.47.37:759][  0]LogEditorServer: Finished looking for orphan Actors (0.000 secs)
[2018.04.03-23.47.37:774][  0]Cmd: MAP CHECKDEP NOCLEARLOG
[2018.04.03-23.47.37:865][  0]MapCheck: Map check complete: 0 Error(s), 0 Warning(s), took 90.103ms to complete.
[2018.04.03-23.47.37:865][  0]LogFileHelpers: Loading map 'ThirdPersonExampleMap' took 11.530
[2018.04.03-23.47.38:033][  0]LogCollectionManager: Loaded 0 collections in 0.000984 seconds
[2018.04.03-23.47.38:117][  0]LogFileCache: Scanning file cache for directory 'D:/RiseOfArc/Aphelon/Saved/Collections/' took 0.01s
[2018.04.03-23.47.38:117][  0]LogFileCache: Scanning file cache for directory 'D:/RiseOfArc/Aphelon/Content/Developers/calgo/Collections/' took 0.01s
[2018.04.03-23.47.38:117][  0]LogFileCache: Scanning file cache for directory 'D:/RiseOfArc/Aphelon/Content/Collections/' took 0.01s
[2018.04.03-23.47.38:117][  0]LogCollectionManager: Rebuilt the GUID cache for 0 collections in 0.000000 seconds
[2018.04.03-23.47.38:129][  0]LogContentBrowser: Native class hierarchy populated in 0.0117 seconds. Added 2363 classes and 519 folders.
[2018.04.03-23.47.38:193][  0]LogContentBrowser: Native class hierarchy updated for 'WidgetCarousel' in 0.0004 seconds. Added 0 classes and 0 folders.
[2018.04.03-23.47.38:255][  0]LogContentBrowser: Native class hierarchy updated for 'AddContentDialog' in 0.0002 seconds. Added 0 classes and 0 folders.
[2018.04.03-23.47.38:299][  0]LogContentBrowser: Native class hierarchy updated for 'SceneOutliner' in 0.0002 seconds. Added 1 classes and 2 folders.
[2018.04.03-23.47.38:325][  0]LogSlate: Took 0.000171 seconds to synchronously load lazily loaded font '../../../Engine/Content/Slate/Fonts/Roboto-Regular.ttf' (155K)
[2018.04.03-23.47.38:329][  0]LogSlate: Took 0.000311 seconds to synchronously load lazily loaded font '../../../Engine/Content/Slate/Fonts/Roboto-Bold.ttf' (160K)
[2018.04.03-23.47.38:335][  0]LogSlate: Took 0.000237 seconds to synchronously load lazily loaded font '../../../Engine/Content/Editor/Slate/Fonts/FontAwesome.ttf' (139K)
[2018.04.03-23.47.38:482][  0]LogRenderer: Reallocating scene render targets to support 1208x576 Format 10 NumSamples 1 (Frame:1).
[2018.04.03-23.47.38:844][  0]LogContentBrowser: Native class hierarchy updated for 'HierarchicalLODOutliner' in 0.0004 seconds. Added 1 classes and 2 folders.
[2018.04.03-23.47.38:845][  0]LogLoad: (Engine Initialization) Total time: 47.53 seconds
[2018.04.03-23.47.38:845][  0]LogLoad: (Engine Initialization) Total Blueprint compile time: 0.00 seconds
[2018.04.03-23.47.38:845][  0]LogExternalProfiler: Found external profiler: VSPerf
[2018.04.03-23.47.38:845][  0]LogExternalProfiler: Using external profiler: VSPerf
[2018.04.03-23.47.39:233][  0]LogContentStreaming: Texture pool size now 1000 MB
[2018.04.03-23.47.39:874][  2]LogAssetRegistry: Asset discovery search completed in 29.8326 seconds
[2018.04.03-23.47.39:889][  2]LogCollectionManager: Rebuilt the object cache for 0 collections in 0.000000 seconds (found 0 objects)
[2018.04.03-23.47.39:889][  2]LogCollectionManager: Fixed up redirectors for 0 collections in 0.000119 seconds (updated 0 objects)
[2018.04.03-23.47.47:075][260]LogSlate: Took 0.000309 seconds to synchronously load lazily loaded font '../../../Engine/Content/Slate/Fonts/Roboto-Light.ttf' (159K)
[2018.04.03-23.47.48:023][260]LogSlate: Took 0.000194 seconds to synchronously load lazily loaded font '../../../Engine/Content/Slate/Fonts/Roboto-Regular.ttf' (155K)
[2018.04.03-23.47.48:482][260]LogLinker: Warning: Can't find file '/Game/Geometry/ModularKit/Bricks/Brick1/Brick1_Mat'
[2018.04.03-23.47.48:482][260]LogLinker: Warning: Can't find file for asset '/Game/Geometry/ModularKit/Bricks/Brick1/Brick1_Mat' while loading ../../../../../RiseOfArc/Aphelon/Content/Geometry/Geometry/ModularKit/Bricks/Brick1/Brick1.uasset.
[2018.04.03-23.47.48:482][260]LoadErrors: Error: /Game/Geometry/Geometry/ModularKit/Bricks/Brick1/Brick1 : Can't find file for asset. /Game/Geometry/ModularKit/Bricks/Brick1/Brick1_Mat
[2018.04.03-23.47.48:482][260]LogLinker: Warning: Can't find file '/Game/Geometry/ModularKit/Bricks/Brick1/Brick1_Mat'
[2018.04.03-23.47.48:482][260]LogLinker: Warning: Can't find file for asset '/Game/Geometry/ModularKit/Bricks/Brick1/Brick1_Mat' while loading ../../../../../RiseOfArc/Aphelon/Content/Geometry/Geometry/ModularKit/Bricks/Brick1/Brick1.uasset.
[2018.04.03-23.47.49:935][260]LogLinker: Warning: Can't find file '/Game/Geometry/ModularKit/Bricks/Brick1/Brick1_Mat'
[2018.04.03-23.47.49:935][260]LoadErrors: Failed to load /Game/Geometry/ModularKit/Bricks/Brick1/Brick1_Mat.Brick1_Mat Referenced by Brick1
[2018.04.03-23.47.49:936][260]LogLinker: Warning: Can't find file for asset '/Game/Geometry/ModularKit/Bricks/Brick1/Brick1_Mat' while loading NULL.
[2018.04.03-23.47.49:936][260]LogLinker: Warning: Can't find file '/Game/Geometry/ModularKit/Bricks/Brick1/Brick1_Mat'
[2018.04.03-23.47.49:936][260]LogLinker: Warning: Can't find file for asset '/Game/Geometry/ModularKit/Bricks/Brick1/Brick1_Mat' while loading NULL.
[2018.04.03-23.47.50:923][260]LogAIModule: Creating AISystem for world Arc1
[2018.04.03-23.47.51:027][260]Cmd: MAP LOAD FILE="../../../../../RiseOfArc/Aphelon/Content/Maps/Arc1.umap" TEMPLATE=0 SHOWPROGRESS=1 FEATURELEVEL=3
[2018.04.03-23.47.51:027][260]LightingResults: New page: Lighting Build
[2018.04.03-23.47.51:035][260]LoadErrors: New page: Loading map: Arc1.umap
[2018.04.03-23.47.51:063][260]MapCheck: New page: Map Check
[2018.04.03-23.47.51:064][260]LightingResults: New page: Lighting Build
[2018.04.03-23.47.51:299][260]LogEditorServer: Finished looking for orphan Actors (0.000 secs)
[2018.04.03-23.47.51:348][260]Cmd: MAP CHECKDEP NOCLEARLOG
[2018.04.03-23.47.51:428][260]MapCheck: Map check complete: 0 Error(s), 0 Warning(s), took 78.892ms to complete.
[2018.04.03-23.47.51:428][260]LogFileHelpers: Loading map 'Arc1' took 0.428
[2018.04.03-23.48.18:222][853]LogTemp: Repeating last play command: New Editor Window (PIE)
[2018.04.03-23.48.19:370][853]LogPlayLevel: PlayLevel: No blueprints needed recompiling
[2018.04.03-23.48.19:551][853]PIE: New page: PIE session: Arc1 (Apr 3, 2018, 9:48:19 AM)
[2018.04.03-23.48.19:571][853]LogPlayLevel: Creating play world package: /Game/Maps/UEDPIE_0_Arc1
[2018.04.03-23.48.19:830][853]LogPlayLevel: PIE: StaticDuplicateObject took: (0.258744s)
[2018.04.03-23.48.19:831][853]LogAIModule: Creating AISystem for world Arc1
[2018.04.03-23.48.19:831][853]LogPlayLevel: PIE: World Init took: (0.000928s)
[2018.04.03-23.48.19:854][853]LogPlayLevel: PIE: Created PIE world by copying editor world from /Game/Maps/Arc1.Arc1 to /Game/Maps/UEDPIE_0_Arc1.Arc1 (0.282860s)
[2018.04.03-23.48.20:148][853]LogInit: XAudio2 using 'Speakers (3- HTC Vive)' : 2 channels at 44.1 kHz using 16 bits per sample (channel mask 0x3)
[2018.04.03-23.48.20:159][853]LogInit: FAudioDevice initialized.
[2018.04.03-23.48.20:452][853]LogLoad: Game class is 'ThirdPersonGameMode_C'
[2018.04.03-23.48.21:011][853]LogWorld: Bringing World /Game/Maps/UEDPIE_0_Arc1.Arc1 up for play (max tick rate 60) at 2018.04.03-16.48.21
[2018.04.03-23.48.22:102][853]LogWorld: Bringing up level for play took: 1.153396
[2018.04.03-23.48.22:678][853]LogContentBrowser: Native class hierarchy updated for 'MovieSceneCapture' in 0.0003 seconds. Added 11 classes and 0 folders.
[2018.04.03-23.48.23:287][853]PIE: Play in editor start time for /Game/Maps/UEDPIE_0_Arc1 4.254
[2018.04.03-23.48.24:794][853]LogRenderer: Reallocating scene render targets to support 1932x1116 Format 10 NumSamples 1 (Frame:1).
[2018.04.03-23.50.57:450][146]LogInit: XAudio2 using 'Speakers (Realtek High Definition Audio)' : 2 channels at 48 kHz using 32 bits per sample (channel mask 0x3)
