Log file open, 03/20/18 19:45:40
LogWindows: Failed to load 'aqProf.dll' (GetLastError=126)
LogWindows: File 'aqProf.dll' does not exist
LogWindows: Failed to load 'VtuneApi.dll' (GetLastError=126)
LogWindows: File 'VtuneApi.dll' does not exist
LogWindows: Failed to load 'VtuneApi32e.dll' (GetLastError=126)
LogWindows: File 'VtuneApi32e.dll' does not exist
LogInit: Display: Running engine for game: RiseOfArctorun
LogPlatformFile: Not using cached read wrapper
LogInit: Display: RandInit(619595492) SRandInit(619595492).
LogInit: Read version file with build ID '3709383'
LogInit: Overriding engine version to CL 3832480, compatible CL 3709383
LogInit: Registered custom module enumerator with build ID '3709383'
LogTaskGraph: Started task graph with 5 named threads and 14 total threads with 3 sets of task threads.
LogStats: Stats thread started at 0.205076
LogD3D11RHI: Aftermath initialized
LogModuleManager: Display: Found up-to-date module file ../../../Engine/Plugins/2D/Paper2D/Binaries/Win64/UE4Editor-Paper2D.dll (API version 3709383).
LogModuleManager: Display: Found up-to-date module file ../../../Engine/Plugins/2D/Paper2D/Binaries/Win64/UE4Editor-Paper2DEditor.dll (API version 3709383).
LogModuleManager: Display: Found up-to-date module file ../../../Engine/Plugins/2D/Paper2D/Binaries/Win64/UE4Editor-PaperSpriteSheetImporter.dll (API version 3709383).
LogModuleManager: Display: Found up-to-date module file ../../../Engine/Plugins/2D/Paper2D/Binaries/Win64/UE4Editor-PaperTiledImporter.dll (API version 3709383).
LogModuleManager: Display: Found up-to-date module file ../../../Engine/Plugins/2D/Paper2D/Binaries/Win64/UE4Editor-SmartSnapping.dll (API version 3709383).
LogModuleManager: Display: Found up-to-date module file ../../../Engine/Plugins/Blendables/LightPropagationVolume/Binaries/Win64/UE4Editor-LightPropagationVolumeRuntime.dll (API version 3709383).
LogModuleManager: Display: Found up-to-date module file ../../../Engine/Plugins/Blendables/LightPropagationVolume/Binaries/Win64/UE4Editor-LightPropagationVolumeEditor.dll (API version 3709383).
LogModuleManager: Display: Found up-to-date module file ../../../Engine/Plugins/Developer/GitSourceControl/Binaries/Win64/UE4Editor-GitSourceControl.dll (API version 3709383).
LogModuleManager: Display: Found up-to-date module file ../../../Engine/Plugins/Developer/PerforceSourceControl/Binaries/Win64/UE4Editor-PerforceSourceControl.dll (API version 3709383).
LogModuleManager: Display: Found up-to-date module file ../../../Engine/Plugins/Developer/SubversionSourceControl/Binaries/Win64/UE4Editor-SubversionSourceControl.dll (API version 3709383).
LogModuleManager: Display: Found up-to-date module file ../../../Engine/Plugins/Developer/UObjectPlugin/Binaries/Win64/UE4Editor-UObjectPlugin.dll (API version 3709383).
LogModuleManager: Display: Found up-to-date module file ../../../Engine/Plugins/Developer/VisualStudioCodeSourceCodeAccess/Binaries/Win64/UE4Editor-VisualStudioCodeSourceCodeAccess.dll (API version 3709383).
LogModuleManager: Display: Found up-to-date module file ../../../Engine/Plugins/Developer/VisualStudioSourceCodeAccess/Binaries/Win64/UE4Editor-VisualStudioSourceCodeAccess.dll (API version 3709383).
LogModuleManager: Display: Found up-to-date module file ../../../Engine/Plugins/Editor/AssetManagerEditor/Binaries/Win64/UE4Editor-AssetManagerEditor.dll (API version 3709383).
LogModuleManager: Display: Found up-to-date module file ../../../Engine/Plugins/Editor/AudioCapture/Binaries/Win64/UE4Editor-AudioCapture.dll (API version 3709383).
LogModuleManager: Display: Found up-to-date module file ../../../Engine/Plugins/Editor/FacialAnimation/Binaries/Win64/UE4Editor-FacialAnimation.dll (API version 3709383).
LogModuleManager: Display: Found up-to-date module file ../../../Engine/Plugins/Editor/FacialAnimation/Binaries/Win64/UE4Editor-FacialAnimationEditor.dll (API version 3709383).
LogModuleManager: Display: Found up-to-date module file ../../../Engine/Plugins/Editor/GameplayTagsEditor/Binaries/Win64/UE4Editor-GameplayTagsEditor.dll (API version 3709383).
LogModuleManager: Display: Found up-to-date module file ../../../Engine/Plugins/Editor/MobileLauncherProfileWizard/Binaries/Win64/UE4Editor-MobileLauncherProfileWizard.dll (API version 3709383).
LogModuleManager: Display: Found up-to-date module file ../../../Engine/Plugins/Editor/PluginBrowser/Binaries/Win64/UE4Editor-PluginBrowser.dll (API version 3709383).
LogModuleManager: Display: Found up-to-date module file ../../../Engine/Plugins/Editor/SpeedTreeImporter/Binaries/Win64/UE4Editor-SpeedTreeImporter.dll (API version 3709383).
LogModuleManager: Display: Found up-to-date module file ../../../Engine/Plugins/Experimental/AlembicImporter/Binaries/Win64/UE4Editor-AlembicImporter.dll (API version 3709383).
LogModuleManager: Display: Found up-to-date module file ../../../Engine/Plugins/Experimental/AlembicImporter/Binaries/Win64/UE4Editor-AlembicLibrary.dll (API version 3709383).
LogModuleManager: Display: Found up-to-date module file ../../../Engine/Plugins/Experimental/CharacterAI/Binaries/Win64/UE4Editor-CharacterAI.dll (API version 3709383).
LogModuleManager: Display: Found up-to-date module file ../../../Engine/Plugins/Experimental/HTML5Networking/Binaries/Win64/UE4Editor-HTML5Networking.dll (API version 3709383).
LogModuleManager: Display: Found up-to-date module file ../../../Engine/Plugins/Media/AndroidMedia/Binaries/Win64/UE4Editor-AndroidMediaEditor.dll (API version 3709383).
LogModuleManager: Display: Found up-to-date module file ../../../Engine/Plugins/Media/AndroidMedia/Binaries/Win64/UE4Editor-AndroidMediaFactory.dll (API version 3709383).
LogModuleManager: Display: Found up-to-date module file ../../../Engine/Plugins/Media/AvfMedia/Binaries/Win64/UE4Editor-AvfMediaEditor.dll (API version 3709383).
LogModuleManager: Display: Found up-to-date module file ../../../Engine/Plugins/Media/AvfMedia/Binaries/Win64/UE4Editor-AvfMediaFactory.dll (API version 3709383).
LogModuleManager: Display: Found up-to-date module file ../../../Engine/Plugins/Media/AvfMedia/Binaries/Win64/UE4Editor-AvfMediaFactory.dll (API version 3709383).
LogModuleManager: Display: Found up-to-date module file ../../../Engine/Plugins/Media/ImgMedia/Binaries/Win64/UE4Editor-ImgMedia.dll (API version 3709383).
LogModuleManager: Display: Found up-to-date module file ../../../Engine/Plugins/Media/ImgMedia/Binaries/Win64/UE4Editor-ImgMediaEditor.dll (API version 3709383).
LogModuleManager: Display: Found up-to-date module file ../../../Engine/Plugins/Media/ImgMedia/Binaries/Win64/UE4Editor-ImgMediaFactory.dll (API version 3709383).
LogModuleManager: Display: Found up-to-date module file ../../../Engine/Plugins/Media/ImgMedia/Binaries/Win64/UE4Editor-ImgMediaFactory.dll (API version 3709383).
LogModuleManager: Display: Found up-to-date module file ../../../Engine/Plugins/Media/ImgMedia/Binaries/Win64/UE4Editor-OpenExrWrapper.dll (API version 3709383).
LogModuleManager: Display: Found up-to-date module file ../../../Engine/Plugins/Media/MediaCompositing/Binaries/Win64/UE4Editor-MediaCompositing.dll (API version 3709383).
LogModuleManager: Display: Found up-to-date module file ../../../Engine/Plugins/Media/MediaCompositing/Binaries/Win64/UE4Editor-MediaCompositingEditor.dll (API version 3709383).
LogModuleManager: Display: Found up-to-date module file ../../../Engine/Plugins/Media/MediaPlayerEditor/Binaries/Win64/UE4Editor-MediaPlayerEditor.dll (API version 3709383).
LogModuleManager: Display: Found up-to-date module file ../../../Engine/Plugins/Media/WmfMedia/Binaries/Win64/UE4Editor-WmfMedia.dll (API version 3709383).
LogModuleManager: Display: Found up-to-date module file ../../../Engine/Plugins/Media/WmfMedia/Binaries/Win64/UE4Editor-WmfMediaEditor.dll (API version 3709383).
LogModuleManager: Display: Found up-to-date module file ../../../Engine/Plugins/Media/WmfMedia/Binaries/Win64/UE4Editor-WmfMediaFactory.dll (API version 3709383).
LogModuleManager: Display: Found up-to-date module file ../../../Engine/Plugins/Media/WmfMedia/Binaries/Win64/UE4Editor-WmfMediaFactory.dll (API version 3709383).
LogModuleManager: Display: Found up-to-date module file ../../../Engine/Plugins/Messaging/TcpMessaging/Binaries/Win64/UE4Editor-TcpMessaging.dll (API version 3709383).
LogModuleManager: Display: Found up-to-date module file ../../../Engine/Plugins/Messaging/UdpMessaging/Binaries/Win64/UE4Editor-UdpMessaging.dll (API version 3709383).
LogModuleManager: Display: Found up-to-date module file ../../../Engine/Plugins/MovieScene/ActorSequence/Binaries/Win64/UE4Editor-ActorSequence.dll (API version 3709383).
LogModuleManager: Display: Found up-to-date module file ../../../Engine/Plugins/MovieScene/LevelSequenceEditor/Binaries/Win64/UE4Editor-LevelSequenceEditor.dll (API version 3709383).
LogModuleManager: Display: Found up-to-date module file ../../../Engine/Plugins/MovieScene/MatineeToLevelSequence/Binaries/Win64/UE4Editor-MatineeToLevelSequence.dll (API version 3709383).
LogModuleManager: Display: Found up-to-date module file ../../../Engine/Plugins/Online/OnlineSubsystem/Binaries/Win64/UE4Editor-OnlineSubsystem.dll (API version 3709383).
LogModuleManager: Display: Found up-to-date module file ../../../Engine/Plugins/Runtime/AndroidPermission/Binaries/Win64/UE4Editor-AndroidPermission.dll (API version 3709383).
LogModuleManager: Display: Found up-to-date module file ../../../Engine/Plugins/Online/OnlineSubsystemNull/Binaries/Win64/UE4Editor-OnlineSubsystemNull.dll (API version 3709383).
LogModuleManager: Display: Found up-to-date module file ../../../Engine/Plugins/Online/OnlineSubsystemUtils/Binaries/Win64/UE4Editor-OnlineSubsystemUtils.dll (API version 3709383).
LogModuleManager: Display: Found up-to-date module file ../../../Engine/Plugins/Online/OnlineSubsystemUtils/Binaries/Win64/UE4Editor-OnlineBlueprintSupport.dll (API version 3709383).
LogModuleManager: Display: Found up-to-date module file ../../../Engine/Plugins/Runtime/AndroidDeviceProfileSelector/Binaries/Win64/UE4Editor-AndroidDeviceProfileSelector.dll (API version 3709383).
LogModuleManager: Display: Found up-to-date module file ../../../Engine/Plugins/Runtime/AppleARKit/Binaries/Win64/UE4Editor-AppleARKit.dll (API version 3709383).
LogModuleManager: Display: Found up-to-date module file ../../../Engine/Plugins/Runtime/ArchVisCharacter/Binaries/Win64/UE4Editor-ArchVisCharacter.dll (API version 3709383).
LogModuleManager: Display: Found up-to-date module file ../../../Engine/Plugins/Runtime/CableComponent/Binaries/Win64/UE4Editor-CableComponent.dll (API version 3709383).
LogModuleManager: Display: Found up-to-date module file ../../../Engine/Plugins/Runtime/CustomMeshComponent/Binaries/Win64/UE4Editor-CustomMeshComponent.dll (API version 3709383).
LogModuleManager: Display: Found up-to-date module file ../../../Engine/Plugins/Runtime/ExampleDeviceProfileSelector/Binaries/Win64/UE4Editor-ExampleDeviceProfileSelector.dll (API version 3709383).
LogModuleManager: Display: Found up-to-date module file ../../../Engine/Plugins/Runtime/ImmediatePhysics/Binaries/Win64/UE4Editor-ImmediatePhysics.dll (API version 3709383).
LogModuleManager: Display: Found up-to-date module file ../../../Engine/Plugins/Runtime/ImmediatePhysics/Binaries/Win64/UE4Editor-ImmediatePhysicsEditor.dll (API version 3709383).
LogModuleManager: Display: Found up-to-date module file ../../../Engine/Plugins/Runtime/LocationServicesBPLibrary/Binaries/Win64/UE4Editor-LocationServicesBPLibrary.dll (API version 3709383).
LogModuleManager: Display: Found up-to-date module file ../../../Engine/Plugins/Runtime/MobilePatchingUtils/Binaries/Win64/UE4Editor-MobilePatchingUtils.dll (API version 3709383).
LogModuleManager: Display: Found up-to-date module file ../../../Engine/Plugins/Runtime/Oculus/OculusVR/Binaries/Win64/UE4Editor-OculusHMD.dll (API version 3709383).
LogModuleManager: Display: Found up-to-date module file ../../../Engine/Plugins/Runtime/Oculus/OculusVR/Binaries/Win64/UE4Editor-OculusInput.dll (API version 3709383).
LogModuleManager: Display: Found up-to-date module file ../../../Engine/Plugins/Runtime/Oculus/OculusVR/Binaries/Win64/UE4Editor-OculusEditor.dll (API version 3709383).
LogModuleManager: Display: Found up-to-date module file ../../../Engine/Plugins/Runtime/PhysXVehicles/Binaries/Win64/UE4Editor-PhysXVehicles.dll (API version 3709383).
LogModuleManager: Display: Found up-to-date module file ../../../Engine/Plugins/Runtime/PhysXVehicles/Binaries/Win64/UE4Editor-PhysXVehiclesEditor.dll (API version 3709383).
LogModuleManager: Display: Found up-to-date module file ../../../Engine/Plugins/Runtime/ProceduralMeshComponent/Binaries/Win64/UE4Editor-ProceduralMeshComponent.dll (API version 3709383).
LogModuleManager: Display: Found up-to-date module file ../../../Engine/Plugins/Runtime/ProceduralMeshComponent/Binaries/Win64/UE4Editor-ProceduralMeshComponentEditor.dll (API version 3709383).
LogModuleManager: Display: Found up-to-date module file ../../../Engine/Plugins/Runtime/RuntimePhysXCooking/Binaries/Win64/UE4Editor-RuntimePhysXCooking.dll (API version 3709383).
LogModuleManager: Display: Found up-to-date module file ../../../Engine/Plugins/Runtime/Steam/SteamVR/Binaries/Win64/UE4Editor-SteamVR.dll (API version 3709383).
LogModuleManager: Display: Found up-to-date module file ../../../Engine/Plugins/Runtime/Steam/SteamVR/Binaries/Win64/UE4Editor-SteamVRController.dll (API version 3709383).
LogModuleManager: Display: Found up-to-date module file ../../../Engine/Plugins/Runtime/WindowsMoviePlayer/Binaries/Win64/UE4Editor-WindowsMoviePlayer.dll (API version 3709383).
LogPluginManager: Mounting plugin Paper2D
LogPluginManager: Mounting plugin LightPropagationVolume
LogPluginManager: Mounting plugin CodeLiteSourceCodeAccess
LogPluginManager: Mounting plugin GitSourceControl
LogPluginManager: Mounting plugin KDevelopSourceCodeAccess
LogPluginManager: Mounting plugin NullSourceCodeAccess
LogPluginManager: Mounting plugin PerforceSourceControl
LogPluginManager: Mounting plugin SubversionSourceControl
LogPluginManager: Mounting plugin UObjectPlugin
LogPluginManager: Mounting plugin VisualStudioCodeSourceCodeAccess
LogPluginManager: Mounting plugin VisualStudioSourceCodeAccess
LogPluginManager: Mounting plugin XCodeSourceCodeAccess
LogPluginManager: Mounting plugin AssetManagerEditor
LogPluginManager: Mounting plugin AudioCapture
LogPluginManager: Mounting plugin FacialAnimation
LogPluginManager: Mounting plugin GameplayTagsEditor
LogPluginManager: Mounting plugin MobileLauncherProfileWizard
LogPluginManager: Mounting plugin PluginBrowser
LogPluginManager: Mounting plugin SpeedTreeImporter
LogPluginManager: Mounting plugin AlembicImporter
LogPluginManager: Mounting plugin CharacterAI
LogPluginManager: Mounting plugin HTML5Networking
LogPluginManager: Mounting plugin AndroidMedia
LogPluginManager: Mounting plugin AvfMedia
LogPluginManager: Mounting plugin ImgMedia
LogPluginManager: Mounting plugin MediaCompositing
LogPluginManager: Mounting plugin MediaPlayerEditor
LogPluginManager: Mounting plugin WmfMedia
LogPluginManager: Mounting plugin TcpMessaging
LogPluginManager: Mounting plugin UdpMessaging
LogPluginManager: Mounting plugin ActorSequence
LogPluginManager: Mounting plugin LevelSequenceEditor
LogPluginManager: Mounting plugin MatineeToLevelSequence
LogPluginManager: Mounting plugin OnlineSubsystemGooglePlay
LogPluginManager: Mounting plugin OnlineSubsystemIOS
LogPluginManager: Mounting plugin OnlineSubsystem
LogPluginManager: Mounting plugin OnlineSubsystemNull
LogPluginManager: Mounting plugin OnlineSubsystemUtils
LogPluginManager: Mounting plugin AndroidDeviceProfileSelector
LogPluginManager: Mounting plugin AndroidMoviePlayer
LogPluginManager: Mounting plugin AndroidPermission
LogPluginManager: Mounting plugin AppleARKit
LogPluginManager: Mounting plugin AppleMoviePlayer
LogPluginManager: Mounting plugin ArchVisCharacter
LogPluginManager: Mounting plugin CableComponent
LogPluginManager: Mounting plugin CustomMeshComponent
LogPluginManager: Mounting plugin ExampleDeviceProfileSelector
LogPluginManager: Mounting plugin GoogleCloudMessaging
LogPluginManager: Mounting plugin ImmediatePhysics
LogPluginManager: Mounting plugin IOSDeviceProfileSelector
LogPluginManager: Mounting plugin LinuxDeviceProfileSelector
LogPluginManager: Mounting plugin LocationServicesBPLibrary
LogPluginManager: Mounting plugin MobilePatchingUtils
LogPluginManager: Mounting plugin OculusVR
LogPluginManager: Plugin shader directory ../../../Engine/Plugins/Runtime/Oculus/OculusVR/Shaders found
LogPluginManager: Mapping shader source directory ../../../Engine/Plugins/Runtime/Oculus/OculusVR/Shaders to virtual directory /Plugin/OculusVR
LogPluginManager: Mounting plugin PhysXVehicles
LogPluginManager: Mounting plugin ProceduralMeshComponent
LogPluginManager: Mounting plugin RuntimePhysXCooking
LogPluginManager: Mounting plugin SteamVR
LogPluginManager: Mounting plugin WindowsMoviePlayer
LogInit: Using libcurl 7.47.1
LogInit:  - built for x86_64-pc-win32
LogInit:  - supports SSL with OpenSSL/1.0.2g
LogInit:  - supports HTTP deflate (compression) using libz 1.2.8
LogInit:  - other features:
LogInit:      CURL_VERSION_SSL
LogInit:      CURL_VERSION_LIBZ
LogInit:      CURL_VERSION_IPV6
LogInit:      CURL_VERSION_ASYNCHDNS
LogInit:      CURL_VERSION_LARGEFILE
LogInit:      CURL_VERSION_IDN
LogInit:  CurlRequestOptions (configurable via config and command line):
LogInit:  - bVerifyPeer = false  - Libcurl will NOT verify peer certificate
LogInit:  - bUseHttpProxy = false  - Libcurl will NOT use HTTP proxy
LogInit:  - bDontReuseConnections = false  - Libcurl will reuse connections
LogInit:  - CertBundlePath = nullptr  - Libcurl will use whatever was configured at build time.
LogInit: Build: ++UE4+Release-4.18-CL-3832480
LogInit: Engine Version: 4.18.3-3832480+++UE4+Release-4.18
LogInit: Compatible Engine Version: 4.18.0-3709383+++UE4+Release-4.18
LogInit: Net CL: 3709383
LogDevObjectVersion: Number of dev versions registered: 16
LogDevObjectVersion:   Dev-Blueprints (B0D832E4-1F89-4F0D-ACCF-7EB736FD4AA2): 10
LogDevObjectVersion:   Dev-Build (E1C64328-A22C-4D53-A36C-8E866417BD8C): 0
LogDevObjectVersion:   Dev-Core (375EC13C-06E4-48FB-B500-84F0262A717E): 2
LogDevObjectVersion:   Dev-Editor (E4B068ED-F494-42E9-A231-DA0B2E46BB41): 20
LogDevObjectVersion:   Dev-Framework (CFFC743F-43B0-4480-9391-14DF171D2073): 30
LogDevObjectVersion:   Dev-Mobile (B02B49B5-BB20-44E9-A304-32B752E40360): 0
LogDevObjectVersion:   Dev-Networking (A4E4105C-59A1-49B5-A7C5-40C4547EDFEE): 0
LogDevObjectVersion:   Dev-Online (39C831C9-5AE6-47DC-9A44-9C173E1C8E7C): 0
LogDevObjectVersion:   Dev-Physics (78F01B33-EBEA-4F98-B9B4-84EACCB95AA2): 0
LogDevObjectVersion:   Dev-Platform (6631380F-2D4D-43E0-8009-CF276956A95A): 0
LogDevObjectVersion:   Dev-Rendering (12F88B9F-8875-4AFC-A67C-D90C383ABD29): 20
LogDevObjectVersion:   Dev-Sequencer (7B5AE74C-D270-4C10-A958-57980B212A5A): 4
LogDevObjectVersion:   Dev-VR (D7296918-1DD6-4BDD-9DE2-64A83CC13884): 0
LogDevObjectVersion:   Dev-LoadTimes (C2A15278-BFE7-4AFE-6C17-90FF531DF755): 1
LogDevObjectVersion:   Private-Geometry (6EACA3D4-40EC-4CC1-B786-8BED09428FC5): 1
LogDevObjectVersion:   Dev-AnimPhys (29E575DD-E0A3-4627-9D10-D276232CDCEA): 12
LogInit: Compiled (64-bit): Jan 12 2018 02:04:55
LogInit: Compiled with Visual C++: 19.00.24215.01
LogInit: Build Configuration: Development
LogInit: Branch Name: ++UE4+Release-4.18
LogInit: Command line:  
LogInit: Base directory: D:/Unreal Engine 4/UE_4.18/Engine/Binaries/Win64/
LogInit: Installed Engine Build: 1
LogInit: Presizing for max 8388607 objects, including 0 objects not considered by GC, pre-allocating 0 bytes for permanent pool.
LogInit: Object subsystem initialized
[2018.03.21-02.45.41:948][  0]LogInit: Selected Device Profile: [Windows]
[2018.03.21-02.45.41:948][  0]LogInit: Applying CVar settings loaded from the selected device profile: [Windows]
[2018.03.21-02.45.41:970][  0]LogInit: Computer: LAPTOP-BHO2KMSR
[2018.03.21-02.45.41:970][  0]LogInit: User: calgo
[2018.03.21-02.45.41:970][  0]LogInit: CPU Page size=4096, Cores=4
[2018.03.21-02.45.41:970][  0]LogInit: High frequency timer resolution =2.531253 MHz
[2018.03.21-02.45.41:970][  0]LogMemory: Memory total: Physical=15.9GB (16GB approx)
[2018.03.21-02.45.41:970][  0]LogMemory: Platform Memory Stats for Windows
[2018.03.21-02.45.41:970][  0]LogMemory: Process Physical Memory: 274.89 MB used, 274.89 MB peak
[2018.03.21-02.45.41:970][  0]LogMemory: Process Virtual Memory: 269.98 MB used, 269.98 MB peak
[2018.03.21-02.45.41:970][  0]LogMemory: Physical Memory: 7411.59 MB used,  8864.59 MB free, 16276.17 MB total
[2018.03.21-02.45.41:970][  0]LogMemory: Virtual Memory: 683.06 MB used,  8864.59 MB free, 134217728.00 MB total
[2018.03.21-02.45.42:142][  0]LogInit: Using OS detected language (en-US).
[2018.03.21-02.45.42:142][  0]LogInit: Using OS detected locale (en-US).
[2018.03.21-02.45.42:147][  0]LogTextLocalizationManager: No specific localization for 'en-US' exists, so the 'en' localization will be used.
[2018.03.21-02.45.42:706][  0]LogInit: Setting process to per monitor DPI aware
[2018.03.21-02.45.43:049][  0]LogD3D11RHI: D3D11 adapters:
[2018.03.21-02.45.43:136][  0]LogD3D11RHI:    0. 'NVIDIA GeForce GTX 1060' (Feature Level 11_0)
[2018.03.21-02.45.43:136][  0]LogD3D11RHI:       6061/0/8138 MB DedicatedVideo/DedicatedSystem/SharedSystem, Outputs:1, VendorId:0x10de
[2018.03.21-02.45.43:150][  0]LogD3D11RHI:    1. 'Intel(R) HD Graphics 530' (Feature Level 11_0)
[2018.03.21-02.45.43:150][  0]LogD3D11RHI:       128/0/8138 MB DedicatedVideo/DedicatedSystem/SharedSystem, Outputs:0, VendorId:0x8086
[2018.03.21-02.45.43:153][  0]LogD3D11RHI:    2. 'Microsoft Basic Render Driver' (Feature Level 11_0)
[2018.03.21-02.45.43:153][  0]LogD3D11RHI:       0/0/8138 MB DedicatedVideo/DedicatedSystem/SharedSystem, Outputs:0, VendorId:0x1414
[2018.03.21-02.45.43:153][  0]LogD3D11RHI: Chosen D3D11 Adapter: 0
[2018.03.21-02.45.43:164][  0]LogD3D11RHI: Creating new Direct3DDevice
[2018.03.21-02.45.43:164][  0]LogD3D11RHI:     GPU DeviceId: 0x1c20 (for the marketing name, search the web for "GPU Device Id")
[2018.03.21-02.45.43:164][  0]LogWindows: EnumDisplayDevices:
[2018.03.21-02.45.43:165][  0]LogWindows:    0. 'Intel(R) HD Graphics 530' (P:1 D:1)
[2018.03.21-02.45.43:165][  0]LogWindows:    1. 'Intel(R) HD Graphics 530' (P:0 D:0)
[2018.03.21-02.45.43:165][  0]LogWindows:    2. 'Intel(R) HD Graphics 530' (P:0 D:0)
[2018.03.21-02.45.43:165][  0]LogWindows:    3. 'NVIDIA GeForce GTX 1060' (P:0 D:0)
[2018.03.21-02.45.43:165][  0]LogWindows: DebugString: GetVideoDriverDetailsInvalid PrimaryIsNotTheChoosenAdapter GetVideoDriverDetailsInvalid PrimaryIsNotTheChoosenAdapter GetVideoDriverDetailsInvalid PrimaryIsNotTheChoosenAdapter GetVideoDriverDetailsInvalid PrimaryIsNotTheChoosenAdapter FoundDriverCount:0 
[2018.03.21-02.45.43:166][  0]LogD3D11RHI:     Adapter Name: NVIDIA GeForce GTX 1060
[2018.03.21-02.45.43:166][  0]LogD3D11RHI:   Driver Version: Unknown (internal:Unknown, unified:Unknown)
[2018.03.21-02.45.43:166][  0]LogD3D11RHI:      Driver Date: Unknown
[2018.03.21-02.45.43:166][  0]LogRHI: Texture pool is 4242 MB (70% of 6061 MB)
[2018.03.21-02.45.43:213][  0]LogD3D11RHI: Async texture creation enabled
[2018.03.21-02.45.43:294][  0]LogD3D11RHI: GPU Timing Frequency: 1000.000000 (Debug: 2 2)
[2018.03.21-02.45.43:295][  0]LogShaderCompilers: Guid format shader working directory is 11 characters bigger than the processId version (../../../../../RiseOfArc/Riseofarc/Intermediate/Shaders/WorkingDirectory/19260/).
[2018.03.21-02.45.43:295][  0]LogShaderCompilers: Cleaned the shader compiler working directory 'C:/Users/calgo/AppData/Local/Temp/UnrealShaderWorkingDir/0F3F450A49DD07AE75E2DF84199573AF/'.
[2018.03.21-02.45.43:295][  0]LogShaderCompilers: Display: Using Local Shader Compiler.
[2018.03.21-02.45.44:550][  0]LogTemp: Display: Loaded TP AllDesktopTargetPlatform
[2018.03.21-02.45.44:619][  0]LogTemp: Display: Loaded TP MacClientTargetPlatform
[2018.03.21-02.45.44:678][  0]LogTemp: Display: Loaded TP MacNoEditorTargetPlatform
[2018.03.21-02.45.44:740][  0]LogTemp: Display: Loaded TP MacServerTargetPlatform
[2018.03.21-02.45.44:807][  0]LogTemp: Display: Loaded TP MacTargetPlatform
[2018.03.21-02.45.44:870][  0]LogTemp: Display: Loaded TP WindowsClientTargetPlatform
[2018.03.21-02.45.44:929][  0]LogTemp: Display: Loaded TP WindowsNoEditorTargetPlatform
[2018.03.21-02.45.44:991][  0]LogTemp: Display: Loaded TP WindowsServerTargetPlatform
[2018.03.21-02.45.45:042][  0]LogTemp: Display: Loaded TP WindowsTargetPlatform
[2018.03.21-02.45.45:102][  0]LogTemp: Display: Loaded TP Android_ASTCTargetPlatform
[2018.03.21-02.45.45:164][  0]LogTemp: Display: Loaded TP Android_ATCTargetPlatform
[2018.03.21-02.45.45:225][  0]LogTemp: Display: Loaded TP Android_DXTTargetPlatform
[2018.03.21-02.45.45:287][  0]LogTemp: Display: Loaded TP Android_ETC1TargetPlatform
[2018.03.21-02.45.45:350][  0]LogTemp: Display: Loaded TP Android_ETC2TargetPlatform
[2018.03.21-02.45.45:471][  0]LogTemp: Display: Loaded TP Android_MultiTargetPlatform
[2018.03.21-02.45.45:471][  0]LogTemp: Display: Loaded TP Android_PVRTCTargetPlatform
[2018.03.21-02.45.45:534][  0]LogTemp: Display: Loaded TP AndroidTargetPlatform
[2018.03.21-02.45.45:583][  0]LogTemp: Display: Loaded TP HTML5TargetPlatform
[2018.03.21-02.45.45:686][  0]LogTemp: Display: Loaded TP IOSTargetPlatform
[2018.03.21-02.45.45:721][  0]LogTemp: Display: Loaded TP TVOSTargetPlatform
[2018.03.21-02.45.45:787][  0]LogTemp: Display: Loaded TP LinuxClientTargetPlatform
[2018.03.21-02.45.45:851][  0]LogTemp: Display: Loaded TP LinuxNoEditorTargetPlatform
[2018.03.21-02.45.45:910][  0]LogTemp: Display: Loaded TP LinuxServerTargetPlatform
[2018.03.21-02.45.45:973][  0]LogTemp: Display: Loaded TP LinuxTargetPlatform
[2018.03.21-02.45.45:973][  0]LogTargetPlatformManager: Display: Building Assets For Windows
[2018.03.21-02.45.46:521][  0]LogDerivedDataCache: Display: Max Cache Size: 512 MB
[2018.03.21-02.45.46:638][  0]LogDerivedDataCache: Loaded boot cache 0.12s 92MB C:/Users/calgo/AppData/Local/UnrealEngine/4.18/DerivedDataCache/Boot.ddc.
[2018.03.21-02.45.46:638][  0]LogDerivedDataCache: Display: Loaded Boot cache: C:/Users/calgo/AppData/Local/UnrealEngine/4.18/DerivedDataCache/Boot.ddc
[2018.03.21-02.45.46:638][  0]LogDerivedDataCache: FDerivedDataBackendGraph:  Pak pak cache file ../../../../../RiseOfArc/Riseofarc/DerivedDataCache/DDC.ddp not found, will not use a pak cache.
[2018.03.21-02.45.46:638][  0]LogDerivedDataCache: Unable to find inner node Pak for hierarchical cache Hierarchy.
[2018.03.21-02.45.46:638][  0]LogDerivedDataCache: FDerivedDataBackendGraph:  CompressedPak pak cache file ../../../../../RiseOfArc/Riseofarc/DerivedDataCache/Compressed.ddp not found, will not use a pak cache.
[2018.03.21-02.45.46:638][  0]LogDerivedDataCache: Unable to find inner node CompressedPak for hierarchical cache Hierarchy.
[2018.03.21-02.45.46:661][  0]LogDerivedDataCache: Display: Pak cache opened for reading ../../../Engine/DerivedDataCache/Compressed.ddp.
[2018.03.21-02.45.46:674][  0]LogDerivedDataCache: Using Local data cache path C:/Users/calgo/AppData/Local/UnrealEngine/Common/DerivedDataCache: Writable
[2018.03.21-02.45.46:690][  0]LogMaterial: Verifying Global Shaders for PCD3D_SM5
[2018.03.21-02.45.46:690][  0]LogSlate: Using Freetype 2.6.0
[2018.03.21-02.45.46:692][  0]LogSlate: SlateFontCache - WITH_FREETYPE: 1, WITH_HARFBUZZ: 1
[2018.03.21-02.45.46:692][  0]LogSlate: SlateFontCache - WITH_FREETYPE: 1, WITH_HARFBUZZ: 1
[2018.03.21-02.45.47:222][  0]LogInit: Selected Device Profile: [Windows]
[2018.03.21-02.45.47:621][  0]LogSimplygon: Simplygon DLL not present - disabling.
[2018.03.21-02.45.47:668][  0]LogMeshReduction: Using SimplygonSwarm for distributed automatic mesh merging
[2018.03.21-02.45.47:668][  0]LogMeshReduction: Using QuadricMeshReduction for automatic static mesh reduction
[2018.03.21-02.45.47:668][  0]LogMeshReduction: No automatic skeletal mesh reduction module available
[2018.03.21-02.45.47:668][  0]LogMeshReduction: No automatic mesh merging module available
[2018.03.21-02.45.47:669][  0]LogMeshMerging: No automatic mesh merging module available
[2018.03.21-02.45.47:701][  0]LogNetVersion: RiseOfArctorun , NetCL: 3709383, EngineNetVer: 2, GameNetVer: 0 (Checksum: 369041115)
[2018.03.21-02.45.47:899][  0]LogAssetRegistry: FAssetRegistry took 0.0270 seconds to start up
[2018.03.21-02.45.48:604][  0]LogPackageLocalizationCache: Processed 7 localized package path(s) for 2 prioritized culture(s) in 0.104563 seconds
[2018.03.21-02.45.48:614][  0]LogUObjectArray: 35870 objects as part of root set at end of initial load.
[2018.03.21-02.45.48:614][  0]LogUObjectAllocator: 7363696 out of 0 bytes used by permanent object pool.
[2018.03.21-02.45.48:614][  0]LogUObjectArray: CloseDisregardForGC: 0/0 objects in disregard for GC pool
[2018.03.21-02.45.48:682][  0]LogInit: WinSock: version 1.1 (2.2), MaxSocks=32767, MaxUdp=65467
[2018.03.21-02.45.52:145][  0]LogTcpMessaging: Initializing TcpMessaging bridge
[2018.03.21-02.45.52:193][  0]LogUdpMessaging: Initializing bridge on interface 0.0.0.0:0 to multicast group 230.0.0.1:6666.
[2018.03.21-02.45.53:024][  0]LogMaterial: Uniform references updated for custom material expression Custom.
[2018.03.21-02.45.53:622][  0]SourceControl: Source control is disabled
[2018.03.21-02.45.53:623][  0]SourceControl: Source control is disabled
[2018.03.21-02.45.54:864][  0]LogAndroidPermission: UAndroidPermissionCallbackProxy::GetInstance
[2018.03.21-02.45.55:202][  0]LogOcInput: OculusInput pre-init called
[2018.03.21-02.45.55:569][  0]LogEngine: Initializing Engine...
[2018.03.21-02.45.56:181][  0]LogHMD: SteamVR initialized.  Driver: lighthouse  Display: LHR-5FD29566
[2018.03.21-02.45.56:460][  0]LogStats: UGameplayTagsManager::ConstructGameplayTagTree: Construct from data asset -  0.000 s
[2018.03.21-02.45.56:460][  0]LogStats: UGameplayTagsManager::ConstructGameplayTagTree: GameplayTagTreeChangedEvent.Broadcast -  0.000 s
[2018.03.21-02.45.56:604][  0]LogAIModule: Creating AISystem for world Untitled
[2018.03.21-02.45.56:635][  0]LogInit: XAudio2 using 'Speakers (HTC Vive)' : 2 channels at 44.1 kHz using 16 bits per sample (channel mask 0x3)
[2018.03.21-02.45.56:654][  0]LogInit: FAudioDevice initialized.
[2018.03.21-02.45.56:806][  0]LogDerivedDataCache: Saved boot cache 0.15s 92MB C:/Users/calgo/AppData/Local/UnrealEngine/4.18/DerivedDataCache/Boot.ddc.
[2018.03.21-02.45.56:821][  0]LogInit: Texture streaming: Enabled
[2018.03.21-02.45.56:934][  0]LogEngineSessionManager: EngineSessionManager initialized
[2018.03.21-02.45.57:077][  0]LogInit: Transaction tracking system initialized
[2018.03.21-02.45.57:464][  0]BlueprintLog: New page: Editor Load
[2018.03.21-02.45.58:419][  0]LocalizationService: Localization service is disabled
[2018.03.21-02.45.59:240][  0]LogConsoleResponse: Display: 
[2018.03.21-02.45.59:449][  0]LogCook: Display: Max memory allowance for cook 16384mb min free memory 0mb
[2018.03.21-02.45.59:449][  0]LogCook: Display: Mobile HDR setting 1
[2018.03.21-02.45.59:449][  0]LogGameplayTags: Display: UGameplayTagsManager::DoneAddingNativeTags. DelegateIsBound: 0
[2018.03.21-02.46.00:647][  0]LogFileCache: Scanning file cache for directory 'D:/RiseOfArc/Riseofarc/Content/' took 0.08s
[2018.03.21-02.46.05:236][  0]SourceControl: Error: P4ERROR: Failed to connect to source control provider.
[2018.03.21-02.46.05:236][  0]SourceControl: Error: Connect to server failed; check $P4PORT.
TCP connect to perforce:1666 failed.
No such host is known. 

[2018.03.21-02.46.05:236][  0]SourceControl: Error: Port=perforce:1666, User=Aphelon, ClientSpec=, Ticket=
[2018.03.21-02.46.05:236][  0]Cmd: MAP LOAD FILE="../../../../../RiseOfArc/Riseofarc/Content/ThirdPersonBP/Maps/ThirdPersonExampleMap.umap" TEMPLATE=0 SHOWPROGRESS=1 FEATURELEVEL=3
[2018.03.21-02.46.05:240][  0]LightingResults: New page: Lighting Build
[2018.03.21-02.46.05:280][  0]MapCheck: New page: Map Check
[2018.03.21-02.46.05:280][  0]LightingResults: New page: Lighting Build
[2018.03.21-02.46.05:338][  0]LogBlueprint: Warning: [Compiler NewAnimBlueprint] idle to death  will never be taken, please connect something to  Can Enter Transition
[2018.03.21-02.46.05:341][  0]LogBlueprint: Warning: [Compiler NewAnimBlueprint] [0026.31] Compile of NewAnimBlueprint successful, but with 1 Warning(s) [in 6 ms] (/Game/ThirdPersonBP/Blueprints/NewAnimBlueprint.NewAnimBlueprint)
[2018.03.21-02.46.06:206][  0]LogAIModule: Creating AISystem for world ThirdPersonExampleMap
[2018.03.21-02.46.06:230][  0]LogEditorServer: Finished looking for orphan Actors (0.000 secs)
[2018.03.21-02.46.06:245][  0]Cmd: MAP CHECKDEP NOCLEARLOG
[2018.03.21-02.46.06:310][  0]MapCheck: Map check complete: 0 Error(s), 0 Warning(s), took 65.066ms to complete.
[2018.03.21-02.46.06:310][  0]LogFileHelpers: Loading map 'ThirdPersonExampleMap' took 1.074
[2018.03.21-02.46.06:486][  0]LogCollectionManager: Loaded 0 collections in 0.001315 seconds
[2018.03.21-02.46.06:566][  0]LogFileCache: Scanning file cache for directory 'D:/RiseOfArc/Riseofarc/Saved/Collections/' took 0.01s
[2018.03.21-02.46.06:567][  0]LogFileCache: Scanning file cache for directory 'D:/RiseOfArc/Riseofarc/Content/Developers/calgo/Collections/' took 0.01s
[2018.03.21-02.46.06:567][  0]LogFileCache: Scanning file cache for directory 'D:/RiseOfArc/Riseofarc/Content/Collections/' took 0.01s
[2018.03.21-02.46.06:567][  0]LogCollectionManager: Rebuilt the GUID cache for 0 collections in 0.000000 seconds
[2018.03.21-02.46.06:578][  0]LogContentBrowser: Native class hierarchy populated in 0.0112 seconds. Added 2363 classes and 519 folders.
[2018.03.21-02.46.06:642][  0]LogContentBrowser: Native class hierarchy updated for 'WidgetCarousel' in 0.0002 seconds. Added 0 classes and 0 folders.
[2018.03.21-02.46.06:690][  0]LogContentBrowser: Native class hierarchy updated for 'AddContentDialog' in 0.0003 seconds. Added 0 classes and 0 folders.
[2018.03.21-02.46.06:733][  0]LogContentBrowser: Native class hierarchy updated for 'SceneOutliner' in 0.0004 seconds. Added 1 classes and 2 folders.
[2018.03.21-02.46.06:767][  0]LogSlate: Took 0.000419 seconds to synchronously load lazily loaded font '../../../Engine/Content/Slate/Fonts/Roboto-Regular.ttf' (155K)
[2018.03.21-02.46.06:770][  0]LogSlate: Took 0.000292 seconds to synchronously load lazily loaded font '../../../Engine/Content/Slate/Fonts/Roboto-Bold.ttf' (160K)
[2018.03.21-02.46.06:778][  0]LogSlate: Took 0.000387 seconds to synchronously load lazily loaded font '../../../Engine/Content/Editor/Slate/Fonts/FontAwesome.ttf' (139K)
[2018.03.21-02.46.06:913][  0]LogRenderer: Reallocating scene render targets to support 1208x576 Format 10 NumSamples 1 (Frame:1).
[2018.03.21-02.46.07:193][  0]LogContentBrowser: Native class hierarchy updated for 'HierarchicalLODOutliner' in 0.0003 seconds. Added 1 classes and 2 folders.
[2018.03.21-02.46.07:193][  0]LogLoad: (Engine Initialization) Total time: 28.16 seconds
[2018.03.21-02.46.07:193][  0]LogLoad: (Engine Initialization) Total Blueprint compile time: 0.00 seconds
[2018.03.21-02.46.07:193][  0]LogExternalProfiler: Found external profiler: VSPerf
[2018.03.21-02.46.07:193][  0]LogExternalProfiler: Using external profiler: VSPerf
[2018.03.21-02.46.07:571][  0]LogContentStreaming: Texture pool size now 1000 MB
[2018.03.21-02.46.09:546][  6]LogAssetRegistry: Asset discovery search completed in 21.6690 seconds
[2018.03.21-02.46.09:562][  6]LogCollectionManager: Rebuilt the object cache for 0 collections in 0.000000 seconds (found 0 objects)
[2018.03.21-02.46.09:562][  6]LogCollectionManager: Fixed up redirectors for 0 collections in 0.000117 seconds (updated 0 objects)
[2018.03.21-02.46.11:232][ 12]LogSourceControl: Error: P4ERROR: Invalid connection to server.
[2018.03.21-02.46.11:232][ 12]LogSourceControl: Error: Connect to server failed; check $P4PORT.
TCP connect to perforce:1666 failed.
No such host is known. 

[2018.03.21-02.46.12:959][ 21]LogDialogs: Warning: Suppressed: VR Mode enables you to work on your project in virtual reality using motion controllers. This feature is still under development, so you may experience bugs or crashes while using it.
[2018.03.21-02.46.13:014][ 21]LogRenderer: Reallocating scene render targets to support 2160x1200 Format 10 NumSamples 1 (Frame:3).
[2018.03.21-02.46.41:918][580]LogBlueprintUserMessages: Early PlayInEditor Detection: Level '/Game/ThirdPersonBP/Maps/ThirdPersonExampleMap.ThirdPersonExampleMap:PersistentLevel' has LevelScriptBlueprint '/Game/ThirdPersonBP/Maps/ThirdPersonExampleMap.ThirdPersonExampleMap:PersistentLevel.ThirdPersonExampleMap' with GeneratedClass '/Game/ThirdPersonBP/Maps/ThirdPersonExampleMap.ThirdPersonExampleMap_C' with ClassGeneratedBy '/Game/ThirdPersonBP/Maps/ThirdPersonExampleMap.ThirdPersonExampleMap:PersistentLevel.ThirdPersonExampleMap'
[2018.03.21-02.46.41:918][580]LogPlayLevel: PlayLevel: No blueprints needed recompiling
[2018.03.21-02.46.41:918][580]PIE: New page: SIE session: ThirdPersonExampleMap (Mar 20, 2018, 12:46:41 PM)
[2018.03.21-02.46.41:918][580]LogPlayLevel: Creating play world package: /Game/ThirdPersonBP/Maps/UEDPIE_0_ThirdPersonExampleMap
[2018.03.21-02.46.41:949][580]LogPlayLevel: PIE: StaticDuplicateObject took: (0.030866s)
[2018.03.21-02.46.41:950][580]LogAIModule: Creating AISystem for world ThirdPersonExampleMap
[2018.03.21-02.46.41:950][580]LogPlayLevel: PIE: World Init took: (0.001017s)
[2018.03.21-02.46.41:951][580]LogPlayLevel: PIE: Created PIE world by copying editor world from /Game/ThirdPersonBP/Maps/ThirdPersonExampleMap.ThirdPersonExampleMap to /Game/ThirdPersonBP/Maps/UEDPIE_0_ThirdPersonExampleMap.ThirdPersonExampleMap (0.032324s)
[2018.03.21-02.46.41:969][580]LogInit: XAudio2 using 'Speakers (HTC Vive)' : 2 channels at 44.1 kHz using 16 bits per sample (channel mask 0x3)
[2018.03.21-02.46.41:978][580]LogInit: FAudioDevice initialized.
[2018.03.21-02.46.42:036][580]LogLoad: Game class is 'ThirdPersonGameMode_C'
[2018.03.21-02.46.42:046][580]LogWorld: Bringing World /Game/ThirdPersonBP/Maps/UEDPIE_0_ThirdPersonExampleMap.ThirdPersonExampleMap up for play (max tick rate 60) at 2018.03.20-19.46.42
[2018.03.21-02.46.42:050][580]LogWorld: Bringing up level for play took: 0.011761
[2018.03.21-02.46.42:091][580]LogContentBrowser: Native class hierarchy updated for 'MovieSceneCapture' in 0.0004 seconds. Added 11 classes and 0 folders.
[2018.03.21-02.46.42:093][580]PIE: Play in editor start time for /Game/ThirdPersonBP/Maps/UEDPIE_0_ThirdPersonExampleMap 0.732
[2018.03.21-02.46.42:178][580]LogBlueprintUserMessages: Late PlayInEditor Detection: Level '/Game/ThirdPersonBP/Maps/ThirdPersonExampleMap.ThirdPersonExampleMap:PersistentLevel' has LevelScriptBlueprint '/Game/ThirdPersonBP/Maps/ThirdPersonExampleMap.ThirdPersonExampleMap:PersistentLevel.ThirdPersonExampleMap' with GeneratedClass '/Game/ThirdPersonBP/Maps/ThirdPersonExampleMap.ThirdPersonExampleMap_C' with ClassGeneratedBy '/Game/ThirdPersonBP/Maps/ThirdPersonExampleMap.ThirdPersonExampleMap:PersistentLevel.ThirdPersonExampleMap'
[2018.03.21-02.46.42:214][581]LogHMD: Warning:  SteamVR Compositor had an error on present (108)
[2018.03.21-02.46.44:867][702]LogBlueprintUserMessages: Early EndPlayMap Detection: Level '/Game/ThirdPersonBP/Maps/ThirdPersonExampleMap.ThirdPersonExampleMap:PersistentLevel' has LevelScriptBlueprint '/Game/ThirdPersonBP/Maps/ThirdPersonExampleMap.ThirdPersonExampleMap:PersistentLevel.ThirdPersonExampleMap' with GeneratedClass '/Game/ThirdPersonBP/Maps/ThirdPersonExampleMap.ThirdPersonExampleMap_C' with ClassGeneratedBy '/Game/ThirdPersonBP/Maps/ThirdPersonExampleMap.ThirdPersonExampleMap:PersistentLevel.ThirdPersonExampleMap'
[2018.03.21-02.46.44:928][702]LogBlueprintUserMessages: Late EndPlayMap Detection: Level '/Game/ThirdPersonBP/Maps/ThirdPersonExampleMap.ThirdPersonExampleMap:PersistentLevel' has LevelScriptBlueprint '/Game/ThirdPersonBP/Maps/ThirdPersonExampleMap.ThirdPersonExampleMap:PersistentLevel.ThirdPersonExampleMap' with GeneratedClass '/Game/ThirdPersonBP/Maps/ThirdPersonExampleMap.ThirdPersonExampleMap_C' with ClassGeneratedBy '/Game/ThirdPersonBP/Maps/ThirdPersonExampleMap.ThirdPersonExampleMap:PersistentLevel.ThirdPersonExampleMap'
[2018.03.21-02.46.45:552][730]LogBlueprintUserMessages: Early PlayInEditor Detection: Level '/Game/ThirdPersonBP/Maps/ThirdPersonExampleMap.ThirdPersonExampleMap:PersistentLevel' has LevelScriptBlueprint '/Game/ThirdPersonBP/Maps/ThirdPersonExampleMap.ThirdPersonExampleMap:PersistentLevel.ThirdPersonExampleMap' with GeneratedClass '/Game/ThirdPersonBP/Maps/ThirdPersonExampleMap.ThirdPersonExampleMap_C' with ClassGeneratedBy '/Game/ThirdPersonBP/Maps/ThirdPersonExampleMap.ThirdPersonExampleMap:PersistentLevel.ThirdPersonExampleMap'
[2018.03.21-02.46.45:552][730]LogPlayLevel: PlayLevel: No blueprints needed recompiling
[2018.03.21-02.46.45:552][730]PIE: New page: SIE session: ThirdPersonExampleMap (Mar 20, 2018, 12:46:45 PM)
[2018.03.21-02.46.45:553][730]LogPlayLevel: Creating play world package: /Game/ThirdPersonBP/Maps/UEDPIE_0_ThirdPersonExampleMap
[2018.03.21-02.46.45:573][730]LogPlayLevel: PIE: StaticDuplicateObject took: (0.020535s)
[2018.03.21-02.46.45:574][730]LogAIModule: Creating AISystem for world ThirdPersonExampleMap
[2018.03.21-02.46.45:574][730]LogPlayLevel: PIE: World Init took: (0.000830s)
[2018.03.21-02.46.45:574][730]LogPlayLevel: PIE: Created PIE world by copying editor world from /Game/ThirdPersonBP/Maps/ThirdPersonExampleMap.ThirdPersonExampleMap to /Game/ThirdPersonBP/Maps/UEDPIE_0_ThirdPersonExampleMap.ThirdPersonExampleMap (0.021779s)
[2018.03.21-02.46.45:593][730]LogInit: XAudio2 using 'Speakers (HTC Vive)' : 2 channels at 44.1 kHz using 16 bits per sample (channel mask 0x3)
[2018.03.21-02.46.45:603][730]LogInit: FAudioDevice initialized.
[2018.03.21-02.46.45:642][730]LogLoad: Game class is 'ThirdPersonGameMode_C'
[2018.03.21-02.46.45:651][730]LogWorld: Bringing World /Game/ThirdPersonBP/Maps/UEDPIE_0_ThirdPersonExampleMap.ThirdPersonExampleMap up for play (max tick rate 60) at 2018.03.20-19.46.45
[2018.03.21-02.46.45:653][730]LogWorld: Bringing up level for play took: 0.010291
[2018.03.21-02.46.45:656][730]PIE: Play in editor start time for /Game/ThirdPersonBP/Maps/UEDPIE_0_ThirdPersonExampleMap 0.295
[2018.03.21-02.46.45:661][730]LogBlueprintUserMessages: Late PlayInEditor Detection: Level '/Game/ThirdPersonBP/Maps/ThirdPersonExampleMap.ThirdPersonExampleMap:PersistentLevel' has LevelScriptBlueprint '/Game/ThirdPersonBP/Maps/ThirdPersonExampleMap.ThirdPersonExampleMap:PersistentLevel.ThirdPersonExampleMap' with GeneratedClass '/Game/ThirdPersonBP/Maps/ThirdPersonExampleMap.ThirdPersonExampleMap_C' with ClassGeneratedBy '/Game/ThirdPersonBP/Maps/ThirdPersonExampleMap.ThirdPersonExampleMap:PersistentLevel.ThirdPersonExampleMap'
[2018.03.21-02.46.46:465][768]LogSourceControl: Error: P4ERROR: Invalid connection to server.
[2018.03.21-02.46.46:465][768]LogSourceControl: Error: Connect to server failed; check $P4PORT.
TCP connect to perforce:1666 failed.
No such host is known. 

[2018.03.21-02.46.48:074][814]LogStats: FPlatformStackWalk::StackWalkAndDump -  0.428 s
[2018.03.21-02.46.48:074][814]LogOutputDevice: Error: === Handled ensure: ===
[2018.03.21-02.46.48:074][814]LogOutputDevice: Error: 
[2018.03.21-02.46.48:074][814]LogOutputDevice: Error: Ensure condition failed: Y != 0 [File:D:\Build\++UE4+Release-4.18+Compile\Sync\Engine\Source\Runtime\Core\Private\GenericPlatform\GenericPlatformMath.cpp] [Line: 81]
[2018.03.21-02.46.48:074][814]LogOutputDevice: Error: FMath::FMod(X=-26289398069234250408787968.000000, Y=-nan(ind)) : Y is zero, this is invalid and would result in NaN!
[2018.03.21-02.46.48:074][814]LogOutputDevice: Error: Stack: 
[2018.03.21-02.46.48:074][814]LogOutputDevice: Error: [Callstack] 0x0000000000EE2786 UE4Editor-Core.dll!UnknownFunction []
[2018.03.21-02.46.48:074][814]LogOutputDevice: Error: [Callstack] 0x0000000000C8123A UE4Editor-Core.dll!UnknownFunction []
[2018.03.21-02.46.48:074][814]LogOutputDevice: Error: [Callstack] 0x0000000000C9B906 UE4Editor-Core.dll!UnknownFunction []
[2018.03.21-02.46.48:074][814]LogOutputDevice: Error: [Callstack] 0x0000000000B31B95 UE4Editor-Core.dll!UnknownFunction []
[2018.03.21-02.46.48:074][814]LogOutputDevice: Error: [Callstack] 0x00000000F09DB1E1 UE4Editor-Renderer.dll!UnknownFunction []
[2018.03.21-02.46.48:074][814]LogOutputDevice: Error: [Callstack] 0x00000000F099BF0D UE4Editor-Renderer.dll!UnknownFunction []
[2018.03.21-02.46.48:074][814]LogOutputDevice: Error: [Callstack] 0x00000000F09773AD UE4Editor-Renderer.dll!UnknownFunction []
[2018.03.21-02.46.48:074][814]LogOutputDevice: Error: [Callstack] 0x00000000F0977DB9 UE4Editor-Renderer.dll!UnknownFunction []
[2018.03.21-02.46.48:074][814]LogOutputDevice: Error: [Callstack] 0x00000000F045444D UE4Editor-Renderer.dll!UnknownFunction []
[2018.03.21-02.46.48:074][814]LogOutputDevice: Error: [Callstack] 0x00000000F098E9A4 UE4Editor-Renderer.dll!UnknownFunction []
[2018.03.21-02.46.48:074][814]LogOutputDevice: Error: [Callstack] 0x00000000F096DA76 UE4Editor-Renderer.dll!UnknownFunction []
[2018.03.21-02.46.48:074][814]LogOutputDevice: Error: [Callstack] 0x0000000000B44845 UE4Editor-Core.dll!UnknownFunction []
[2018.03.21-02.46.48:074][814]LogOutputDevice: Error: [Callstack] 0x0000000000B44E2A UE4Editor-Core.dll!UnknownFunction []
[2018.03.21-02.46.48:074][814]LogOutputDevice: Error: [Callstack] 0x000000003AD422C4 UE4Editor-RenderCore.dll!UnknownFunction []
[2018.03.21-02.46.48:074][814]LogOutputDevice: Error: [Callstack] 0x000000003AD432F6 UE4Editor-RenderCore.dll!UnknownFunction []
[2018.03.21-02.46.48:074][814]LogOutputDevice: Error: [Callstack] 0x0000000000EE092C UE4Editor-Core.dll!UnknownFunction []
[2018.03.21-02.46.48:074][814]LogOutputDevice: Error: [Callstack] 0x0000000000ED2563 UE4Editor-Core.dll!UnknownFunction []
[2018.03.21-02.46.48:074][814]LogOutputDevice: Error: [Callstack] 0x0000000064101FE4 KERNEL32.DLL!UnknownFunction []
[2018.03.21-02.46.48:074][814]LogOutputDevice: Error: [Callstack] 0x000000006423EFC1 ntdll.dll!UnknownFunction []
[2018.03.21-02.46.48:074][814]LogOutputDevice: Error: 
[2018.03.21-02.46.48:074][814]LogStats:                SubmitErrorReport -  0.000 s
[2018.03.21-02.46.48:429][814]LogStats:                    SendNewReport -  0.355 s
[2018.03.21-02.46.48:429][814]LogStats:             FDebug::EnsureFailed -  0.782 s
[2018.03.21-02.46.48:466][816]LogHMD: Warning:  SteamVR Compositor had an error on present (108)
[2018.03.21-02.47.25:608][805]LogBlueprintUserMessages: Early EndPlayMap Detection: Level '/Game/ThirdPersonBP/Maps/ThirdPersonExampleMap.ThirdPersonExampleMap:PersistentLevel' has LevelScriptBlueprint '/Game/ThirdPersonBP/Maps/ThirdPersonExampleMap.ThirdPersonExampleMap:PersistentLevel.ThirdPersonExampleMap' with GeneratedClass '/Game/ThirdPersonBP/Maps/ThirdPersonExampleMap.ThirdPersonExampleMap_C' with ClassGeneratedBy '/Game/ThirdPersonBP/Maps/ThirdPersonExampleMap.ThirdPersonExampleMap:PersistentLevel.ThirdPersonExampleMap'
[2018.03.21-02.47.25:710][805]LogBlueprintUserMessages: Late EndPlayMap Detection: Level '/Game/ThirdPersonBP/Maps/ThirdPersonExampleMap.ThirdPersonExampleMap:PersistentLevel' has LevelScriptBlueprint '/Game/ThirdPersonBP/Maps/ThirdPersonExampleMap.ThirdPersonExampleMap:PersistentLevel.ThirdPersonExampleMap' with GeneratedClass '/Game/ThirdPersonBP/Maps/ThirdPersonExampleMap.ThirdPersonExampleMap_C' with ClassGeneratedBy '/Game/ThirdPersonBP/Maps/ThirdPersonExampleMap.ThirdPersonExampleMap:PersistentLevel.ThirdPersonExampleMap'
[2018.03.21-02.47.42:688][550]LogMaterial: Missing cached shader map for material LayerVisMaterial, compiling. 
[2018.03.21-02.47.42:707][550]LogMaterial: Missing cached shader map for material LayerVisMaterial, compiling. 
[2018.03.21-02.47.42:736][550]LogMaterial: Missing cached shader map for material SelectBrushMaterial, compiling. 
[2018.03.21-02.47.42:764][550]LogMaterial: Missing cached shader map for material SelectBrushMaterial, compiling. 
[2018.03.21-02.47.42:808][550]LogMaterial: Missing cached shader map for material SelectBrushMaterial, compiling. 
[2018.03.21-02.47.42:828][550]LogMaterial: Missing cached shader map for material SelectBrushMaterial, compiling. 
[2018.03.21-02.47.42:872][550]LogMaterial: Missing cached shader map for material MaskBrushMaterial, compiling. 
[2018.03.21-02.47.42:891][550]LogMaterial: Missing cached shader map for material MaskBrushMaterial, compiling. 
[2018.03.21-02.47.42:910][550]LogMaterial: Missing cached shader map for material MaskBrushMaterial, compiling. 
[2018.03.21-02.47.42:953][550]LogMaterial: Missing cached shader map for material LandscapeLayerUsageMaterial, compiling. 
[2018.03.21-02.47.42:964][550]LogMaterial: Missing cached shader map for material LandscapeLayerUsageMaterial, compiling. 
[2018.03.21-02.47.43:011][550]LogMaterial: Missing cached shader map for material MirrorPlaneMaterial, compiling. 
[2018.03.21-02.47.43:048][550]LogMaterial: Missing cached shader map for material CircleBrushMaterial, compiling. 
[2018.03.21-02.47.43:069][550]LogMaterial: Missing cached shader map for material CircleBrushMaterial, compiling. 
[2018.03.21-02.47.43:090][550]LogMaterial: Missing cached shader map for material CircleBrushMaterial, compiling. 
[2018.03.21-02.47.43:132][550]LogMaterial: Missing cached shader map for material CircleBrushMaterial, compiling. 
[2018.03.21-02.47.43:176][550]LogMaterial: Missing cached shader map for material CircleBrushMaterial, compiling. 
[2018.03.21-02.47.43:200][550]LogMaterial: Missing cached shader map for material CircleBrushMaterial, compiling. 
[2018.03.21-02.47.43:241][550]LogMaterial: Missing cached shader map for material CircleBrushMaterial, compiling. 
[2018.03.21-02.47.43:263][550]LogMaterial: Missing cached shader map for material CircleBrushMaterial, compiling. 
[2018.03.21-02.47.43:311][550]LogMaterial: Missing cached shader map for material AlphaBrushMaterial, compiling. 
[2018.03.21-02.47.43:334][550]LogMaterial: Missing cached shader map for material AlphaBrushMaterial, compiling. 
[2018.03.21-02.47.43:375][550]LogMaterial: Missing cached shader map for material CircleBrushMaterial, compiling. 
[2018.03.21-02.47.43:398][550]LogMaterial: Missing cached shader map for material CircleBrushMaterial, compiling. 
[2018.03.21-02.47.43:443][550]LogMaterial: Missing cached shader map for material MaskBrushMaterial, compiling. 
[2018.03.21-02.47.43:465][550]LogMaterial: Missing cached shader map for material MaskBrushMaterial, compiling. 
[2018.03.21-02.47.43:513][550]LogTexture: Display: Building textures: Texture2D_2 (G8, 128X128)
[2018.03.21-02.47.46:659][550]LogTexture: Display: Building textures: T_Grass02_D (AutoDXT, 1024X1024)
[2018.03.21-02.47.46:659][550]LogTexture: Display: Building textures: T_Dirt_N (BC5, 1024X1024)
[2018.03.21-02.47.46:659][550]LogTexture: Display: Building textures: T_Dirt_D (AutoDXT, 1024X1024)
[2018.03.21-02.47.46:659][550]LogTexture: Display: Building textures: T_Grass01_N (BC5, 2048X2048)
[2018.03.21-02.47.46:659][550]LogTexture: Display: Building textures: T_Grass01_D (AutoDXT, 1024X1024)
[2018.03.21-02.47.46:659][550]LogMaterial: Missing cached shader map for material M_Terrain_Blend_Mobile, compiling. 
[2018.03.21-02.47.46:899][551]LogHMD: Warning:  SteamVR Compositor had an error on present (108)
[2018.03.21-02.47.53:125][825]LogSlate: Took 0.000369 seconds to synchronously load lazily loaded font '../../../Engine/Content/Slate/Fonts/Roboto-Light.ttf' (159K)
[2018.03.21-02.48.01:224][120]LogSourceControl: Error: P4ERROR: Invalid connection to server.
[2018.03.21-02.48.01:224][120]LogSourceControl: Error: Connect to server failed; check $P4PORT.
TCP connect to perforce:1666 failed.
No such host is known. 

[2018.03.21-02.48.04:866][211]LogTexture: Display: Building textures: T_EX_EnvAssets_PineTree1_M (AutoDXT, 1024X2048)
[2018.03.21-02.48.04:866][211]LogTexture: Display: Building textures: T_EX_EnvAssets_PineTree1_D (AutoDXT, 1024X2048)
[2018.03.21-02.48.04:866][211]LogMaterial: Missing cached shader map for material SM_EX_EnvAssets_PineTree, compiling. 
[2018.03.21-02.48.05:024][213]LogHMD: Warning:  SteamVR Compositor had an error on present (108)
[2018.03.21-02.48.05:091][217]LogSourceControl: Error: P4ERROR: Invalid connection to server.
[2018.03.21-02.48.05:091][217]LogSourceControl: Error: Connect to server failed; check $P4PORT.
TCP connect to perforce:1666 failed.
No such host is known. 

[2018.03.21-02.48.19:974][795]LogSourceControl: Error: P4ERROR: Invalid connection to server.
[2018.03.21-02.48.19:974][795]LogSourceControl: Error: Connect to server failed; check $P4PORT.
TCP connect to perforce:1666 failed.
No such host is known. 

[2018.03.21-02.48.25:571][ 45]LogSourceControl: Error: P4ERROR: Invalid connection to server.
[2018.03.21-02.48.25:571][ 45]LogSourceControl: Error: Connect to server failed; check $P4PORT.
TCP connect to perforce:1666 failed.
No such host is known. 

[2018.03.21-02.48.27:474][ 56]LogTexture: Display: Building textures: T_Env_Breakables_Breakables_D (AutoDXT, 1024X1024)
[2018.03.21-02.48.27:474][ 56]LogTexture: Display: Building textures: T_Env_Breakables_Box1_D (AutoDXT, 1024X1024)
[2018.03.21-02.48.27:475][ 56]LogMaterial: Missing cached shader map for material Beakable_Master_MeshEmit, compiling. 
[2018.03.21-02.48.27:665][ 58]LogHMD: Warning:  SteamVR Compositor had an error on present (108)
[2018.03.21-02.48.29:324][131]LogSlate: Took 0.000324 seconds to synchronously load lazily loaded font '../../../Engine/Content/Slate/Fonts/Roboto-Light.ttf' (159K)
[2018.03.21-02.48.29:434][131]LogTexture: Display: Building textures: Texture2D_0 (BGRA8, 512X512)
[2018.03.21-02.48.29:455][131]LogMaterial: Missing cached shader map for material Beakable_Master_MeshEmit, compiling. 
[2018.03.21-02.48.29:756][133]LogHMD: Warning:  SteamVR Compositor had an error on present (108)
[2018.03.21-02.57.04:576][ 30]LogHMD: Warning:  SteamVR Compositor had an error on present (108)
[2018.03.21-02.57.04:906][ 31]LogHMD: Warning:  SteamVR Compositor had an error on present (108)
[2018.03.21-02.57.05:241][ 32]LogHMD: Warning:  SteamVR Compositor had an error on present (108)
[2018.03.21-02.57.05:573][ 33]LogHMD: Warning:  SteamVR Compositor had an error on present (108)
[2018.03.21-02.57.05:906][ 34]LogHMD: Warning:  SteamVR Compositor had an error on present (108)
[2018.03.21-02.57.06:242][ 35]LogHMD: Warning:  SteamVR Compositor had an error on present (108)
[2018.03.21-02.57.06:575][ 36]LogHMD: Warning:  SteamVR Compositor had an error on present (108)
[2018.03.21-02.57.06:904][ 36]LogHMD: Warning:  SteamVR Compositor had an error on present (108)
[2018.03.21-02.57.06:906][ 36]LogEditorViewport: Clicking on Actor (LMB): Brush (Brush)
[2018.03.21-02.57.09:884][ 50]Cmd: QUIT_EDITOR
[2018.03.21-02.57.10:109][ 50]LogWindowsTextInputMethodSystem: Display: IME system now deactivated.
[2018.03.21-02.57.10:109][ 50]LogWindowsTextInputMethodSystem: Display: IME system now deactivated.
[2018.03.21-02.57.10:143][ 50]LogExit: Preparing to exit.
[2018.03.21-02.57.10:716][ 50]LogDirectoryWatcher: A directory notification for 'D:/RiseOfArc/Riseofarc/Content/' was aborted.
[2018.03.21-02.57.10:748][ 50]LogExit: Editor shut down
[2018.03.21-02.57.10:763][ 50]LogExit: Transaction tracking system shut down
[2018.03.21-02.57.11:123][ 50]LogDirectoryWatcher: A directory notification for '../../../Engine/Content/' was aborted.
[2018.03.21-02.57.11:124][ 50]LogDirectoryWatcher: A directory notification for '../../../../../RiseOfArc/Riseofarc/Content/' was aborted.
[2018.03.21-02.57.11:124][ 50]LogDirectoryWatcher: A directory notification for '../../../Engine/Plugins/2D/Paper2D/Content/' was aborted.
[2018.03.21-02.57.11:124][ 50]LogDirectoryWatcher: A directory notification for '../../../Engine/Plugins/Media/MediaCompositing/Content/' was aborted.
[2018.03.21-02.57.11:124][ 50]LogDirectoryWatcher: A directory notification for '../../../Engine/Plugins/Runtime/AppleARKit/Content/' was aborted.
[2018.03.21-02.57.11:124][ 50]LogDirectoryWatcher: A directory notification for '../../../Engine/Plugins/Runtime/Oculus/OculusVR/Content/' was aborted.
[2018.03.21-02.57.11:124][ 50]LogDirectoryWatcher: A directory notification for '../../../Engine/Plugins/Runtime/Steam/SteamVR/Content/' was aborted.
[2018.03.21-02.57.11:204][ 50]LogExit: Object subsystem successfully closed.
[2018.03.21-02.57.11:233][ 50]LogD3D11RHI: Shutdown
[2018.03.21-02.57.11:233][ 50]LogD3D11RHI: CleanupD3DDevice
[2018.03.21-02.57.11:238][ 50]LogD3D11RHI: ~FD3D11DynamicRHI
[2018.03.21-02.57.11:247][ 50]LogModuleManager: Shutting down and abandoning module MovieSceneCapture (550)
[2018.03.21-02.57.11:247][ 50]LogModuleManager: Shutting down and abandoning module HierarchicalLODOutliner (548)
[2018.03.21-02.57.11:247][ 50]LogModuleManager: Shutting down and abandoning module SceneOutliner (546)
[2018.03.21-02.57.11:247][ 50]LogModuleManager: Shutting down and abandoning module AddContentDialog (544)
[2018.03.21-02.57.11:247][ 50]LogDirectoryWatcher: A directory notification for 'D:/Unreal Engine 4/UE_4.18/FeaturePacks/' was aborted.
[2018.03.21-02.57.11:248][ 50]LogModuleManager: Shutting down and abandoning module WidgetCarousel (543)
[2018.03.21-02.57.11:248][ 50]LogModuleManager: Shutting down and abandoning module EditorWidgets (540)
[2018.03.21-02.57.11:248][ 50]LogModuleManager: Shutting down and abandoning module CollectionManager (538)
[2018.03.21-02.57.11:248][ 50]LogDirectoryWatcher: A directory notification for 'D:/RiseOfArc/Riseofarc/Content/Collections/' was aborted.
[2018.03.21-02.57.11:248][ 50]LogDirectoryWatcher: A directory notification for 'D:/RiseOfArc/Riseofarc/Content/Developers/calgo/Collections/' was aborted.
[2018.03.21-02.57.11:248][ 50]LogDirectoryWatcher: A directory notification for 'D:/RiseOfArc/Riseofarc/Saved/Collections/' was aborted.
[2018.03.21-02.57.11:249][ 50]LogModuleManager: Shutting down and abandoning module StatsViewer (536)
[2018.03.21-02.57.11:249][ 50]LogModuleManager: Shutting down and abandoning module FoliageEdit (534)
[2018.03.21-02.57.11:249][ 50]LogModuleManager: Shutting down and abandoning module LandscapeEditor (532)
[2018.03.21-02.57.11:249][ 50]LogModuleManager: Shutting down and abandoning module MeshPaintMode (530)
[2018.03.21-02.57.11:249][ 50]LogModuleManager: Shutting down and abandoning module SceneDepthPickerMode (528)
[2018.03.21-02.57.11:249][ 50]LogModuleManager: Shutting down and abandoning module ActorPickerMode (526)
[2018.03.21-02.57.11:249][ 50]LogModuleManager: Shutting down and abandoning module GeometryMode (524)
[2018.03.21-02.57.11:249][ 50]LogModuleManager: Shutting down and abandoning module TextureAlignMode (522)
[2018.03.21-02.57.11:249][ 50]LogModuleManager: Shutting down and abandoning module BspMode (520)
[2018.03.21-02.57.11:249][ 50]LogModuleManager: Shutting down and abandoning module PIEPreviewDeviceProfileSelector (518)
[2018.03.21-02.57.11:249][ 50]LogModuleManager: Shutting down and abandoning module HardwareSurvey (516)
[2018.03.21-02.57.11:249][ 50]LogModuleManager: Shutting down and abandoning module SequenceRecorderSections (514)
[2018.03.21-02.57.11:249][ 50]LogModuleManager: Shutting down and abandoning module AutomationWorker (512)
[2018.03.21-02.57.11:249][ 50]LogModuleManager: Shutting down and abandoning module MatineeToLevelSequence (510)
[2018.03.21-02.57.11:249][ 50]LogModuleManager: Shutting down and abandoning module LevelSequenceEditor (508)
[2018.03.21-02.57.11:249][ 50]LogModuleManager: Shutting down and abandoning module PlacementMode (507)
[2018.03.21-02.57.11:249][ 50]LogModuleManager: Shutting down and abandoning module WmfMediaFactory (504)
[2018.03.21-02.57.11:249][ 50]LogModuleManager: Shutting down and abandoning module WmfMediaEditor (502)
[2018.03.21-02.57.11:249][ 50]LogModuleManager: Shutting down and abandoning module OpenExrWrapper (500)
[2018.03.21-02.57.11:249][ 50]LogModuleManager: Shutting down and abandoning module ImgMediaFactory (498)
[2018.03.21-02.57.11:249][ 50]LogModuleManager: Shutting down and abandoning module ImgMediaEditor (496)
[2018.03.21-02.57.11:249][ 50]LogModuleManager: Shutting down and abandoning module AvfMediaFactory (494)
[2018.03.21-02.57.11:249][ 50]LogModuleManager: Shutting down and abandoning module AvfMediaEditor (492)
[2018.03.21-02.57.11:250][ 50]LogModuleManager: Shutting down and abandoning module AndroidMediaFactory (490)
[2018.03.21-02.57.11:250][ 50]LogModuleManager: Shutting down and abandoning module AndroidMediaEditor (488)
[2018.03.21-02.57.11:250][ 50]LogModuleManager: Shutting down and abandoning module CharacterAI (486)
[2018.03.21-02.57.11:250][ 50]LogModuleManager: Shutting down and abandoning module AudioCapture (484)
[2018.03.21-02.57.11:250][ 50]LogModuleManager: Shutting down and abandoning module SequenceRecorder (483)
[2018.03.21-02.57.11:250][ 50]LogModuleManager: Shutting down and abandoning module SmartSnapping (480)
[2018.03.21-02.57.11:250][ 50]LogModuleManager: Shutting down and abandoning module SessionServices (478)
[2018.03.21-02.57.11:250][ 50]LogModuleManager: Shutting down and abandoning module ViewportSnapping (476)
[2018.03.21-02.57.11:250][ 50]LogModuleManager: Shutting down and abandoning module ViewportInteraction (474)
[2018.03.21-02.57.11:250][ 50]LogModuleManager: Shutting down and abandoning module ClothPainter (472)
[2018.03.21-02.57.11:250][ 50]LogModuleManager: Shutting down and abandoning module SkeletalMeshEditor (471)
[2018.03.21-02.57.11:250][ 50]LogModuleManager: Shutting down and abandoning module LogVisualizer (468)
[2018.03.21-02.57.11:250][ 50]LogModuleManager: Shutting down and abandoning module IntroTutorials (466)
[2018.03.21-02.57.11:250][ 50]LogModuleManager: Shutting down and abandoning module GameProjectGeneration (465)
[2018.03.21-02.57.11:250][ 50]LogModuleManager: Shutting down and abandoning module IOSPlatformEditor (462)
[2018.03.21-02.57.11:250][ 50]LogModuleManager: Shutting down and abandoning module HTML5PlatformEditor (460)
[2018.03.21-02.57.11:250][ 50]LogModuleManager: Shutting down and abandoning module AndroidPlatformEditor (458)
[2018.03.21-02.57.11:250][ 50]LogModuleManager: Shutting down and abandoning module AndroidDeviceDetection (457)
[2018.03.21-02.57.12:048][ 50]LogModuleManager: Shutting down and abandoning module WindowsPlatformEditor (454)
[2018.03.21-02.57.12:048][ 50]LogModuleManager: Shutting down and abandoning module IOSRuntimeSettings (452)
[2018.03.21-02.57.12:048][ 50]LogModuleManager: Shutting down and abandoning module AndroidRuntimeSettings (450)
[2018.03.21-02.57.12:048][ 50]LogModuleManager: Shutting down and abandoning module InputBindingEditor (448)
[2018.03.21-02.57.12:048][ 50]LogModuleManager: Shutting down and abandoning module MergeActors (446)
[2018.03.21-02.57.12:048][ 50]LogModuleManager: Shutting down and abandoning module SizeMap (444)
[2018.03.21-02.57.12:048][ 50]LogModuleManager: Shutting down and abandoning module TreeMap (442)
[2018.03.21-02.57.12:048][ 50]LogModuleManager: Shutting down and abandoning module ReferenceViewer (440)
[2018.03.21-02.57.12:048][ 50]LogModuleManager: Shutting down and abandoning module LocalizationDashboard (438)
[2018.03.21-02.57.12:048][ 50]LogModuleManager: Shutting down and abandoning module LocalizationService (437)
[2018.03.21-02.57.12:048][ 50]LogModuleManager: Shutting down and abandoning module HardwareTargeting (434)
[2018.03.21-02.57.12:048][ 50]LogModuleManager: Shutting down and abandoning module DeviceProfileEditor (432)
[2018.03.21-02.57.12:048][ 50]LogModuleManager: Shutting down and abandoning module UndoHistory (430)
[2018.03.21-02.57.12:048][ 50]LogModuleManager: Shutting down and abandoning module XmlParser (428)
[2018.03.21-02.57.12:048][ 50]LogModuleManager: Shutting down and abandoning module Blutility (426)
[2018.03.21-02.57.12:048][ 50]LogModuleManager: Shutting down and abandoning module ProjectSettingsViewer (424)
[2018.03.21-02.57.12:048][ 50]LogModuleManager: Shutting down and abandoning module ProjectTargetPlatformEditor (423)
[2018.03.21-02.57.12:049][ 50]LogModuleManager: Shutting down and abandoning module EditorSettingsViewer (420)
[2018.03.21-02.57.12:049][ 50]LogModuleManager: Shutting down and abandoning module SettingsEditor (418)
[2018.03.21-02.57.12:049][ 50]LogModuleManager: Shutting down and abandoning module ProjectLauncher (416)
[2018.03.21-02.57.12:049][ 50]LogModuleManager: Shutting down and abandoning module SessionFrontend (414)
[2018.03.21-02.57.12:049][ 50]LogModuleManager: Shutting down and abandoning module ProfilerClient (412)
[2018.03.21-02.57.12:049][ 50]LogModuleManager: Shutting down and abandoning module DeviceManager (410)
[2018.03.21-02.57.12:049][ 50]LogModuleManager: Shutting down and abandoning module TargetDeviceServices (409)
[2018.03.21-02.57.12:102][ 50]LogModuleManager: Shutting down and abandoning module AutomationController (406)
[2018.03.21-02.57.12:103][ 50]LogModuleManager: Shutting down and abandoning module AutomationWindow (404)
[2018.03.21-02.57.12:103][ 50]LogModuleManager: Shutting down and abandoning module Layers (402)
[2018.03.21-02.57.12:103][ 50]LogModuleManager: Shutting down and abandoning module ComponentVisualizers (400)
[2018.03.21-02.57.12:104][ 50]LogModuleManager: Shutting down and abandoning module DetailCustomizations (398)
[2018.03.21-02.57.12:104][ 50]LogModuleManager: Shutting down and abandoning module PackagesDialog (396)
[2018.03.21-02.57.12:104][ 50]LogModuleManager: Shutting down and abandoning module Persona (394)
[2018.03.21-02.57.12:105][ 50]LogModuleManager: Shutting down and abandoning module AdvancedPreviewScene (393)
[2018.03.21-02.57.12:106][ 50]LogModuleManager: Shutting down and abandoning module AnimGraph (391)
[2018.03.21-02.57.12:106][ 50]LogModuleManager: Shutting down and abandoning module Kismet (388)
[2018.03.21-02.57.12:112][ 50]LogModuleManager: Shutting down and abandoning module ClassViewer (386)
[2018.03.21-02.57.12:113][ 50]LogModuleManager: Shutting down and abandoning module Toolbox (384)
[2018.03.21-02.57.12:113][ 50]LogModuleManager: Shutting down and abandoning module ModuleUI (382)
[2018.03.21-02.57.12:113][ 50]LogModuleManager: Shutting down and abandoning module MovieSceneTools (380)
[2018.03.21-02.57.12:116][ 50]LogModuleManager: Shutting down and abandoning module OutputLog (378)
[2018.03.21-02.57.12:116][ 50]LogModuleManager: Shutting down and abandoning module GammaUI (376)
[2018.03.21-02.57.12:116][ 50]LogModuleManager: Shutting down and abandoning module Documentation (374)
[2018.03.21-02.57.12:118][ 50]LogModuleManager: Shutting down and abandoning module MovieSceneTracks (372)
[2018.03.21-02.57.12:118][ 50]LogModuleManager: Shutting down and abandoning module MovieScene (370)
[2018.03.21-02.57.12:118][ 50]LogModuleManager: Shutting down and abandoning module StreamingPauseRendering (368)
[2018.03.21-02.57.12:118][ 50]LogModuleManager: Shutting down and abandoning module LauncherPlatform (366)
[2018.03.21-02.57.12:118][ 50]LogModuleManager: Shutting down and abandoning module AnalyticsET (364)
[2018.03.21-02.57.12:118][ 50]LogModuleManager: Shutting down and abandoning module PortalServices (362)
[2018.03.21-02.57.12:118][ 50]LogModuleManager: Shutting down and abandoning module PortalRpc (360)
[2018.03.21-02.57.12:118][ 50]LogModuleManager: Shutting down and abandoning module MessagingRpc (358)
[2018.03.21-02.57.12:119][ 50]LogModuleManager: Shutting down and abandoning module AIModule (356)
[2018.03.21-02.57.12:119][ 50]LogModuleManager: Shutting down and abandoning module GameplayDebugger (355)
[2018.03.21-02.57.12:119][ 50]LogModuleManager: Shutting down and abandoning module AITestSuite (353)
[2018.03.21-02.57.12:119][ 50]LogModuleManager: Shutting down and abandoning module DesktopPlatform (350)
[2018.03.21-02.57.12:119][ 50]LogModuleManager: Shutting down and abandoning module ProfilerService (348)
[2018.03.21-02.57.12:148][ 50]LogModuleManager: Shutting down and abandoning module TaskGraph (346)
[2018.03.21-02.57.12:148][ 50]LogModuleManager: Shutting down and abandoning module SteamVRController (344)
[2018.03.21-02.57.12:148][ 50]LogModuleManager: Shutting down and abandoning module ProceduralMeshComponentEditor (342)
[2018.03.21-02.57.12:148][ 50]LogModuleManager: Shutting down and abandoning module ProceduralMeshComponent (340)
[2018.03.21-02.57.12:148][ 50]LogModuleManager: Shutting down and abandoning module OculusInput (338)
[2018.03.21-02.57.12:148][ 50]LogModuleManager: Shutting down and abandoning module MobilePatchingUtils (336)
[2018.03.21-02.57.12:148][ 50]LogModuleManager: Shutting down and abandoning module CustomMeshComponent (334)
[2018.03.21-02.57.12:151][ 50]LogModuleManager: Shutting down and abandoning module CableComponent (332)
[2018.03.21-02.57.12:155][ 50]LogModuleManager: Shutting down and abandoning module ArchVisCharacter (330)
[2018.03.21-02.57.12:155][ 50]LogModuleManager: Shutting down and abandoning module AndroidPermission (328)
[2018.03.21-02.57.12:155][ 50]LogModuleManager: Shutting down and abandoning module ActorSequence (324)
[2018.03.21-02.57.12:155][ 50]LogModuleManager: Shutting down and abandoning module MediaPlayerEditor (322)
[2018.03.21-02.57.12:155][ 50]LogModuleManager: Shutting down and abandoning module MediaCompositingEditor (320)
[2018.03.21-02.57.12:155][ 50]LogModuleManager: Shutting down and abandoning module MediaCompositing (318)
[2018.03.21-02.57.12:155][ 50]LogModuleManager: Shutting down and abandoning module HTML5Networking (316)
[2018.03.21-02.57.12:155][ 50]LogModuleManager: Shutting down and abandoning module AlembicImporter (314)
[2018.03.21-02.57.12:159][ 50]LogModuleManager: Shutting down and abandoning module AlembicLibrary (313)
[2018.03.21-02.57.12:160][ 50]LogModuleManager: Shutting down and abandoning module GeometryCache (312)
[2018.03.21-02.57.12:160][ 50]LogModuleManager: Shutting down and abandoning module GeometryCacheEd (311)
[2018.03.21-02.57.12:160][ 50]LogModuleManager: Shutting down and abandoning module SpeedTreeImporter (306)
[2018.03.21-02.57.12:160][ 50]LogModuleManager: Shutting down and abandoning module PluginBrowser (304)
[2018.03.21-02.57.12:161][ 50]LogModuleManager: Shutting down and abandoning module MobileLauncherProfileWizard (302)
[2018.03.21-02.57.12:161][ 50]LogModuleManager: Shutting down and abandoning module VisualStudioSourceCodeAccess (300)
[2018.03.21-02.57.12:161][ 50]LogModuleManager: Shutting down and abandoning module VisualStudioCodeSourceCodeAccess (298)
[2018.03.21-02.57.12:161][ 50]LogModuleManager: Shutting down and abandoning module UObjectPlugin (296)
[2018.03.21-02.57.12:161][ 50]LogModuleManager: Shutting down and abandoning module SubversionSourceControl (294)
[2018.03.21-02.57.12:161][ 50]LogModuleManager: Shutting down and abandoning module PerforceSourceControl (292)
[2018.03.21-02.57.12:161][ 50]LogModuleManager: Shutting down and abandoning module GitSourceControl (290)
[2018.03.21-02.57.12:161][ 50]LogModuleManager: Shutting down and abandoning module SourceControl (289)
[2018.03.21-02.57.12:161][ 50]LogModuleManager: Shutting down and abandoning module LightPropagationVolumeEditor (286)
[2018.03.21-02.57.12:161][ 50]LogModuleManager: Shutting down and abandoning module PaperTiledImporter (284)
[2018.03.21-02.57.12:161][ 50]LogModuleManager: Shutting down and abandoning module PaperSpriteSheetImporter (282)
[2018.03.21-02.57.12:162][ 50]LogModuleManager: Shutting down and abandoning module Paper2DEditor (280)
[2018.03.21-02.57.12:163][ 50]LogModuleManager: Shutting down and abandoning module MeshPaint (279)
[2018.03.21-02.57.12:163][ 50]LogModuleManager: Shutting down and abandoning module LevelEditor (277)
[2018.03.21-02.57.12:169][ 50]LogModuleManager: Shutting down and abandoning module PixelInspectorModule (276)
[2018.03.21-02.57.12:170][ 50]LogModuleManager: Shutting down and abandoning module MainFrame (274)
[2018.03.21-02.57.12:170][ 50]LogModuleManager: Shutting down and abandoning module HotReload (273)
[2018.03.21-02.57.12:172][ 50]LogModuleManager: Shutting down and abandoning module RuntimePhysXCooking (268)
[2018.03.21-02.57.12:172][ 50]LogModuleManager: Shutting down and abandoning module PhysXVehiclesEditor (266)
[2018.03.21-02.57.12:172][ 50]LogModuleManager: Shutting down and abandoning module PhysXVehicles (264)
[2018.03.21-02.57.12:172][ 50]LogModuleManager: Shutting down and abandoning module OculusEditor (262)
[2018.03.21-02.57.12:172][ 50]LogModuleManager: Shutting down and abandoning module LocationServicesBPLibrary (260)
[2018.03.21-02.57.12:172][ 50]LogModuleManager: Shutting down and abandoning module ImmediatePhysicsEditor (258)
[2018.03.21-02.57.12:172][ 50]LogModuleManager: Shutting down and abandoning module ImmediatePhysics (256)
[2018.03.21-02.57.12:172][ 50]LogModuleManager: Shutting down and abandoning module UdpMessaging (254)
[2018.03.21-02.57.12:273][ 50]LogModuleManager: Shutting down and abandoning module TcpMessaging (252)
[2018.03.21-02.57.12:373][ 50]LogModuleManager: Shutting down and abandoning module GameplayTagsEditor (250)
[2018.03.21-02.57.12:373][ 50]LogModuleManager: Shutting down and abandoning module FacialAnimationEditor (248)
[2018.03.21-02.57.12:373][ 50]LogModuleManager: Shutting down and abandoning module FacialAnimation (246)
[2018.03.21-02.57.12:373][ 50]LogModuleManager: Shutting down and abandoning module AssetManagerEditor (244)
[2018.03.21-02.57.12:373][ 50]LogModuleManager: Shutting down and abandoning module GraphEditor (243)
[2018.03.21-02.57.12:374][ 50]LogModuleManager: Shutting down and abandoning module ContentBrowser (241)
[2018.03.21-02.57.12:375][ 50]LogModuleManager: Shutting down and abandoning module LightPropagationVolumeRuntime (238)
[2018.03.21-02.57.12:375][ 50]LogModuleManager: Shutting down and abandoning module Paper2D (236)
[2018.03.21-02.57.12:375][ 50]LogModuleManager: Shutting down and abandoning module WindowsMoviePlayer (234)
[2018.03.21-02.57.12:375][ 50]LogModuleManager: Shutting down and abandoning module WmfMedia (232)
[2018.03.21-02.57.12:380][ 50]LogModuleManager: Shutting down and abandoning module ImgMedia (230)
[2018.03.21-02.57.12:380][ 50]LogModuleManager: Shutting down and abandoning module PacketHandler (228)
[2018.03.21-02.57.12:380][ 50]LogModuleManager: Shutting down and abandoning module ClothingSystemEditor (226)
[2018.03.21-02.57.12:380][ 50]LogModuleManager: Shutting down and abandoning module ClothingSystemRuntime (224)
[2018.03.21-02.57.12:380][ 50]LogModuleManager: Shutting down and abandoning module MediaAssets (222)
[2018.03.21-02.57.12:380][ 50]LogModuleManager: Shutting down and abandoning module Media (221)
[2018.03.21-02.57.12:387][ 50]LogModuleManager: Shutting down and abandoning module Overlay (218)
[2018.03.21-02.57.12:387][ 50]LogModuleManager: Shutting down and abandoning module OverlayEditor (217)
[2018.03.21-02.57.12:387][ 50]LogModuleManager: Shutting down and abandoning module VREditor (214)
[2018.03.21-02.57.12:387][ 50]LogModuleManager: Shutting down and abandoning module StringTableEditor (212)
[2018.03.21-02.57.12:387][ 50]LogModuleManager: Shutting down and abandoning module GameplayTasksEditor (210)
[2018.03.21-02.57.12:387][ 50]LogModuleManager: Shutting down and abandoning module BehaviorTreeEditor (208)
[2018.03.21-02.57.12:387][ 50]LogModuleManager: Shutting down and abandoning module FunctionalTesting (206)
[2018.03.21-02.57.12:387][ 50]LogModuleManager: Shutting down and abandoning module CollisionAnalyzer (204)
[2018.03.21-02.57.12:387][ 50]LogModuleManager: Shutting down and abandoning module WorkspaceMenuStructure (203)
[2018.03.21-02.57.12:387][ 50]LogModuleManager: Shutting down and abandoning module UMG (200)
[2018.03.21-02.57.12:387][ 50]LogModuleManager: Shutting down and abandoning module UMGEditor (199)
[2018.03.21-02.57.12:387][ 50]LogModuleManager: Shutting down and abandoning module Sequencer (198)
[2018.03.21-02.57.12:387][ 50]LogModuleManager: Shutting down and abandoning module MessageLog (195)
[2018.03.21-02.57.12:387][ 50]LogModuleManager: Shutting down and abandoning module SlateReflector (190)
[2018.03.21-02.57.12:387][ 50]LogModuleManager: Shutting down and abandoning module Slate (188)
[2018.03.21-02.57.12:387][ 50]LogModuleManager: Shutting down and abandoning module EditorStyle (186)
[2018.03.21-02.57.12:391][ 50]LogModuleManager: Shutting down and abandoning module MRMesh (184)
[2018.03.21-02.57.12:391][ 50]LogModuleManager: Shutting down and abandoning module SourceCodeAccess (182)
[2018.03.21-02.57.12:391][ 50]LogModuleManager: Shutting down and abandoning module HeadMountedDisplay (180)
[2018.03.21-02.57.12:391][ 50]LogModuleManager: Shutting down and abandoning module XAudio2 (178)
[2018.03.21-02.57.12:391][ 50]LogModuleManager: Shutting down and abandoning module Networking (176)
[2018.03.21-02.57.12:391][ 50]LogModuleManager: Shutting down and abandoning module Core (172)
[2018.03.21-02.57.12:391][ 50]LogModuleManager: Shutting down and abandoning module LevelSequence (168)
[2018.03.21-02.57.12:391][ 50]LogModuleManager: Shutting down and abandoning module DirectoryWatcher (166)
[2018.03.21-02.57.12:393][ 50]LogModuleManager: Shutting down and abandoning module KismetCompiler (164)
[2018.03.21-02.57.12:393][ 50]LogModuleManager: Shutting down and abandoning module MeshUtilities (162)
[2018.03.21-02.57.12:393][ 50]LogModuleManager: Shutting down and abandoning module MeshMergeUtilities (161)
[2018.03.21-02.57.12:393][ 50]LogModuleManager: Shutting down and abandoning module MeshReductionInterface (160)
[2018.03.21-02.57.12:393][ 50]LogModuleManager: Shutting down and abandoning module SimplygonSwarm (159)
[2018.03.21-02.57.12:393][ 50]LogModuleManager: Shutting down and abandoning module SimplygonMeshReduction (157)
[2018.03.21-02.57.12:393][ 50]LogModuleManager: Shutting down and abandoning module QuadricMeshReduction (155)
[2018.03.21-02.57.12:393][ 50]LogModuleManager: Shutting down and abandoning module MaterialBaking (151)
[2018.03.21-02.57.12:393][ 50]LogModuleManager: Shutting down and abandoning module DerivedDataCache (148)
[2018.03.21-02.57.12:397][ 50]LogDerivedDataCache: Shutdown
[2018.03.21-02.57.12:397][ 50]LogModuleManager: Shutting down and abandoning module TargetPlatform (146)
[2018.03.21-02.57.12:397][ 50]LogModuleManager: Shutting down and abandoning module VulkanShaderFormat (145)
[2018.03.21-02.57.12:397][ 50]LogModuleManager: Shutting down and abandoning module ShaderFormatVectorVM (143)
[2018.03.21-02.57.12:397][ 50]LogModuleManager: Shutting down and abandoning module ShaderFormatOpenGL (141)
[2018.03.21-02.57.12:397][ 50]LogModuleManager: Shutting down and abandoning module ShaderFormatD3D (139)
[2018.03.21-02.57.12:397][ 50]LogModuleManager: Shutting down and abandoning module MetalShaderFormat (137)
[2018.03.21-02.57.12:397][ 50]LogModuleManager: Shutting down and abandoning module TextureFormatUncompressed (135)
[2018.03.21-02.57.12:397][ 50]LogModuleManager: Shutting down and abandoning module TextureFormatPVR (133)
[2018.03.21-02.57.12:398][ 50]LogModuleManager: Shutting down and abandoning module TextureFormatDXT (131)
[2018.03.21-02.57.12:398][ 50]LogModuleManager: Shutting down and abandoning module TextureFormatIntelISPCTexComp (129)
[2018.03.21-02.57.12:398][ 50]LogModuleManager: Shutting down and abandoning module TextureFormatASTC (127)
[2018.03.21-02.57.12:398][ 50]LogModuleManager: Shutting down and abandoning module ImageWrapper (126)
[2018.03.21-02.57.12:398][ 50]LogModuleManager: Shutting down and abandoning module TextureFormatAndroid (123)
[2018.03.21-02.57.12:398][ 50]LogModuleManager: Shutting down and abandoning module AudioFormatOpus (121)
[2018.03.21-02.57.12:398][ 50]LogModuleManager: Shutting down and abandoning module AudioFormatOgg (119)
[2018.03.21-02.57.12:398][ 50]LogModuleManager: Shutting down and abandoning module AudioFormatADPCM (117)
[2018.03.21-02.57.12:398][ 50]LogModuleManager: Shutting down and abandoning module LinuxTargetPlatform (115)
[2018.03.21-02.57.12:398][ 50]LogModuleManager: Shutting down and abandoning module LinuxServerTargetPlatform (113)
[2018.03.21-02.57.12:398][ 50]LogModuleManager: Shutting down and abandoning module LinuxNoEditorTargetPlatform (111)
[2018.03.21-02.57.12:398][ 50]LogModuleManager: Shutting down and abandoning module LinuxClientTargetPlatform (109)
[2018.03.21-02.57.12:398][ 50]LogModuleManager: Shutting down and abandoning module TVOSTargetPlatform (107)
[2018.03.21-02.57.12:398][ 50]LogModuleManager: Shutting down and abandoning module Messaging (105)
[2018.03.21-02.57.12:398][ 50]LogModuleManager: Shutting down and abandoning module IOSTargetPlatform (103)
[2018.03.21-02.57.12:398][ 50]LogModuleManager: Shutting down and abandoning module HTML5TargetPlatform (101)
[2018.03.21-02.57.12:398][ 50]LogModuleManager: Shutting down and abandoning module AndroidTargetPlatform (99)
[2018.03.21-02.57.12:398][ 50]LogModuleManager: Shutting down and abandoning module Android_PVRTCTargetPlatform (97)
[2018.03.21-02.57.12:398][ 50]LogModuleManager: Shutting down and abandoning module Android_MultiTargetPlatform (95)
[2018.03.21-02.57.12:398][ 50]LogModuleManager: Shutting down and abandoning module Android_ETC2TargetPlatform (93)
[2018.03.21-02.57.12:398][ 50]LogModuleManager: Shutting down and abandoning module Android_ETC1TargetPlatform (91)
[2018.03.21-02.57.12:398][ 50]LogModuleManager: Shutting down and abandoning module Android_DXTTargetPlatform (89)
[2018.03.21-02.57.12:398][ 50]LogModuleManager: Shutting down and abandoning module Android_ATCTargetPlatform (87)
[2018.03.21-02.57.12:398][ 50]LogModuleManager: Shutting down and abandoning module Android_ASTCTargetPlatform (85)
[2018.03.21-02.57.12:398][ 50]LogModuleManager: Shutting down and abandoning module WindowsTargetPlatform (83)
[2018.03.21-02.57.12:398][ 50]LogModuleManager: Shutting down and abandoning module WindowsServerTargetPlatform (81)
[2018.03.21-02.57.12:398][ 50]LogModuleManager: Shutting down and abandoning module WindowsNoEditorTargetPlatform (79)
[2018.03.21-02.57.12:398][ 50]LogModuleManager: Shutting down and abandoning module WindowsClientTargetPlatform (77)
[2018.03.21-02.57.12:398][ 50]LogModuleManager: Shutting down and abandoning module MacTargetPlatform (75)
[2018.03.21-02.57.12:398][ 50]LogModuleManager: Shutting down and abandoning module MacServerTargetPlatform (73)
[2018.03.21-02.57.12:398][ 50]LogModuleManager: Shutting down and abandoning module MacNoEditorTargetPlatform (71)
[2018.03.21-02.57.12:399][ 50]LogModuleManager: Shutting down and abandoning module MacClientTargetPlatform (69)
[2018.03.21-02.57.12:399][ 50]LogModuleManager: Shutting down and abandoning module AllDesktopTargetPlatform (67)
[2018.03.21-02.57.12:399][ 50]LogModuleManager: Shutting down and abandoning module InputCore (64)
[2018.03.21-02.57.12:399][ 50]LogModuleManager: Shutting down and abandoning module Settings (62)
[2018.03.21-02.57.12:399][ 50]LogModuleManager: Shutting down and abandoning module PhysXCooking (60)
[2018.03.21-02.57.12:399][ 50]LogModuleManager: Shutting down and abandoning module SteamVR (58)
[2018.03.21-02.57.12:399][ 50]LogModuleManager: Shutting down and abandoning module OculusHMD (56)
[2018.03.21-02.57.12:399][ 50]LogModuleManager: Shutting down and abandoning module ExampleDeviceProfileSelector (54)
[2018.03.21-02.57.12:399][ 50]LogModuleManager: Shutting down and abandoning module AppleARKit (52)
[2018.03.21-02.57.12:399][ 50]LogModuleManager: Shutting down and abandoning module AugmentedReality (51)
[2018.03.21-02.57.12:399][ 50]LogModuleManager: Shutting down and abandoning module OnlineBlueprintSupport (48)
[2018.03.21-02.57.12:399][ 50]LogModuleManager: Shutting down and abandoning module OnlineSubsystem (44)
[2018.03.21-02.57.12:399][ 50]LogModuleManager: Shutting down and abandoning module XMPP (43)
[2018.03.21-02.57.12:399][ 50]LogModuleManager: Shutting down and abandoning module HTTP (41)
[2018.03.21-02.57.12:399][ 50]LogHttp: Display: Http module shutting down, but needs to wait on 1 outstanding Http requests:
[2018.03.21-02.57.12:399][ 50]LogHttp: Display: 	verb=[POST] url=[https://datarouter.ol.epicgames.com/datarouter/api/v1/public/data?SessionID=%7B58CF9978-4851-1864-9D2E-50BD0550A863%7D&AppID=UEEditor.Rocket.Release&AppVersion=4.18.3-3832480%2B%2B%2BUE4%2BRelease-4.18&UserID=0f9568c04c51a61bb3b127b574b9c140%7C6c56364a645742e78064c67609efb832%7C92f4f453-564f-41d1-b761-a77c7aff6901&AppEnvironment=datacollector-binary&UploadType=eteventstream] status=Processing
[2018.03.21-02.57.12:428][ 50]LogModuleManager: Shutting down and abandoning module SSL (40)
[2018.03.21-02.57.12:429][ 50]LogModuleManager: Shutting down and abandoning module AnimationModifiers (36)
[2018.03.21-02.57.12:429][ 50]LogModuleManager: Shutting down and abandoning module PropertyEditor (35)
[2018.03.21-02.57.12:429][ 50]LogModuleManager: Shutting down and abandoning module AudioEditor (32)
[2018.03.21-02.57.12:429][ 50]LogModuleManager: Shutting down and abandoning module TextureCompressor (30)
[2018.03.21-02.57.12:429][ 50]LogModuleManager: Shutting down and abandoning module ShaderCore (28)
[2018.03.21-02.57.12:429][ 50]LogModuleManager: Shutting down and abandoning module Landscape (26)
[2018.03.21-02.57.12:429][ 50]LogModuleManager: Shutting down and abandoning module SlateRHIRenderer (24)
[2018.03.21-02.57.12:430][ 50]LogModuleManager: Shutting down and abandoning module OpenGLDrv (22)
[2018.03.21-02.57.12:430][ 50]LogModuleManager: Shutting down and abandoning module D3D11RHI (20)
[2018.03.21-02.57.12:430][ 50]LogModuleManager: Shutting down and abandoning module AnimGraphRuntime (18)
[2018.03.21-02.57.12:430][ 50]LogModuleManager: Shutting down and abandoning module Renderer (16)
[2018.03.21-02.57.12:430][ 50]LogModuleManager: Shutting down and abandoning module Engine (14)
[2018.03.21-02.57.12:430][ 50]LogModuleManager: Shutting down and abandoning module CoreUObject (12)
[2018.03.21-02.57.12:430][ 50]LogModuleManager: Shutting down and abandoning module NetworkFile (10)
[2018.03.21-02.57.12:430][ 50]LogModuleManager: Shutting down and abandoning module CookedIterativeFile (8)
[2018.03.21-02.57.12:430][ 50]LogModuleManager: Shutting down and abandoning module StreamingFile (6)
[2018.03.21-02.57.12:430][ 50]LogModuleManager: Shutting down and abandoning module SandboxFile (4)
[2018.03.21-02.57.12:430][ 50]LogModuleManager: Shutting down and abandoning module PakFile (2)
[2018.03.21-02.57.12:435][ 50]LogExit: Exiting.
[2018.03.21-02.57.12:453][ 50]Log file closed, 03/20/18 19:57:12
